{"D:\\dotpassport\\backend\\src\\app.ts": {"path":"D:\\dotpassport\\backend\\src\\app.ts","statementMap":{"0":{"start":{"line":24,"column":0},"end":{"line":24,"column":16}},"1":{"start":{"line":1,"column":0},"end":{"line":1,"column":30}},"2":{"start":{"line":2,"column":0},"end":{"line":2,"column":24}},"3":{"start":{"line":3,"column":0},"end":{"line":3,"column":28}},"4":{"start":{"line":4,"column":0},"end":{"line":4,"column":43}},"5":{"start":{"line":5,"column":0},"end":{"line":5,"column":43}},"6":{"start":{"line":6,"column":0},"end":{"line":6,"column":38}},"7":{"start":{"line":7,"column":0},"end":{"line":7,"column":20}},"8":{"start":{"line":8,"column":0},"end":{"line":8,"column":24}},"9":{"start":{"line":9,"column":0},"end":{"line":9,"column":27}},"10":{"start":{"line":11,"column":0},"end":{"line":11,"column":55}},"11":{"start":{"line":12,"column":0},"end":{"line":12,"column":59}},"12":{"start":{"line":13,"column":0},"end":{"line":13,"column":57}},"13":{"start":{"line":14,"column":0},"end":{"line":14,"column":45}},"14":{"start":{"line":15,"column":0},"end":{"line":15,"column":45}},"15":{"start":{"line":16,"column":0},"end":{"line":16,"column":47}},"16":{"start":{"line":17,"column":0},"end":{"line":17,"column":47}},"17":{"start":{"line":18,"column":0},"end":{"line":18,"column":63}},"18":{"start":{"line":19,"column":0},"end":{"line":19,"column":65}},"19":{"start":{"line":20,"column":0},"end":{"line":20,"column":61}},"20":{"start":{"line":21,"column":0},"end":{"line":21,"column":69}},"21":{"start":{"line":25,"column":14},"end":{"line":25,"column":23}},"22":{"start":{"line":28,"column":2},"end":{"line":28,"column":25}},"23":{"start":{"line":31,"column":2},"end":{"line":31,"column":25}},"24":{"start":{"line":33,"column":2},"end":{"line":33,"column":26}},"25":{"start":{"line":34,"column":2},"end":{"line":34,"column":50}},"26":{"start":{"line":35,"column":2},"end":{"line":35,"column":20}},"27":{"start":{"line":38,"column":2},"end":{"line":43,"column":5}},"28":{"start":{"line":39,"column":4},"end":{"line":39,"column":86}},"29":{"start":{"line":40,"column":4},"end":{"line":40,"column":34}},"30":{"start":{"line":41,"column":4},"end":{"line":41,"column":28}},"31":{"start":{"line":42,"column":4},"end":{"line":42,"column":11}},"32":{"start":{"line":46,"column":2},"end":{"line":51,"column":5}},"33":{"start":{"line":47,"column":4},"end":{"line":49,"column":5}},"34":{"start":{"line":48,"column":6},"end":{"line":48,"column":20}},"35":{"start":{"line":50,"column":4},"end":{"line":50,"column":101}},"36":{"start":{"line":54,"column":2},"end":{"line":60,"column":4}},"37":{"start":{"line":63,"column":2},"end":{"line":63,"column":25}},"38":{"start":{"line":66,"column":19},"end":{"line":66,"column":63}},"39":{"start":{"line":67,"column":23},"end":{"line":67,"column":56}},"40":{"start":{"line":68,"column":26},"end":{"line":68,"column":71}},"41":{"start":{"line":71,"column":2},"end":{"line":75,"column":4}},"42":{"start":{"line":78,"column":2},"end":{"line":78,"column":49}},"43":{"start":{"line":79,"column":2},"end":{"line":79,"column":49}},"44":{"start":{"line":80,"column":2},"end":{"line":80,"column":51}},"45":{"start":{"line":81,"column":2},"end":{"line":81,"column":51}},"46":{"start":{"line":84,"column":2},"end":{"line":84,"column":66}},"47":{"start":{"line":87,"column":2},"end":{"line":87,"column":55}},"48":{"start":{"line":90,"column":2},"end":{"line":90,"column":36}},"49":{"start":{"line":93,"column":2},"end":{"line":93,"column":38}},"50":{"start":{"line":96,"column":2},"end":{"line":96,"column":56}},"51":{"start":{"line":96,"column":30},"end":{"line":96,"column":54}},"52":{"start":{"line":97,"column":2},"end":{"line":97,"column":52}},"53":{"start":{"line":97,"column":36},"end":{"line":97,"column":50}},"54":{"start":{"line":100,"column":2},"end":{"line":105,"column":5}},"55":{"start":{"line":101,"column":16},"end":{"line":101,"column":38}},"56":{"start":{"line":103,"column":4},"end":{"line":103,"column":25}},"57":{"start":{"line":104,"column":4},"end":{"line":104,"column":14}},"58":{"start":{"line":108,"column":2},"end":{"line":108,"column":24}},"59":{"start":{"line":110,"column":2},"end":{"line":110,"column":13}}},"fnMap":{"0":{"name":"createApp","decl":{"start":{"line":24,"column":16},"end":{"line":24,"column":25}},"loc":{"start":{"line":24,"column":25},"end":{"line":111,"column":1}}},"1":{"name":"(anonymous_2)","decl":{"start":{"line":38,"column":18},"end":{"line":38,"column":19}},"loc":{"start":{"line":38,"column":38},"end":{"line":43,"column":3}}},"2":{"name":"(anonymous_3)","decl":{"start":{"line":46,"column":10},"end":{"line":46,"column":11}},"loc":{"start":{"line":46,"column":29},"end":{"line":51,"column":3}}},"3":{"name":"(anonymous_4)","decl":{"start":{"line":96,"column":15},"end":{"line":96,"column":16}},"loc":{"start":{"line":96,"column":30},"end":{"line":96,"column":54}}},"4":{"name":"(anonymous_5)","decl":{"start":{"line":97,"column":21},"end":{"line":97,"column":22}},"loc":{"start":{"line":97,"column":36},"end":{"line":97,"column":50}}},"5":{"name":"(anonymous_6)","decl":{"start":{"line":100,"column":10},"end":{"line":100,"column":11}},"loc":{"start":{"line":100,"column":31},"end":{"line":105,"column":3}}}},"branchMap":{"0":{"loc":{"start":{"line":47,"column":4},"end":{"line":49,"column":5}},"type":"if","locations":[{"start":{"line":47,"column":4},"end":{"line":49,"column":5}},{"start":{},"end":{}}]}},"s":{"0":5,"1":5,"2":5,"3":5,"4":5,"5":5,"6":5,"7":5,"8":5,"9":5,"10":5,"11":5,"12":5,"13":5,"14":5,"15":5,"16":5,"17":5,"18":5,"19":5,"20":5,"21":5,"22":5,"23":5,"24":5,"25":5,"26":5,"27":5,"28":129,"29":129,"30":129,"31":129,"32":5,"33":129,"34":28,"35":101,"36":5,"37":5,"38":5,"39":5,"40":5,"41":5,"42":5,"43":5,"44":5,"45":5,"46":5,"47":5,"48":5,"49":5,"50":5,"51":0,"52":5,"53":0,"54":5,"55":0,"56":0,"57":0,"58":5,"59":5},"f":{"0":5,"1":129,"2":129,"3":0,"4":0,"5":0},"b":{"0":[28,101]}}
,"D:\\dotpassport\\backend\\src\\config\\index.ts": {"path":"D:\\dotpassport\\backend\\src\\config\\index.ts","statementMap":{"0":{"start":{"line":1,"column":0},"end":{"line":1,"column":40}},"1":{"start":{"line":2,"column":0},"end":{"line":2,"column":40}},"2":{"start":{"line":3,"column":0},"end":{"line":3,"column":28}},"3":{"start":{"line":5,"column":0},"end":{"line":5,"column":16}},"4":{"start":{"line":6,"column":45},"end":{"line":6,"column":53}},"5":{"start":{"line":8,"column":13},"end":{"line":8,"column":78}},"6":{"start":{"line":9,"column":13},"end":{"line":9,"column":37}},"7":{"start":{"line":10,"column":13},"end":{"line":13,"column":45}},"8":{"start":{"line":15,"column":15},"end":{"line":28,"column":2}},"9":{"start":{"line":30,"column":18},"end":{"line":30,"column":29}},"10":{"start":{"line":31,"column":0},"end":{"line":31,"column":35}},"11":{"start":{"line":32,"column":13},"end":{"line":32,"column":43}},"12":{"start":{"line":33,"column":13},"end":{"line":33,"column":47}},"13":{"start":{"line":35,"column":13},"end":{"line":35,"column":32}},"14":{"start":{"line":37,"column":13},"end":{"line":37,"column":53}},"15":{"start":{"line":39,"column":13},"end":{"line":39,"column":72}}},"fnMap":{},"branchMap":{"0":{"loc":{"start":{"line":8,"column":20},"end":{"line":8,"column":77}},"type":"binary-expr","locations":[{"start":{"line":8,"column":20},"end":{"line":8,"column":53}},{"start":{"line":8,"column":57},"end":{"line":8,"column":77}}]},"1":{"loc":{"start":{"line":11,"column":2},"end":{"line":13,"column":44}},"type":"cond-expr","locations":[{"start":{"line":12,"column":7},"end":{"line":12,"column":39}},{"start":{"line":13,"column":7},"end":{"line":13,"column":44}}]}},"s":{"0":12,"1":12,"2":12,"3":12,"4":12,"5":12,"6":12,"7":12,"8":12,"9":12,"10":12,"11":12,"12":12,"13":12,"14":12,"15":12},"f":{},"b":{"0":[12,0],"1":[0,12]}}
,"D:\\dotpassport\\backend\\src\\constant\\index.ts": {"path":"D:\\dotpassport\\backend\\src\\constant\\index.ts","statementMap":{"0":{"start":{"line":1,"column":13},"end":{"line":1,"column":59}},"1":{"start":{"line":2,"column":13},"end":{"line":2,"column":75}},"2":{"start":{"line":3,"column":13},"end":{"line":3,"column":60}}},"fnMap":{},"branchMap":{},"s":{"0":18,"1":18,"2":18},"f":{},"b":{}}
,"D:\\dotpassport\\backend\\src\\controller\\authController.ts": {"path":"D:\\dotpassport\\backend\\src\\controller\\authController.ts","statementMap":{"0":{"start":{"line":20,"column":0},"end":{"line":20,"column":7}},"1":{"start":{"line":46,"column":0},"end":{"line":46,"column":7}},"2":{"start":{"line":193,"column":0},"end":{"line":193,"column":7}},"3":{"start":{"line":314,"column":0},"end":{"line":314,"column":7}},"4":{"start":{"line":346,"column":0},"end":{"line":346,"column":7}},"5":{"start":{"line":4,"column":0},"end":{"line":4,"column":56}},"6":{"start":{"line":5,"column":0},"end":{"line":5,"column":31}},"7":{"start":{"line":6,"column":0},"end":{"line":6,"column":37}},"8":{"start":{"line":7,"column":0},"end":{"line":7,"column":48}},"9":{"start":{"line":8,"column":0},"end":{"line":8,"column":47}},"10":{"start":{"line":9,"column":0},"end":{"line":9,"column":40}},"11":{"start":{"line":10,"column":0},"end":{"line":10,"column":79}},"12":{"start":{"line":11,"column":0},"end":{"line":11,"column":28}},"13":{"start":{"line":12,"column":0},"end":{"line":12,"column":47}},"14":{"start":{"line":13,"column":0},"end":{"line":13,"column":62}},"15":{"start":{"line":14,"column":0},"end":{"line":14,"column":53}},"16":{"start":{"line":16,"column":0},"end":{"line":16,"column":65}},"17":{"start":{"line":25,"column":22},"end":{"line":25,"column":30}},"18":{"start":{"line":27,"column":16},"end":{"line":27,"column":54}},"19":{"start":{"line":29,"column":20},"end":{"line":29,"column":56}},"20":{"start":{"line":32,"column":18},"end":{"line":32,"column":59}},"21":{"start":{"line":34,"column":2},"end":{"line":42,"column":3}},"22":{"start":{"line":36,"column":4},"end":{"line":36,"column":70}},"23":{"start":{"line":38,"column":4},"end":{"line":38,"column":33}},"24":{"start":{"line":40,"column":4},"end":{"line":40,"column":61}},"25":{"start":{"line":41,"column":4},"end":{"line":41,"column":68}},"26":{"start":{"line":51,"column":42},"end":{"line":51,"column":50}},"27":{"start":{"line":53,"column":2},"end":{"line":190,"column":3}},"28":{"start":{"line":55,"column":17},"end":{"line":59,"column":6}},"29":{"start":{"line":60,"column":4},"end":{"line":62,"column":5}},"30":{"start":{"line":61,"column":6},"end":{"line":61,"column":65}},"31":{"start":{"line":63,"column":4},"end":{"line":65,"column":5}},"32":{"start":{"line":64,"column":6},"end":{"line":64,"column":52}},"33":{"start":{"line":66,"column":4},"end":{"line":68,"column":5}},"34":{"start":{"line":67,"column":6},"end":{"line":67,"column":51}},"35":{"start":{"line":71,"column":24},"end":{"line":71,"column":68}},"36":{"start":{"line":72,"column":4},"end":{"line":74,"column":5}},"37":{"start":{"line":73,"column":6},"end":{"line":73,"column":52}},"38":{"start":{"line":76,"column":4},"end":{"line":76,"column":58}},"39":{"start":{"line":79,"column":4},"end":{"line":79,"column":21}},"40":{"start":{"line":80,"column":4},"end":{"line":80,"column":29}},"41":{"start":{"line":81,"column":4},"end":{"line":81,"column":22}},"42":{"start":{"line":84,"column":15},"end":{"line":84,"column":57}},"43":{"start":{"line":85,"column":22},"end":{"line":85,"column":27}},"44":{"start":{"line":86,"column":32},"end":{"line":86,"column":79}},"45":{"start":{"line":88,"column":4},"end":{"line":95,"column":5}},"46":{"start":{"line":90,"column":6},"end":{"line":90,"column":57}},"47":{"start":{"line":91,"column":11},"end":{"line":95,"column":5}},"48":{"start":{"line":94,"column":6},"end":{"line":94,"column":35}},"49":{"start":{"line":98,"column":4},"end":{"line":100,"column":5}},"50":{"start":{"line":99,"column":6},"end":{"line":99,"column":70}},"51":{"start":{"line":103,"column":18},"end":{"line":103,"column":59}},"52":{"start":{"line":104,"column":4},"end":{"line":106,"column":5}},"53":{"start":{"line":105,"column":6},"end":{"line":105,"column":57}},"54":{"start":{"line":109,"column":4},"end":{"line":154,"column":5}},"55":{"start":{"line":110,"column":6},"end":{"line":153,"column":7}},"56":{"start":{"line":112,"column":44},"end":{"line":113,"column":null}},"57":{"start":{"line":115,"column":8},"end":{"line":115,"column":63}},"58":{"start":{"line":116,"column":28},"end":{"line":116,"column":50}},"59":{"start":{"line":119,"column":8},"end":{"line":147,"column":9}},"60":{"start":{"line":120,"column":49},"end":{"line":133,"column":12}},"61":{"start":{"line":135,"column":10},"end":{"line":135,"column":55}},"62":{"start":{"line":138,"column":10},"end":{"line":146,"column":11}},"63":{"start":{"line":139,"column":12},"end":{"line":139,"column":77}},"64":{"start":{"line":140,"column":12},"end":{"line":141,"column":68}},"65":{"start":{"line":141,"column":14},"end":{"line":141,"column":68}},"66":{"start":{"line":142,"column":12},"end":{"line":143,"column":71}},"67":{"start":{"line":143,"column":14},"end":{"line":143,"column":71}},"68":{"start":{"line":144,"column":12},"end":{"line":145,"column":69}},"69":{"start":{"line":145,"column":14},"end":{"line":145,"column":69}},"70":{"start":{"line":149,"column":8},"end":{"line":152,"column":11}},"71":{"start":{"line":157,"column":4},"end":{"line":157,"column":25}},"72":{"start":{"line":160,"column":4},"end":{"line":160,"column":49}},"73":{"start":{"line":161,"column":4},"end":{"line":161,"column":32}},"74":{"start":{"line":163,"column":17},"end":{"line":169,"column":6}},"75":{"start":{"line":171,"column":4},"end":{"line":171,"column":55}},"76":{"start":{"line":172,"column":4},"end":{"line":172,"column":22}},"77":{"start":{"line":175,"column":24},"end":{"line":175,"column":52}},"78":{"start":{"line":176,"column":25},"end":{"line":176,"column":54}},"79":{"start":{"line":178,"column":4},"end":{"line":182,"column":7}},"80":{"start":{"line":184,"column":4},"end":{"line":184,"column":59}},"81":{"start":{"line":186,"column":4},"end":{"line":188,"column":5}},"82":{"start":{"line":187,"column":6},"end":{"line":187,"column":23}},"83":{"start":{"line":189,"column":4},"end":{"line":189,"column":61}},"84":{"start":{"line":198,"column":22},"end":{"line":198,"column":30}},"85":{"start":{"line":200,"column":2},"end":{"line":310,"column":3}},"86":{"start":{"line":203,"column":15},"end":{"line":203,"column":57}},"87":{"start":{"line":204,"column":22},"end":{"line":204,"column":27}},"88":{"start":{"line":205,"column":32},"end":{"line":205,"column":79}},"89":{"start":{"line":207,"column":4},"end":{"line":214,"column":5}},"90":{"start":{"line":209,"column":6},"end":{"line":209,"column":57}},"91":{"start":{"line":210,"column":11},"end":{"line":214,"column":5}},"92":{"start":{"line":213,"column":6},"end":{"line":213,"column":35}},"93":{"start":{"line":217,"column":4},"end":{"line":219,"column":5}},"94":{"start":{"line":218,"column":6},"end":{"line":218,"column":70}},"95":{"start":{"line":222,"column":18},"end":{"line":222,"column":59}},"96":{"start":{"line":223,"column":4},"end":{"line":225,"column":5}},"97":{"start":{"line":224,"column":6},"end":{"line":224,"column":57}},"98":{"start":{"line":228,"column":4},"end":{"line":273,"column":5}},"99":{"start":{"line":229,"column":6},"end":{"line":272,"column":7}},"100":{"start":{"line":231,"column":44},"end":{"line":232,"column":null}},"101":{"start":{"line":234,"column":8},"end":{"line":234,"column":63}},"102":{"start":{"line":235,"column":28},"end":{"line":235,"column":50}},"103":{"start":{"line":238,"column":8},"end":{"line":266,"column":9}},"104":{"start":{"line":239,"column":49},"end":{"line":252,"column":12}},"105":{"start":{"line":254,"column":10},"end":{"line":254,"column":55}},"106":{"start":{"line":257,"column":10},"end":{"line":265,"column":11}},"107":{"start":{"line":258,"column":12},"end":{"line":258,"column":77}},"108":{"start":{"line":259,"column":12},"end":{"line":260,"column":68}},"109":{"start":{"line":260,"column":14},"end":{"line":260,"column":68}},"110":{"start":{"line":261,"column":12},"end":{"line":262,"column":71}},"111":{"start":{"line":262,"column":14},"end":{"line":262,"column":71}},"112":{"start":{"line":263,"column":12},"end":{"line":264,"column":69}},"113":{"start":{"line":264,"column":14},"end":{"line":264,"column":69}},"114":{"start":{"line":268,"column":8},"end":{"line":271,"column":11}},"115":{"start":{"line":276,"column":4},"end":{"line":276,"column":25}},"116":{"start":{"line":279,"column":4},"end":{"line":279,"column":49}},"117":{"start":{"line":280,"column":4},"end":{"line":280,"column":32}},"118":{"start":{"line":281,"column":4},"end":{"line":281,"column":25}},"119":{"start":{"line":283,"column":17},"end":{"line":289,"column":6}},"120":{"start":{"line":291,"column":4},"end":{"line":291,"column":55}},"121":{"start":{"line":292,"column":4},"end":{"line":292,"column":22}},"122":{"start":{"line":295,"column":24},"end":{"line":295,"column":52}},"123":{"start":{"line":296,"column":25},"end":{"line":296,"column":54}},"124":{"start":{"line":298,"column":4},"end":{"line":302,"column":7}},"125":{"start":{"line":304,"column":4},"end":{"line":304,"column":59}},"126":{"start":{"line":306,"column":4},"end":{"line":308,"column":5}},"127":{"start":{"line":307,"column":6},"end":{"line":307,"column":23}},"128":{"start":{"line":309,"column":4},"end":{"line":309,"column":61}},"129":{"start":{"line":319,"column":21},"end":{"line":319,"column":46}},"130":{"start":{"line":320,"column":2},"end":{"line":323,"column":3}},"131":{"start":{"line":321,"column":4},"end":{"line":321,"column":41}},"132":{"start":{"line":322,"column":4},"end":{"line":322,"column":52}},"133":{"start":{"line":325,"column":26},"end":{"line":325,"column":47}},"134":{"start":{"line":326,"column":2},"end":{"line":329,"column":3}},"135":{"start":{"line":327,"column":4},"end":{"line":327,"column":71}},"136":{"start":{"line":328,"column":4},"end":{"line":328,"column":52}},"137":{"start":{"line":331,"column":2},"end":{"line":342,"column":3}},"138":{"start":{"line":332,"column":20},"end":{"line":332,"column":75}},"139":{"start":{"line":333,"column":27},"end":{"line":333,"column":58}},"140":{"start":{"line":334,"column":4},"end":{"line":334,"column":53}},"141":{"start":{"line":336,"column":4},"end":{"line":339,"column":5}},"142":{"start":{"line":337,"column":6},"end":{"line":337,"column":59}},"143":{"start":{"line":338,"column":6},"end":{"line":338,"column":55}},"144":{"start":{"line":340,"column":4},"end":{"line":340,"column":58}},"145":{"start":{"line":341,"column":4},"end":{"line":341,"column":61}},"146":{"start":{"line":349,"column":2},"end":{"line":349,"column":57}},"147":{"start":{"line":350,"column":2},"end":{"line":350,"column":57}}},"fnMap":{"0":{"name":"requestChallenge","decl":{"start":{"line":20,"column":22},"end":{"line":20,"column":38}},"loc":{"start":{"line":23,"column":20},"end":{"line":43,"column":1}}},"1":{"name":"polkadotLogin","decl":{"start":{"line":46,"column":22},"end":{"line":46,"column":35}},"loc":{"start":{"line":49,"column":20},"end":{"line":191,"column":1}}},"2":{"name":"polkadotLoginTest","decl":{"start":{"line":193,"column":22},"end":{"line":193,"column":39}},"loc":{"start":{"line":196,"column":20},"end":{"line":311,"column":1}}},"3":{"name":"refreshToken","decl":{"start":{"line":314,"column":22},"end":{"line":314,"column":34}},"loc":{"start":{"line":317,"column":20},"end":{"line":343,"column":1}}},"4":{"name":"logout","decl":{"start":{"line":346,"column":22},"end":{"line":346,"column":28}},"loc":{"start":{"line":346,"column":76},"end":{"line":351,"column":1}}}},"branchMap":{"0":{"loc":{"start":{"line":60,"column":4},"end":{"line":62,"column":5}},"type":"if","locations":[{"start":{"line":60,"column":4},"end":{"line":62,"column":5}},{"start":{},"end":{}}]},"1":{"loc":{"start":{"line":63,"column":4},"end":{"line":65,"column":5}},"type":"if","locations":[{"start":{"line":63,"column":4},"end":{"line":65,"column":5}},{"start":{},"end":{}}]},"2":{"loc":{"start":{"line":66,"column":4},"end":{"line":68,"column":5}},"type":"if","locations":[{"start":{"line":66,"column":4},"end":{"line":68,"column":5}},{"start":{},"end":{}}]},"3":{"loc":{"start":{"line":72,"column":4},"end":{"line":74,"column":5}},"type":"if","locations":[{"start":{"line":72,"column":4},"end":{"line":74,"column":5}},{"start":{},"end":{}}]},"4":{"loc":{"start":{"line":86,"column":32},"end":{"line":86,"column":79}},"type":"binary-expr","locations":[{"start":{"line":86,"column":32},"end":{"line":86,"column":41}},{"start":{"line":86,"column":45},"end":{"line":86,"column":79}}]},"5":{"loc":{"start":{"line":88,"column":4},"end":{"line":95,"column":5}},"type":"if","locations":[{"start":{"line":88,"column":4},"end":{"line":95,"column":5}},{"start":{"line":91,"column":11},"end":{"line":95,"column":5}}]},"6":{"loc":{"start":{"line":91,"column":11},"end":{"line":95,"column":5}},"type":"if","locations":[{"start":{"line":91,"column":11},"end":{"line":95,"column":5}},{"start":{},"end":{}}]},"7":{"loc":{"start":{"line":98,"column":4},"end":{"line":100,"column":5}},"type":"if","locations":[{"start":{"line":98,"column":4},"end":{"line":100,"column":5}},{"start":{},"end":{}}]},"8":{"loc":{"start":{"line":104,"column":4},"end":{"line":106,"column":5}},"type":"if","locations":[{"start":{"line":104,"column":4},"end":{"line":106,"column":5}},{"start":{},"end":{}}]},"9":{"loc":{"start":{"line":109,"column":4},"end":{"line":154,"column":5}},"type":"if","locations":[{"start":{"line":109,"column":4},"end":{"line":154,"column":5}},{"start":{},"end":{}}]},"10":{"loc":{"start":{"line":119,"column":8},"end":{"line":147,"column":9}},"type":"if","locations":[{"start":{"line":119,"column":8},"end":{"line":147,"column":9}},{"start":{},"end":{}}]},"11":{"loc":{"start":{"line":122,"column":21},"end":{"line":122,"column":53}},"type":"binary-expr","locations":[{"start":{"line":122,"column":21},"end":{"line":122,"column":40}},{"start":{"line":122,"column":44},"end":{"line":122,"column":53}}]},"12":{"loc":{"start":{"line":123,"column":19},"end":{"line":123,"column":49}},"type":"binary-expr","locations":[{"start":{"line":123,"column":19},"end":{"line":123,"column":36}},{"start":{"line":123,"column":40},"end":{"line":123,"column":49}}]},"13":{"loc":{"start":{"line":124,"column":19},"end":{"line":124,"column":49}},"type":"binary-expr","locations":[{"start":{"line":124,"column":19},"end":{"line":124,"column":36}},{"start":{"line":124,"column":40},"end":{"line":124,"column":49}}]},"14":{"loc":{"start":{"line":125,"column":17},"end":{"line":125,"column":45}},"type":"binary-expr","locations":[{"start":{"line":125,"column":17},"end":{"line":125,"column":32}},{"start":{"line":125,"column":36},"end":{"line":125,"column":45}}]},"15":{"loc":{"start":{"line":126,"column":21},"end":{"line":126,"column":53}},"type":"binary-expr","locations":[{"start":{"line":126,"column":21},"end":{"line":126,"column":40}},{"start":{"line":126,"column":44},"end":{"line":126,"column":53}}]},"16":{"loc":{"start":{"line":127,"column":20},"end":{"line":127,"column":51}},"type":"binary-expr","locations":[{"start":{"line":127,"column":20},"end":{"line":127,"column":38}},{"start":{"line":127,"column":42},"end":{"line":127,"column":51}}]},"17":{"loc":{"start":{"line":128,"column":20},"end":{"line":128,"column":51}},"type":"binary-expr","locations":[{"start":{"line":128,"column":20},"end":{"line":128,"column":38}},{"start":{"line":128,"column":42},"end":{"line":128,"column":51}}]},"18":{"loc":{"start":{"line":129,"column":21},"end":{"line":129,"column":53}},"type":"binary-expr","locations":[{"start":{"line":129,"column":21},"end":{"line":129,"column":40}},{"start":{"line":129,"column":44},"end":{"line":129,"column":53}}]},"19":{"loc":{"start":{"line":130,"column":24},"end":{"line":130,"column":52}},"type":"binary-expr","locations":[{"start":{"line":130,"column":24},"end":{"line":130,"column":46}},{"start":{"line":130,"column":50},"end":{"line":130,"column":52}}]},"20":{"loc":{"start":{"line":131,"column":18},"end":{"line":131,"column":47}},"type":"binary-expr","locations":[{"start":{"line":131,"column":18},"end":{"line":131,"column":34}},{"start":{"line":131,"column":38},"end":{"line":131,"column":47}}]},"21":{"loc":{"start":{"line":132,"column":19},"end":{"line":132,"column":49}},"type":"binary-expr","locations":[{"start":{"line":132,"column":19},"end":{"line":132,"column":36}},{"start":{"line":132,"column":40},"end":{"line":132,"column":49}}]},"22":{"loc":{"start":{"line":138,"column":10},"end":{"line":146,"column":11}},"type":"if","locations":[{"start":{"line":138,"column":10},"end":{"line":146,"column":11}},{"start":{},"end":{}}]},"23":{"loc":{"start":{"line":139,"column":34},"end":{"line":139,"column":76}},"type":"binary-expr","locations":[{"start":{"line":139,"column":34},"end":{"line":139,"column":53}},{"start":{"line":139,"column":57},"end":{"line":139,"column":76}}]},"24":{"loc":{"start":{"line":140,"column":12},"end":{"line":141,"column":68}},"type":"if","locations":[{"start":{"line":140,"column":12},"end":{"line":141,"column":68}},{"start":{},"end":{}}]},"25":{"loc":{"start":{"line":142,"column":12},"end":{"line":143,"column":71}},"type":"if","locations":[{"start":{"line":142,"column":12},"end":{"line":143,"column":71}},{"start":{},"end":{}}]},"26":{"loc":{"start":{"line":144,"column":12},"end":{"line":145,"column":69}},"type":"if","locations":[{"start":{"line":144,"column":12},"end":{"line":145,"column":69}},{"start":{},"end":{}}]},"27":{"loc":{"start":{"line":166,"column":10},"end":{"line":166,"column":29}},"type":"binary-expr","locations":[{"start":{"line":166,"column":10},"end":{"line":166,"column":16}},{"start":{"line":166,"column":20},"end":{"line":166,"column":29}}]},"28":{"loc":{"start":{"line":167,"column":17},"end":{"line":167,"column":44}},"type":"binary-expr","locations":[{"start":{"line":167,"column":17},"end":{"line":167,"column":38}},{"start":{"line":167,"column":42},"end":{"line":167,"column":44}}]},"29":{"loc":{"start":{"line":186,"column":4},"end":{"line":188,"column":5}},"type":"if","locations":[{"start":{"line":186,"column":4},"end":{"line":188,"column":5}},{"start":{},"end":{}}]},"30":{"loc":{"start":{"line":205,"column":32},"end":{"line":205,"column":79}},"type":"binary-expr","locations":[{"start":{"line":205,"column":32},"end":{"line":205,"column":41}},{"start":{"line":205,"column":45},"end":{"line":205,"column":79}}]},"31":{"loc":{"start":{"line":207,"column":4},"end":{"line":214,"column":5}},"type":"if","locations":[{"start":{"line":207,"column":4},"end":{"line":214,"column":5}},{"start":{"line":210,"column":11},"end":{"line":214,"column":5}}]},"32":{"loc":{"start":{"line":210,"column":11},"end":{"line":214,"column":5}},"type":"if","locations":[{"start":{"line":210,"column":11},"end":{"line":214,"column":5}},{"start":{},"end":{}}]},"33":{"loc":{"start":{"line":217,"column":4},"end":{"line":219,"column":5}},"type":"if","locations":[{"start":{"line":217,"column":4},"end":{"line":219,"column":5}},{"start":{},"end":{}}]},"34":{"loc":{"start":{"line":223,"column":4},"end":{"line":225,"column":5}},"type":"if","locations":[{"start":{"line":223,"column":4},"end":{"line":225,"column":5}},{"start":{},"end":{}}]},"35":{"loc":{"start":{"line":228,"column":4},"end":{"line":273,"column":5}},"type":"if","locations":[{"start":{"line":228,"column":4},"end":{"line":273,"column":5}},{"start":{},"end":{}}]},"36":{"loc":{"start":{"line":238,"column":8},"end":{"line":266,"column":9}},"type":"if","locations":[{"start":{"line":238,"column":8},"end":{"line":266,"column":9}},{"start":{},"end":{}}]},"37":{"loc":{"start":{"line":241,"column":21},"end":{"line":241,"column":53}},"type":"binary-expr","locations":[{"start":{"line":241,"column":21},"end":{"line":241,"column":40}},{"start":{"line":241,"column":44},"end":{"line":241,"column":53}}]},"38":{"loc":{"start":{"line":242,"column":19},"end":{"line":242,"column":49}},"type":"binary-expr","locations":[{"start":{"line":242,"column":19},"end":{"line":242,"column":36}},{"start":{"line":242,"column":40},"end":{"line":242,"column":49}}]},"39":{"loc":{"start":{"line":243,"column":19},"end":{"line":243,"column":49}},"type":"binary-expr","locations":[{"start":{"line":243,"column":19},"end":{"line":243,"column":36}},{"start":{"line":243,"column":40},"end":{"line":243,"column":49}}]},"40":{"loc":{"start":{"line":244,"column":17},"end":{"line":244,"column":45}},"type":"binary-expr","locations":[{"start":{"line":244,"column":17},"end":{"line":244,"column":32}},{"start":{"line":244,"column":36},"end":{"line":244,"column":45}}]},"41":{"loc":{"start":{"line":245,"column":21},"end":{"line":245,"column":53}},"type":"binary-expr","locations":[{"start":{"line":245,"column":21},"end":{"line":245,"column":40}},{"start":{"line":245,"column":44},"end":{"line":245,"column":53}}]},"42":{"loc":{"start":{"line":246,"column":20},"end":{"line":246,"column":51}},"type":"binary-expr","locations":[{"start":{"line":246,"column":20},"end":{"line":246,"column":38}},{"start":{"line":246,"column":42},"end":{"line":246,"column":51}}]},"43":{"loc":{"start":{"line":247,"column":20},"end":{"line":247,"column":51}},"type":"binary-expr","locations":[{"start":{"line":247,"column":20},"end":{"line":247,"column":38}},{"start":{"line":247,"column":42},"end":{"line":247,"column":51}}]},"44":{"loc":{"start":{"line":248,"column":21},"end":{"line":248,"column":53}},"type":"binary-expr","locations":[{"start":{"line":248,"column":21},"end":{"line":248,"column":40}},{"start":{"line":248,"column":44},"end":{"line":248,"column":53}}]},"45":{"loc":{"start":{"line":249,"column":24},"end":{"line":249,"column":52}},"type":"binary-expr","locations":[{"start":{"line":249,"column":24},"end":{"line":249,"column":46}},{"start":{"line":249,"column":50},"end":{"line":249,"column":52}}]},"46":{"loc":{"start":{"line":250,"column":18},"end":{"line":250,"column":47}},"type":"binary-expr","locations":[{"start":{"line":250,"column":18},"end":{"line":250,"column":34}},{"start":{"line":250,"column":38},"end":{"line":250,"column":47}}]},"47":{"loc":{"start":{"line":251,"column":19},"end":{"line":251,"column":49}},"type":"binary-expr","locations":[{"start":{"line":251,"column":19},"end":{"line":251,"column":36}},{"start":{"line":251,"column":40},"end":{"line":251,"column":49}}]},"48":{"loc":{"start":{"line":257,"column":10},"end":{"line":265,"column":11}},"type":"if","locations":[{"start":{"line":257,"column":10},"end":{"line":265,"column":11}},{"start":{},"end":{}}]},"49":{"loc":{"start":{"line":258,"column":34},"end":{"line":258,"column":76}},"type":"binary-expr","locations":[{"start":{"line":258,"column":34},"end":{"line":258,"column":53}},{"start":{"line":258,"column":57},"end":{"line":258,"column":76}}]},"50":{"loc":{"start":{"line":259,"column":12},"end":{"line":260,"column":68}},"type":"if","locations":[{"start":{"line":259,"column":12},"end":{"line":260,"column":68}},{"start":{},"end":{}}]},"51":{"loc":{"start":{"line":261,"column":12},"end":{"line":262,"column":71}},"type":"if","locations":[{"start":{"line":261,"column":12},"end":{"line":262,"column":71}},{"start":{},"end":{}}]},"52":{"loc":{"start":{"line":263,"column":12},"end":{"line":264,"column":69}},"type":"if","locations":[{"start":{"line":263,"column":12},"end":{"line":264,"column":69}},{"start":{},"end":{}}]},"53":{"loc":{"start":{"line":286,"column":10},"end":{"line":286,"column":29}},"type":"binary-expr","locations":[{"start":{"line":286,"column":10},"end":{"line":286,"column":16}},{"start":{"line":286,"column":20},"end":{"line":286,"column":29}}]},"54":{"loc":{"start":{"line":287,"column":17},"end":{"line":287,"column":44}},"type":"binary-expr","locations":[{"start":{"line":287,"column":17},"end":{"line":287,"column":38}},{"start":{"line":287,"column":42},"end":{"line":287,"column":44}}]},"55":{"loc":{"start":{"line":306,"column":4},"end":{"line":308,"column":5}},"type":"if","locations":[{"start":{"line":306,"column":4},"end":{"line":308,"column":5}},{"start":{},"end":{}}]},"56":{"loc":{"start":{"line":320,"column":2},"end":{"line":323,"column":3}},"type":"if","locations":[{"start":{"line":320,"column":2},"end":{"line":323,"column":3}},{"start":{},"end":{}}]},"57":{"loc":{"start":{"line":326,"column":2},"end":{"line":329,"column":3}},"type":"if","locations":[{"start":{"line":326,"column":2},"end":{"line":329,"column":3}},{"start":{},"end":{}}]},"58":{"loc":{"start":{"line":326,"column":6},"end":{"line":326,"column":36}},"type":"binary-expr","locations":[{"start":{"line":326,"column":6},"end":{"line":326,"column":26}},{"start":{"line":326,"column":30},"end":{"line":326,"column":36}}]},"59":{"loc":{"start":{"line":336,"column":4},"end":{"line":339,"column":5}},"type":"if","locations":[{"start":{"line":336,"column":4},"end":{"line":339,"column":5}},{"start":{},"end":{}}]}},"s":{"0":5,"1":5,"2":5,"3":5,"4":5,"5":5,"6":5,"7":5,"8":5,"9":5,"10":5,"11":5,"12":5,"13":5,"14":5,"15":5,"16":5,"17":0,"18":0,"19":0,"20":0,"21":0,"22":0,"23":0,"24":0,"25":0,"26":0,"27":0,"28":0,"29":0,"30":0,"31":0,"32":0,"33":0,"34":0,"35":0,"36":0,"37":0,"38":0,"39":0,"40":0,"41":0,"42":0,"43":0,"44":0,"45":0,"46":0,"47":0,"48":0,"49":0,"50":0,"51":0,"52":0,"53":0,"54":0,"55":0,"56":0,"57":0,"58":0,"59":0,"60":0,"61":0,"62":0,"63":0,"64":0,"65":0,"66":0,"67":0,"68":0,"69":0,"70":0,"71":0,"72":0,"73":0,"74":0,"75":0,"76":0,"77":0,"78":0,"79":0,"80":0,"81":0,"82":0,"83":0,"84":0,"85":0,"86":0,"87":0,"88":0,"89":0,"90":0,"91":0,"92":0,"93":0,"94":0,"95":0,"96":0,"97":0,"98":0,"99":0,"100":0,"101":0,"102":0,"103":0,"104":0,"105":0,"106":0,"107":0,"108":0,"109":0,"110":0,"111":0,"112":0,"113":0,"114":0,"115":0,"116":0,"117":0,"118":0,"119":0,"120":0,"121":0,"122":0,"123":0,"124":0,"125":0,"126":0,"127":0,"128":0,"129":0,"130":0,"131":0,"132":0,"133":0,"134":0,"135":0,"136":0,"137":0,"138":0,"139":0,"140":0,"141":0,"142":0,"143":0,"144":0,"145":0,"146":0,"147":0},"f":{"0":0,"1":0,"2":0,"3":0,"4":0},"b":{"0":[0,0],"1":[0,0],"2":[0,0],"3":[0,0],"4":[0,0],"5":[0,0],"6":[0,0],"7":[0,0],"8":[0,0],"9":[0,0],"10":[0,0],"11":[0,0],"12":[0,0],"13":[0,0],"14":[0,0],"15":[0,0],"16":[0,0],"17":[0,0],"18":[0,0],"19":[0,0],"20":[0,0],"21":[0,0],"22":[0,0],"23":[0,0],"24":[0,0],"25":[0,0],"26":[0,0],"27":[0,0],"28":[0,0],"29":[0,0],"30":[0,0],"31":[0,0],"32":[0,0],"33":[0,0],"34":[0,0],"35":[0,0],"36":[0,0],"37":[0,0],"38":[0,0],"39":[0,0],"40":[0,0],"41":[0,0],"42":[0,0],"43":[0,0],"44":[0,0],"45":[0,0],"46":[0,0],"47":[0,0],"48":[0,0],"49":[0,0],"50":[0,0],"51":[0,0],"52":[0,0],"53":[0,0],"54":[0,0],"55":[0,0],"56":[0,0],"57":[0,0],"58":[0,0],"59":[0,0]}}
,"D:\\dotpassport\\backend\\src\\controller\\badgeController.ts": {"path":"D:\\dotpassport\\backend\\src\\controller\\badgeController.ts","statementMap":{"0":{"start":{"line":16,"column":0},"end":{"line":16,"column":7}},"1":{"start":{"line":38,"column":0},"end":{"line":38,"column":7}},"2":{"start":{"line":68,"column":0},"end":{"line":68,"column":7}},"3":{"start":{"line":3,"column":0},"end":{"line":3,"column":37}},"4":{"start":{"line":4,"column":0},"end":{"line":4,"column":39}},"5":{"start":{"line":5,"column":0},"end":{"line":5,"column":47}},"6":{"start":{"line":6,"column":0},"end":{"line":6,"column":50}},"7":{"start":{"line":7,"column":0},"end":{"line":7,"column":47}},"8":{"start":{"line":8,"column":0},"end":{"line":8,"column":40}},"9":{"start":{"line":21,"column":2},"end":{"line":31,"column":3}},"10":{"start":{"line":22,"column":19},"end":{"line":22,"column":79}},"11":{"start":{"line":23,"column":4},"end":{"line":27,"column":7}},"12":{"start":{"line":29,"column":4},"end":{"line":29,"column":68}},"13":{"start":{"line":30,"column":4},"end":{"line":30,"column":76}},"14":{"start":{"line":43,"column":17},"end":{"line":43,"column":29}},"15":{"start":{"line":44,"column":2},"end":{"line":46,"column":3}},"16":{"start":{"line":45,"column":4},"end":{"line":45,"column":62}},"17":{"start":{"line":48,"column":2},"end":{"line":61,"column":3}},"18":{"start":{"line":49,"column":23},"end":{"line":49,"column":68}},"19":{"start":{"line":50,"column":4},"end":{"line":50,"column":53}},"20":{"start":{"line":51,"column":4},"end":{"line":57,"column":7}},"21":{"start":{"line":59,"column":4},"end":{"line":59,"column":70}},"22":{"start":{"line":60,"column":4},"end":{"line":60,"column":70}},"23":{"start":{"line":73,"column":17},"end":{"line":73,"column":29}},"24":{"start":{"line":74,"column":2},"end":{"line":76,"column":3}},"25":{"start":{"line":75,"column":4},"end":{"line":75,"column":62}},"26":{"start":{"line":78,"column":2},"end":{"line":173,"column":3}},"27":{"start":{"line":79,"column":17},"end":{"line":79,"column":44}},"28":{"start":{"line":80,"column":4},"end":{"line":82,"column":5}},"29":{"start":{"line":81,"column":6},"end":{"line":81,"column":72}},"30":{"start":{"line":83,"column":20},"end":{"line":83,"column":37}},"31":{"start":{"line":86,"column":49},"end":{"line":89,"column":6}},"32":{"start":{"line":92,"column":29},"end":{"line":92,"column":69}},"33":{"start":{"line":93,"column":27},"end":{"line":94,"column":null}},"34":{"start":{"line":94,"column":39},"end":{"line":94,"column":53}},"35":{"start":{"line":97,"column":39},"end":{"line":97,"column":41}},"36":{"start":{"line":100,"column":4},"end":{"line":132,"column":5}},"37":{"start":{"line":101,"column":28},"end":{"line":101,"column":46}},"38":{"start":{"line":102,"column":25},"end":{"line":102,"column":48}},"39":{"start":{"line":104,"column":24},"end":{"line":105,"column":null}},"40":{"start":{"line":105,"column":15},"end":{"line":105,"column":40}},"41":{"start":{"line":107,"column":6},"end":{"line":112,"column":7}},"42":{"start":{"line":108,"column":8},"end":{"line":110,"column":10}},"43":{"start":{"line":111,"column":8},"end":{"line":111,"column":17}},"44":{"start":{"line":115,"column":67},"end":{"line":115,"column":76}},"45":{"start":{"line":118,"column":6},"end":{"line":131,"column":8}},"46":{"start":{"line":135,"column":24},"end":{"line":135,"column":25}},"47":{"start":{"line":136,"column":24},"end":{"line":136,"column":25}},"48":{"start":{"line":138,"column":4},"end":{"line":159,"column":5}},"49":{"start":{"line":139,"column":22},"end":{"line":139,"column":51}},"50":{"start":{"line":142,"column":6},"end":{"line":148,"column":9}},"51":{"start":{"line":143,"column":8},"end":{"line":147,"column":9}},"52":{"start":{"line":144,"column":10},"end":{"line":144,"column":26}},"53":{"start":{"line":145,"column":15},"end":{"line":147,"column":9}},"54":{"start":{"line":146,"column":10},"end":{"line":146,"column":26}},"55":{"start":{"line":150,"column":6},"end":{"line":154,"column":9}},"56":{"start":{"line":156,"column":6},"end":{"line":158,"column":9}},"57":{"start":{"line":162,"column":25},"end":{"line":162,"column":70}},"58":{"start":{"line":163,"column":4},"end":{"line":168,"column":7}},"59":{"start":{"line":170,"column":4},"end":{"line":170,"column":72}},"60":{"start":{"line":171,"column":4},"end":{"line":171,"column":73}},"61":{"start":{"line":172,"column":4},"end":{"line":172,"column":69}}},"fnMap":{"0":{"name":"getBadgeDefinitions","decl":{"start":{"line":16,"column":22},"end":{"line":16,"column":41}},"loc":{"start":{"line":19,"column":20},"end":{"line":32,"column":1}}},"1":{"name":"getUserBadges","decl":{"start":{"line":38,"column":22},"end":{"line":38,"column":35}},"loc":{"start":{"line":41,"column":20},"end":{"line":62,"column":1}}},"2":{"name":"refreshUserBadges","decl":{"start":{"line":68,"column":22},"end":{"line":68,"column":39}},"loc":{"start":{"line":71,"column":20},"end":{"line":174,"column":1}}},"3":{"name":"(anonymous_3)","decl":{"start":{"line":94,"column":30},"end":{"line":94,"column":31}},"loc":{"start":{"line":94,"column":39},"end":{"line":94,"column":53}}},"4":{"name":"(anonymous_4)","decl":{"start":{"line":105,"column":8},"end":{"line":105,"column":9}},"loc":{"start":{"line":105,"column":15},"end":{"line":105,"column":40}}},"5":{"name":"(anonymous_5)","decl":{"start":{"line":142,"column":22},"end":{"line":142,"column":23}},"loc":{"start":{"line":142,"column":38},"end":{"line":148,"column":7}}}},"branchMap":{"0":{"loc":{"start":{"line":44,"column":2},"end":{"line":46,"column":3}},"type":"if","locations":[{"start":{"line":44,"column":2},"end":{"line":46,"column":3}},{"start":{},"end":{}}]},"1":{"loc":{"start":{"line":74,"column":2},"end":{"line":76,"column":3}},"type":"if","locations":[{"start":{"line":74,"column":2},"end":{"line":76,"column":3}},{"start":{},"end":{}}]},"2":{"loc":{"start":{"line":80,"column":4},"end":{"line":82,"column":5}},"type":"if","locations":[{"start":{"line":80,"column":4},"end":{"line":82,"column":5}},{"start":{},"end":{}}]},"3":{"loc":{"start":{"line":80,"column":8},"end":{"line":80,"column":63}},"type":"binary-expr","locations":[{"start":{"line":80,"column":8},"end":{"line":80,"column":13}},{"start":{"line":80,"column":17},"end":{"line":80,"column":32}},{"start":{"line":80,"column":36},"end":{"line":80,"column":63}}]},"4":{"loc":{"start":{"line":107,"column":6},"end":{"line":112,"column":7}},"type":"if","locations":[{"start":{"line":107,"column":6},"end":{"line":112,"column":7}},{"start":{},"end":{}}]},"5":{"loc":{"start":{"line":138,"column":4},"end":{"line":159,"column":5}},"type":"if","locations":[{"start":{"line":138,"column":4},"end":{"line":159,"column":5}},{"start":{"line":155,"column":11},"end":{"line":159,"column":5}}]},"6":{"loc":{"start":{"line":143,"column":8},"end":{"line":147,"column":9}},"type":"if","locations":[{"start":{"line":143,"column":8},"end":{"line":147,"column":9}},{"start":{"line":145,"column":15},"end":{"line":147,"column":9}}]},"7":{"loc":{"start":{"line":145,"column":15},"end":{"line":147,"column":9}},"type":"if","locations":[{"start":{"line":145,"column":15},"end":{"line":147,"column":9}},{"start":{},"end":{}}]}},"s":{"0":5,"1":5,"2":5,"3":5,"4":5,"5":5,"6":5,"7":5,"8":5,"9":1,"10":1,"11":1,"12":0,"13":0,"14":1,"15":1,"16":0,"17":1,"18":1,"19":1,"20":1,"21":0,"22":0,"23":2,"24":2,"25":0,"26":2,"27":2,"28":2,"29":0,"30":2,"31":2,"32":2,"33":2,"34":2,"35":2,"36":2,"37":2,"38":2,"39":2,"40":3,"41":2,"42":0,"43":0,"44":2,"45":2,"46":2,"47":2,"48":2,"49":2,"50":2,"51":2,"52":1,"53":1,"54":1,"55":2,"56":0,"57":2,"58":2,"59":0,"60":0,"61":0},"f":{"0":1,"1":1,"2":2,"3":2,"4":3,"5":2},"b":{"0":[0,1],"1":[0,2],"2":[0,2],"3":[2,2,2],"4":[0,2],"5":[2,0],"6":[1,1],"7":[1,0]}}
,"D:\\dotpassport\\backend\\src\\controller\\scoreController.ts": {"path":"D:\\dotpassport\\backend\\src\\controller\\scoreController.ts","statementMap":{"0":{"start":{"line":9,"column":0},"end":{"line":9,"column":7}},"1":{"start":{"line":53,"column":0},"end":{"line":53,"column":7}},"2":{"start":{"line":93,"column":0},"end":{"line":93,"column":7}},"3":{"start":{"line":2,"column":0},"end":{"line":2,"column":39}},"4":{"start":{"line":3,"column":0},"end":{"line":3,"column":47}},"5":{"start":{"line":4,"column":0},"end":{"line":4,"column":40}},"6":{"start":{"line":5,"column":0},"end":{"line":5,"column":50}},"7":{"start":{"line":6,"column":0},"end":{"line":6,"column":45}},"8":{"start":{"line":7,"column":0},"end":{"line":7,"column":59}},"9":{"start":{"line":14,"column":17},"end":{"line":14,"column":29}},"10":{"start":{"line":15,"column":2},"end":{"line":17,"column":3}},"11":{"start":{"line":16,"column":4},"end":{"line":16,"column":62}},"12":{"start":{"line":19,"column":2},"end":{"line":46,"column":3}},"13":{"start":{"line":21,"column":30},"end":{"line":21,"column":59}},"14":{"start":{"line":24,"column":21},"end":{"line":24,"column":24}},"15":{"start":{"line":25,"column":18},"end":{"line":25,"column":48}},"16":{"start":{"line":27,"column":4},"end":{"line":32,"column":5}},"17":{"start":{"line":28,"column":6},"end":{"line":28,"column":23}},"18":{"start":{"line":29,"column":6},"end":{"line":29,"column":45}},"19":{"start":{"line":30,"column":11},"end":{"line":32,"column":5}},"20":{"start":{"line":31,"column":6},"end":{"line":31,"column":46}},"21":{"start":{"line":34,"column":4},"end":{"line":38,"column":7}},"22":{"start":{"line":40,"column":4},"end":{"line":40,"column":74}},"23":{"start":{"line":41,"column":4},"end":{"line":45,"column":6}},"24":{"start":{"line":58,"column":17},"end":{"line":58,"column":29}},"25":{"start":{"line":59,"column":2},"end":{"line":61,"column":3}},"26":{"start":{"line":60,"column":4},"end":{"line":60,"column":62}},"27":{"start":{"line":63,"column":2},"end":{"line":86,"column":3}},"28":{"start":{"line":64,"column":19},"end":{"line":64,"column":56}},"29":{"start":{"line":67,"column":4},"end":{"line":71,"column":5}},"30":{"start":{"line":68,"column":6},"end":{"line":68,"column":79}},"31":{"start":{"line":69,"column":34},"end":{"line":69,"column":63}},"32":{"start":{"line":70,"column":6},"end":{"line":70,"column":26}},"33":{"start":{"line":73,"column":4},"end":{"line":78,"column":7}},"34":{"start":{"line":80,"column":4},"end":{"line":80,"column":70}},"35":{"start":{"line":81,"column":4},"end":{"line":85,"column":6}},"36":{"start":{"line":98,"column":2},"end":{"line":112,"column":3}},"37":{"start":{"line":100,"column":23},"end":{"line":102,"column":13}},"38":{"start":{"line":104,"column":4},"end":{"line":108,"column":7}},"39":{"start":{"line":110,"column":4},"end":{"line":110,"column":67}},"40":{"start":{"line":111,"column":4},"end":{"line":111,"column":75}}},"fnMap":{"0":{"name":"refreshScore","decl":{"start":{"line":9,"column":22},"end":{"line":9,"column":34}},"loc":{"start":{"line":12,"column":20},"end":{"line":47,"column":1}}},"1":{"name":"getScore","decl":{"start":{"line":53,"column":22},"end":{"line":53,"column":30}},"loc":{"start":{"line":56,"column":20},"end":{"line":87,"column":1}}},"2":{"name":"getScoreCategories","decl":{"start":{"line":93,"column":22},"end":{"line":93,"column":40}},"loc":{"start":{"line":96,"column":20},"end":{"line":113,"column":1}}}},"branchMap":{"0":{"loc":{"start":{"line":15,"column":2},"end":{"line":17,"column":3}},"type":"if","locations":[{"start":{"line":15,"column":2},"end":{"line":17,"column":3}},{"start":{},"end":{}}]},"1":{"loc":{"start":{"line":27,"column":4},"end":{"line":32,"column":5}},"type":"if","locations":[{"start":{"line":27,"column":4},"end":{"line":32,"column":5}},{"start":{"line":30,"column":11},"end":{"line":32,"column":5}}]},"2":{"loc":{"start":{"line":30,"column":11},"end":{"line":32,"column":5}},"type":"if","locations":[{"start":{"line":30,"column":11},"end":{"line":32,"column":5}},{"start":{},"end":{}}]},"3":{"loc":{"start":{"line":42,"column":6},"end":{"line":44,"column":55}},"type":"cond-expr","locations":[{"start":{"line":43,"column":10},"end":{"line":43,"column":13}},{"start":{"line":44,"column":10},"end":{"line":44,"column":55}}]},"4":{"loc":{"start":{"line":59,"column":2},"end":{"line":61,"column":3}},"type":"if","locations":[{"start":{"line":59,"column":2},"end":{"line":61,"column":3}},{"start":{},"end":{}}]},"5":{"loc":{"start":{"line":67,"column":4},"end":{"line":71,"column":5}},"type":"if","locations":[{"start":{"line":67,"column":4},"end":{"line":71,"column":5}},{"start":{},"end":{}}]},"6":{"loc":{"start":{"line":82,"column":6},"end":{"line":84,"column":66}},"type":"cond-expr","locations":[{"start":{"line":83,"column":10},"end":{"line":83,"column":13}},{"start":{"line":84,"column":10},"end":{"line":84,"column":66}}]}},"s":{"0":5,"1":5,"2":5,"3":5,"4":5,"5":5,"6":5,"7":5,"8":5,"9":2,"10":2,"11":0,"12":2,"13":2,"14":1,"15":1,"16":1,"17":1,"18":1,"19":0,"20":0,"21":1,"22":1,"23":1,"24":2,"25":2,"26":0,"27":2,"28":2,"29":2,"30":1,"31":1,"32":1,"33":2,"34":0,"35":0,"36":1,"37":1,"38":1,"39":0,"40":0},"f":{"0":2,"1":2,"2":1},"b":{"0":[0,2],"1":[1,0],"2":[0,0],"3":[0,1],"4":[0,2],"5":[1,1],"6":[0,0]}}
,"D:\\dotpassport\\backend\\src\\controller\\userController.ts": {"path":"D:\\dotpassport\\backend\\src\\controller\\userController.ts","statementMap":{"0":{"start":{"line":9,"column":0},"end":{"line":9,"column":7}},"1":{"start":{"line":39,"column":0},"end":{"line":39,"column":7}},"2":{"start":{"line":2,"column":0},"end":{"line":2,"column":47}},"3":{"start":{"line":4,"column":0},"end":{"line":4,"column":39}},"4":{"start":{"line":5,"column":0},"end":{"line":5,"column":37}},"5":{"start":{"line":6,"column":0},"end":{"line":6,"column":47}},"6":{"start":{"line":7,"column":0},"end":{"line":7,"column":40}},"7":{"start":{"line":14,"column":2},"end":{"line":36,"column":3}},"8":{"start":{"line":15,"column":17},"end":{"line":18,"column":13}},"9":{"start":{"line":19,"column":4},"end":{"line":21,"column":5}},"10":{"start":{"line":20,"column":6},"end":{"line":20,"column":56}},"11":{"start":{"line":23,"column":4},"end":{"line":32,"column":7}},"12":{"start":{"line":34,"column":4},"end":{"line":34,"column":61}},"13":{"start":{"line":35,"column":4},"end":{"line":35,"column":61}},"14":{"start":{"line":44,"column":22},"end":{"line":44,"column":32}},"15":{"start":{"line":46,"column":2},"end":{"line":77,"column":3}},"16":{"start":{"line":47,"column":17},"end":{"line":49,"column":13}},"17":{"start":{"line":50,"column":4},"end":{"line":52,"column":5}},"18":{"start":{"line":51,"column":6},"end":{"line":51,"column":56}},"19":{"start":{"line":55,"column":28},"end":{"line":58,"column":6}},"20":{"start":{"line":60,"column":4},"end":{"line":73,"column":7}},"21":{"start":{"line":75,"column":4},"end":{"line":75,"column":75}},"22":{"start":{"line":76,"column":4},"end":{"line":76,"column":73}}},"fnMap":{"0":{"name":"getLoggedInUser","decl":{"start":{"line":9,"column":22},"end":{"line":9,"column":37}},"loc":{"start":{"line":12,"column":20},"end":{"line":37,"column":1}}},"1":{"name":"getPublicProfileByAddress","decl":{"start":{"line":39,"column":22},"end":{"line":39,"column":47}},"loc":{"start":{"line":42,"column":20},"end":{"line":78,"column":1}}}},"branchMap":{"0":{"loc":{"start":{"line":19,"column":4},"end":{"line":21,"column":5}},"type":"if","locations":[{"start":{"line":19,"column":4},"end":{"line":21,"column":5}},{"start":{},"end":{}}]},"1":{"loc":{"start":{"line":24,"column":13},"end":{"line":24,"column":65}},"type":"binary-expr","locations":[{"start":{"line":24,"column":13},"end":{"line":24,"column":59}},{"start":{"line":24,"column":63},"end":{"line":24,"column":65}}]},"2":{"loc":{"start":{"line":31,"column":16},"end":{"line":31,"column":38}},"type":"binary-expr","locations":[{"start":{"line":31,"column":16},"end":{"line":31,"column":29}},{"start":{"line":31,"column":33},"end":{"line":31,"column":38}}]},"3":{"loc":{"start":{"line":50,"column":4},"end":{"line":52,"column":5}},"type":"if","locations":[{"start":{"line":50,"column":4},"end":{"line":52,"column":5}},{"start":{},"end":{}}]},"4":{"loc":{"start":{"line":64,"column":13},"end":{"line":71,"column":14}},"type":"cond-expr","locations":[{"start":{"line":65,"column":10},"end":{"line":70,"column":null}},{"start":{"line":71,"column":10},"end":{"line":71,"column":14}}]}},"s":{"0":5,"1":5,"2":5,"3":5,"4":5,"5":5,"6":5,"7":0,"8":0,"9":0,"10":0,"11":0,"12":0,"13":0,"14":0,"15":0,"16":0,"17":0,"18":0,"19":0,"20":0,"21":0,"22":0},"f":{"0":0,"1":0},"b":{"0":[0,0],"1":[0,0],"2":[0,0],"3":[0,0],"4":[0,0]}}
,"D:\\dotpassport\\backend\\src\\developer\\controller\\apiKeyController.ts": {"path":"D:\\dotpassport\\backend\\src\\developer\\controller\\apiKeyController.ts","statementMap":{"0":{"start":{"line":24,"column":0},"end":{"line":24,"column":7}},"1":{"start":{"line":73,"column":0},"end":{"line":73,"column":7}},"2":{"start":{"line":106,"column":0},"end":{"line":106,"column":7}},"3":{"start":{"line":131,"column":0},"end":{"line":131,"column":7}},"4":{"start":{"line":159,"column":0},"end":{"line":159,"column":7}},"5":{"start":{"line":197,"column":0},"end":{"line":197,"column":7}},"6":{"start":{"line":2,"column":0},"end":{"line":2,"column":47}},"7":{"start":{"line":3,"column":0},"end":{"line":3,"column":40}},"8":{"start":{"line":4,"column":0},"end":{"line":4,"column":null}},"9":{"start":{"line":29,"column":18},"end":{"line":29,"column":30}},"10":{"start":{"line":30,"column":2},"end":{"line":32,"column":3}},"11":{"start":{"line":31,"column":4},"end":{"line":31,"column":52}},"12":{"start":{"line":34,"column":2},"end":{"line":66,"column":3}},"13":{"start":{"line":35,"column":70},"end":{"line":35,"column":78}},"14":{"start":{"line":37,"column":34},"end":{"line":44,"column":6}},"15":{"start":{"line":46,"column":4},"end":{"line":60,"column":7}},"16":{"start":{"line":62,"column":4},"end":{"line":62,"column":65}},"17":{"start":{"line":63,"column":4},"end":{"line":65,"column":6}},"18":{"start":{"line":78,"column":2},"end":{"line":99,"column":3}},"19":{"start":{"line":79,"column":17},"end":{"line":79,"column":61}},"20":{"start":{"line":80,"column":18},"end":{"line":80,"column":65}},"21":{"start":{"line":81,"column":18},"end":{"line":81,"column":81}},"22":{"start":{"line":83,"column":6},"end":{"line":87,"column":19}},"23":{"start":{"line":88,"column":19},"end":{"line":88,"column":86}},"24":{"start":{"line":90,"column":19},"end":{"line":90,"column":77}},"25":{"start":{"line":92,"column":4},"end":{"line":95,"column":7}},"26":{"start":{"line":97,"column":4},"end":{"line":97,"column":64}},"27":{"start":{"line":98,"column":4},"end":{"line":98,"column":63}},"28":{"start":{"line":111,"column":2},"end":{"line":124,"column":3}},"29":{"start":{"line":112,"column":18},"end":{"line":112,"column":34}},"30":{"start":{"line":113,"column":19},"end":{"line":113,"column":45}},"31":{"start":{"line":115,"column":4},"end":{"line":118,"column":7}},"32":{"start":{"line":120,"column":4},"end":{"line":120,"column":62}},"33":{"start":{"line":121,"column":4},"end":{"line":123,"column":6}},"34":{"start":{"line":136,"column":2},"end":{"line":152,"column":3}},"35":{"start":{"line":137,"column":18},"end":{"line":137,"column":34}},"36":{"start":{"line":138,"column":20},"end":{"line":138,"column":28}},"37":{"start":{"line":140,"column":19},"end":{"line":140,"column":53}},"38":{"start":{"line":142,"column":4},"end":{"line":146,"column":7}},"39":{"start":{"line":148,"column":4},"end":{"line":148,"column":65}},"40":{"start":{"line":149,"column":4},"end":{"line":151,"column":6}},"41":{"start":{"line":164,"column":18},"end":{"line":164,"column":30}},"42":{"start":{"line":165,"column":2},"end":{"line":167,"column":3}},"43":{"start":{"line":166,"column":4},"end":{"line":166,"column":52}},"44":{"start":{"line":169,"column":2},"end":{"line":190,"column":3}},"45":{"start":{"line":170,"column":18},"end":{"line":170,"column":34}},"46":{"start":{"line":171,"column":23},"end":{"line":171,"column":31}},"47":{"start":{"line":173,"column":19},"end":{"line":173,"column":61}},"48":{"start":{"line":175,"column":4},"end":{"line":184,"column":7}},"49":{"start":{"line":186,"column":4},"end":{"line":186,"column":65}},"50":{"start":{"line":187,"column":4},"end":{"line":189,"column":6}},"51":{"start":{"line":202,"column":2},"end":{"line":215,"column":3}},"52":{"start":{"line":203,"column":18},"end":{"line":203,"column":34}},"53":{"start":{"line":204,"column":18},"end":{"line":204,"column":44}},"54":{"start":{"line":206,"column":4},"end":{"line":209,"column":7}},"55":{"start":{"line":211,"column":4},"end":{"line":211,"column":66}},"56":{"start":{"line":212,"column":4},"end":{"line":214,"column":6}}},"fnMap":{"0":{"name":"createApiKeyHandler","decl":{"start":{"line":24,"column":22},"end":{"line":24,"column":41}},"loc":{"start":{"line":27,"column":20},"end":{"line":67,"column":1}}},"1":{"name":"listApiKeysHandler","decl":{"start":{"line":73,"column":22},"end":{"line":73,"column":40}},"loc":{"start":{"line":76,"column":20},"end":{"line":100,"column":1}}},"2":{"name":"getApiKeyHandler","decl":{"start":{"line":106,"column":22},"end":{"line":106,"column":38}},"loc":{"start":{"line":109,"column":20},"end":{"line":125,"column":1}}},"3":{"name":"updateApiKeyHandler","decl":{"start":{"line":131,"column":22},"end":{"line":131,"column":41}},"loc":{"start":{"line":134,"column":20},"end":{"line":153,"column":1}}},"4":{"name":"revokeApiKeyHandler","decl":{"start":{"line":159,"column":22},"end":{"line":159,"column":41}},"loc":{"start":{"line":162,"column":20},"end":{"line":191,"column":1}}},"5":{"name":"getUsageStatsHandler","decl":{"start":{"line":197,"column":22},"end":{"line":197,"column":42}},"loc":{"start":{"line":200,"column":20},"end":{"line":216,"column":1}}}},"branchMap":{"0":{"loc":{"start":{"line":30,"column":2},"end":{"line":32,"column":3}},"type":"if","locations":[{"start":{"line":30,"column":2},"end":{"line":32,"column":3}},{"start":{},"end":{}}]},"1":{"loc":{"start":{"line":64,"column":6},"end":{"line":64,"column":85}},"type":"cond-expr","locations":[{"start":{"line":64,"column":33},"end":{"line":64,"column":36}},{"start":{"line":64,"column":39},"end":{"line":64,"column":85}}]},"2":{"loc":{"start":{"line":79,"column":17},"end":{"line":79,"column":61}},"type":"binary-expr","locations":[{"start":{"line":79,"column":17},"end":{"line":79,"column":56}},{"start":{"line":79,"column":60},"end":{"line":79,"column":61}}]},"3":{"loc":{"start":{"line":79,"column":33},"end":{"line":79,"column":54}},"type":"binary-expr","locations":[{"start":{"line":79,"column":33},"end":{"line":79,"column":47}},{"start":{"line":79,"column":51},"end":{"line":79,"column":54}}]},"4":{"loc":{"start":{"line":80,"column":18},"end":{"line":80,"column":65}},"type":"binary-expr","locations":[{"start":{"line":80,"column":18},"end":{"line":80,"column":59}},{"start":{"line":80,"column":63},"end":{"line":80,"column":65}}]},"5":{"loc":{"start":{"line":80,"column":34},"end":{"line":80,"column":57}},"type":"binary-expr","locations":[{"start":{"line":80,"column":34},"end":{"line":80,"column":49}},{"start":{"line":80,"column":53},"end":{"line":80,"column":57}}]},"6":{"loc":{"start":{"line":81,"column":18},"end":{"line":81,"column":81}},"type":"cond-expr","locations":[{"start":{"line":81,"column":55},"end":{"line":81,"column":69}},{"start":{"line":81,"column":72},"end":{"line":81,"column":81}}]},"7":{"loc":{"start":{"line":83,"column":6},"end":{"line":87,"column":19}},"type":"cond-expr","locations":[{"start":{"line":84,"column":10},"end":{"line":84,"column":14}},{"start":{"line":85,"column":10},"end":{"line":87,"column":19}}]},"8":{"loc":{"start":{"line":83,"column":6},"end":{"line":83,"column":77}},"type":"binary-expr","locations":[{"start":{"line":83,"column":6},"end":{"line":83,"column":44}},{"start":{"line":83,"column":48},"end":{"line":83,"column":77}}]},"9":{"loc":{"start":{"line":85,"column":10},"end":{"line":87,"column":19}},"type":"cond-expr","locations":[{"start":{"line":86,"column":10},"end":{"line":86,"column":15}},{"start":{"line":87,"column":10},"end":{"line":87,"column":19}}]},"10":{"loc":{"start":{"line":85,"column":10},"end":{"line":85,"column":82}},"type":"binary-expr","locations":[{"start":{"line":85,"column":10},"end":{"line":85,"column":48}},{"start":{"line":85,"column":52},"end":{"line":85,"column":82}}]},"11":{"loc":{"start":{"line":88,"column":19},"end":{"line":88,"column":86}},"type":"cond-expr","locations":[{"start":{"line":88,"column":58},"end":{"line":88,"column":74}},{"start":{"line":88,"column":77},"end":{"line":88,"column":86}}]},"12":{"loc":{"start":{"line":122,"column":6},"end":{"line":122,"column":82}},"type":"cond-expr","locations":[{"start":{"line":122,"column":33},"end":{"line":122,"column":36}},{"start":{"line":122,"column":39},"end":{"line":122,"column":82}}]},"13":{"loc":{"start":{"line":150,"column":6},"end":{"line":150,"column":85}},"type":"cond-expr","locations":[{"start":{"line":150,"column":33},"end":{"line":150,"column":36}},{"start":{"line":150,"column":39},"end":{"line":150,"column":85}}]},"14":{"loc":{"start":{"line":165,"column":2},"end":{"line":167,"column":3}},"type":"if","locations":[{"start":{"line":165,"column":2},"end":{"line":167,"column":3}},{"start":{},"end":{}}]},"15":{"loc":{"start":{"line":188,"column":6},"end":{"line":188,"column":85}},"type":"cond-expr","locations":[{"start":{"line":188,"column":33},"end":{"line":188,"column":36}},{"start":{"line":188,"column":39},"end":{"line":188,"column":85}}]},"16":{"loc":{"start":{"line":213,"column":6},"end":{"line":213,"column":86}},"type":"cond-expr","locations":[{"start":{"line":213,"column":33},"end":{"line":213,"column":36}},{"start":{"line":213,"column":39},"end":{"line":213,"column":86}}]}},"s":{"0":5,"1":5,"2":5,"3":5,"4":5,"5":5,"6":5,"7":5,"8":5,"9":2,"10":2,"11":0,"12":2,"13":2,"14":2,"15":2,"16":0,"17":0,"18":4,"19":4,"20":4,"21":4,"22":4,"23":4,"24":4,"25":4,"26":0,"27":0,"28":2,"29":2,"30":2,"31":1,"32":1,"33":1,"34":1,"35":1,"36":1,"37":1,"38":1,"39":0,"40":0,"41":2,"42":2,"43":0,"44":2,"45":2,"46":2,"47":2,"48":1,"49":1,"50":1,"51":1,"52":1,"53":1,"54":1,"55":0,"56":0},"f":{"0":2,"1":4,"2":2,"3":1,"4":2,"5":1},"b":{"0":[0,2],"1":[0,0],"2":[4,0],"3":[4,3],"4":[4,0],"5":[4,3],"6":[1,3],"7":[0,4],"8":[4,0],"9":[0,4],"10":[4,0],"11":[1,3],"12":[1,0],"13":[0,0],"14":[0,2],"15":[1,0],"16":[0,0]}}
,"D:\\dotpassport\\backend\\src\\developer\\controller\\developerController.ts": {"path":"D:\\dotpassport\\backend\\src\\developer\\controller\\developerController.ts","statementMap":{"0":{"start":{"line":22,"column":0},"end":{"line":22,"column":7}},"1":{"start":{"line":127,"column":0},"end":{"line":127,"column":7}},"2":{"start":{"line":192,"column":0},"end":{"line":192,"column":7}},"3":{"start":{"line":291,"column":0},"end":{"line":291,"column":7}},"4":{"start":{"line":361,"column":0},"end":{"line":361,"column":7}},"5":{"start":{"line":483,"column":0},"end":{"line":483,"column":7}},"6":{"start":{"line":515,"column":0},"end":{"line":515,"column":7}},"7":{"start":{"line":2,"column":0},"end":{"line":2,"column":47}},"8":{"start":{"line":3,"column":0},"end":{"line":3,"column":40}},"9":{"start":{"line":4,"column":0},"end":{"line":4,"column":37}},"10":{"start":{"line":5,"column":0},"end":{"line":5,"column":43}},"11":{"start":{"line":6,"column":0},"end":{"line":6,"column":39}},"12":{"start":{"line":7,"column":0},"end":{"line":7,"column":47}},"13":{"start":{"line":8,"column":0},"end":{"line":8,"column":39}},"14":{"start":{"line":9,"column":0},"end":{"line":9,"column":45}},"15":{"start":{"line":10,"column":0},"end":{"line":10,"column":null}},"16":{"start":{"line":27,"column":2},"end":{"line":120,"column":3}},"17":{"start":{"line":28,"column":20},"end":{"line":28,"column":38}},"18":{"start":{"line":29,"column":25},"end":{"line":29,"column":58}},"19":{"start":{"line":32,"column":4},"end":{"line":34,"column":5}},"20":{"start":{"line":33,"column":6},"end":{"line":33,"column":73}},"21":{"start":{"line":37,"column":17},"end":{"line":37,"column":79}},"22":{"start":{"line":39,"column":4},"end":{"line":63,"column":5}},"23":{"start":{"line":40,"column":22},"end":{"line":40,"column":58}},"24":{"start":{"line":41,"column":6},"end":{"line":62,"column":7}},"25":{"start":{"line":43,"column":8},"end":{"line":61,"column":11}},"26":{"start":{"line":51,"column":72},"end":{"line":58,"column":14}},"27":{"start":{"line":66,"column":4},"end":{"line":66,"column":95}},"28":{"start":{"line":67,"column":20},"end":{"line":67,"column":77}},"29":{"start":{"line":70,"column":48},"end":{"line":70,"column":50}},"30":{"start":{"line":71,"column":4},"end":{"line":80,"column":5}},"31":{"start":{"line":72,"column":23},"end":{"line":72,"column":55}},"32":{"start":{"line":73,"column":6},"end":{"line":73,"column":55}},"33":{"start":{"line":73,"column":24},"end":{"line":73,"column":55}},"34":{"start":{"line":74,"column":6},"end":{"line":74,"column":67}},"35":{"start":{"line":74,"column":28},"end":{"line":74,"column":67}},"36":{"start":{"line":75,"column":6},"end":{"line":75,"column":64}},"37":{"start":{"line":75,"column":27},"end":{"line":75,"column":64}},"38":{"start":{"line":76,"column":6},"end":{"line":76,"column":61}},"39":{"start":{"line":76,"column":26},"end":{"line":76,"column":61}},"40":{"start":{"line":77,"column":6},"end":{"line":77,"column":64}},"41":{"start":{"line":77,"column":27},"end":{"line":77,"column":64}},"42":{"start":{"line":78,"column":6},"end":{"line":78,"column":67}},"43":{"start":{"line":78,"column":28},"end":{"line":78,"column":67}},"44":{"start":{"line":79,"column":6},"end":{"line":79,"column":58}},"45":{"start":{"line":79,"column":25},"end":{"line":79,"column":58}},"46":{"start":{"line":83,"column":31},"end":{"line":83,"column":33}},"47":{"start":{"line":84,"column":4},"end":{"line":100,"column":5}},"48":{"start":{"line":85,"column":6},"end":{"line":99,"column":9}},"49":{"start":{"line":102,"column":4},"end":{"line":114,"column":7}},"50":{"start":{"line":116,"column":4},"end":{"line":116,"column":65}},"51":{"start":{"line":117,"column":4},"end":{"line":119,"column":6}},"52":{"start":{"line":132,"column":2},"end":{"line":185,"column":3}},"53":{"start":{"line":133,"column":20},"end":{"line":133,"column":38}},"54":{"start":{"line":134,"column":25},"end":{"line":134,"column":58}},"55":{"start":{"line":137,"column":4},"end":{"line":139,"column":5}},"56":{"start":{"line":138,"column":6},"end":{"line":138,"column":73}},"57":{"start":{"line":142,"column":17},"end":{"line":142,"column":59}},"58":{"start":{"line":144,"column":4},"end":{"line":160,"column":5}},"59":{"start":{"line":145,"column":20},"end":{"line":145,"column":59}},"60":{"start":{"line":147,"column":6},"end":{"line":159,"column":7}},"61":{"start":{"line":149,"column":8},"end":{"line":158,"column":11}},"62":{"start":{"line":163,"column":4},"end":{"line":163,"column":100}},"63":{"start":{"line":164,"column":20},"end":{"line":164,"column":76}},"64":{"start":{"line":166,"column":27},"end":{"line":168,"column":10}},"65":{"start":{"line":170,"column":4},"end":{"line":179,"column":7}},"66":{"start":{"line":181,"column":4},"end":{"line":181,"column":64}},"67":{"start":{"line":182,"column":4},"end":{"line":184,"column":6}},"68":{"start":{"line":197,"column":2},"end":{"line":284,"column":3}},"69":{"start":{"line":198,"column":37},"end":{"line":198,"column":47}},"70":{"start":{"line":199,"column":25},"end":{"line":199,"column":58}},"71":{"start":{"line":202,"column":4},"end":{"line":204,"column":5}},"72":{"start":{"line":203,"column":6},"end":{"line":203,"column":73}},"73":{"start":{"line":207,"column":17},"end":{"line":207,"column":59}},"74":{"start":{"line":209,"column":4},"end":{"line":243,"column":5}},"75":{"start":{"line":210,"column":20},"end":{"line":210,"column":59}},"76":{"start":{"line":212,"column":6},"end":{"line":242,"column":7}},"77":{"start":{"line":213,"column":30},"end":{"line":213,"column":70}},"78":{"start":{"line":215,"column":8},"end":{"line":241,"column":9}},"79":{"start":{"line":217,"column":37},"end":{"line":220,"column":19}},"80":{"start":{"line":222,"column":10},"end":{"line":240,"column":13}},"81":{"start":{"line":246,"column":4},"end":{"line":246,"column":122}},"82":{"start":{"line":247,"column":20},"end":{"line":247,"column":76}},"83":{"start":{"line":249,"column":26},"end":{"line":249,"column":75}},"84":{"start":{"line":250,"column":4},"end":{"line":252,"column":5}},"85":{"start":{"line":251,"column":6},"end":{"line":251,"column":80}},"86":{"start":{"line":255,"column":31},"end":{"line":258,"column":13}},"87":{"start":{"line":260,"column":4},"end":{"line":278,"column":7}},"88":{"start":{"line":280,"column":4},"end":{"line":280,"column":70}},"89":{"start":{"line":281,"column":4},"end":{"line":283,"column":6}},"90":{"start":{"line":296,"column":2},"end":{"line":354,"column":3}},"91":{"start":{"line":297,"column":20},"end":{"line":297,"column":38}},"92":{"start":{"line":298,"column":25},"end":{"line":298,"column":58}},"93":{"start":{"line":301,"column":4},"end":{"line":303,"column":5}},"94":{"start":{"line":302,"column":6},"end":{"line":302,"column":73}},"95":{"start":{"line":306,"column":17},"end":{"line":306,"column":59}},"96":{"start":{"line":308,"column":4},"end":{"line":328,"column":5}},"97":{"start":{"line":309,"column":25},"end":{"line":309,"column":72}},"98":{"start":{"line":311,"column":6},"end":{"line":327,"column":7}},"99":{"start":{"line":312,"column":8},"end":{"line":326,"column":11}},"100":{"start":{"line":316,"column":47},"end":{"line":322,"column":14}},"101":{"start":{"line":331,"column":4},"end":{"line":331,"column":101}},"102":{"start":{"line":332,"column":20},"end":{"line":332,"column":76}},"103":{"start":{"line":334,"column":4},"end":{"line":348,"column":7}},"104":{"start":{"line":338,"column":47},"end":{"line":344,"column":10}},"105":{"start":{"line":350,"column":4},"end":{"line":350,"column":64}},"106":{"start":{"line":351,"column":4},"end":{"line":353,"column":6}},"107":{"start":{"line":366,"column":2},"end":{"line":476,"column":3}},"108":{"start":{"line":367,"column":34},"end":{"line":367,"column":44}},"109":{"start":{"line":368,"column":25},"end":{"line":368,"column":58}},"110":{"start":{"line":371,"column":4},"end":{"line":373,"column":5}},"111":{"start":{"line":372,"column":6},"end":{"line":372,"column":73}},"112":{"start":{"line":376,"column":17},"end":{"line":376,"column":59}},"113":{"start":{"line":378,"column":4},"end":{"line":411,"column":5}},"114":{"start":{"line":379,"column":24},"end":{"line":382,"column":15}},"115":{"start":{"line":384,"column":6},"end":{"line":410,"column":7}},"116":{"start":{"line":386,"column":32},"end":{"line":386,"column":91}},"117":{"start":{"line":388,"column":8},"end":{"line":409,"column":11}},"118":{"start":{"line":414,"column":4},"end":{"line":414,"column":110}},"119":{"start":{"line":415,"column":20},"end":{"line":415,"column":76}},"120":{"start":{"line":417,"column":21},"end":{"line":417,"column":72}},"121":{"start":{"line":417,"column":48},"end":{"line":417,"column":71}},"122":{"start":{"line":420,"column":28},"end":{"line":420,"column":87}},"123":{"start":{"line":423,"column":4},"end":{"line":425,"column":5}},"124":{"start":{"line":424,"column":6},"end":{"line":424,"column":68}},"125":{"start":{"line":428,"column":4},"end":{"line":446,"column":5}},"126":{"start":{"line":429,"column":6},"end":{"line":445,"column":9}},"127":{"start":{"line":448,"column":4},"end":{"line":470,"column":7}},"128":{"start":{"line":472,"column":4},"end":{"line":472,"column":71}},"129":{"start":{"line":473,"column":4},"end":{"line":475,"column":6}},"130":{"start":{"line":488,"column":2},"end":{"line":508,"column":3}},"131":{"start":{"line":489,"column":19},"end":{"line":489,"column":79}},"132":{"start":{"line":491,"column":4},"end":{"line":504,"column":7}},"133":{"start":{"line":494,"column":39},"end":{"line":502,"column":10}},"134":{"start":{"line":506,"column":4},"end":{"line":506,"column":65}},"135":{"start":{"line":507,"column":4},"end":{"line":507,"column":71}},"136":{"start":{"line":520,"column":2},"end":{"line":541,"column":3}},"137":{"start":{"line":521,"column":23},"end":{"line":523,"column":13}},"138":{"start":{"line":525,"column":4},"end":{"line":537,"column":7}},"139":{"start":{"line":528,"column":50},"end":{"line":535,"column":10}},"140":{"start":{"line":539,"column":4},"end":{"line":539,"column":68}},"141":{"start":{"line":540,"column":4},"end":{"line":540,"column":74}}},"fnMap":{"0":{"name":"getProfileByAddress","decl":{"start":{"line":22,"column":22},"end":{"line":22,"column":41}},"loc":{"start":{"line":25,"column":20},"end":{"line":121,"column":1}}},"1":{"name":"(anonymous_1)","decl":{"start":{"line":51,"column":63},"end":{"line":51,"column":64}},"loc":{"start":{"line":51,"column":72},"end":{"line":58,"column":14}}},"2":{"name":"getScoresByAddress","decl":{"start":{"line":127,"column":22},"end":{"line":127,"column":40}},"loc":{"start":{"line":130,"column":20},"end":{"line":186,"column":1}}},"3":{"name":"getSpecificCategoryScore","decl":{"start":{"line":192,"column":22},"end":{"line":192,"column":46}},"loc":{"start":{"line":195,"column":20},"end":{"line":285,"column":1}}},"4":{"name":"getBadgesByAddress","decl":{"start":{"line":291,"column":22},"end":{"line":291,"column":40}},"loc":{"start":{"line":294,"column":20},"end":{"line":355,"column":1}}},"5":{"name":"(anonymous_5)","decl":{"start":{"line":316,"column":35},"end":{"line":316,"column":36}},"loc":{"start":{"line":316,"column":47},"end":{"line":322,"column":14}}},"6":{"name":"(anonymous_6)","decl":{"start":{"line":338,"column":35},"end":{"line":338,"column":36}},"loc":{"start":{"line":338,"column":47},"end":{"line":344,"column":10}}},"7":{"name":"getSpecificBadgeByAddress","decl":{"start":{"line":361,"column":22},"end":{"line":361,"column":47}},"loc":{"start":{"line":364,"column":20},"end":{"line":477,"column":1}}},"8":{"name":"(anonymous_8)","decl":{"start":{"line":417,"column":41},"end":{"line":417,"column":42}},"loc":{"start":{"line":417,"column":48},"end":{"line":417,"column":71}}},"9":{"name":"getBadgeDefinitions","decl":{"start":{"line":483,"column":22},"end":{"line":483,"column":41}},"loc":{"start":{"line":486,"column":20},"end":{"line":509,"column":1}}},"10":{"name":"(anonymous_10)","decl":{"start":{"line":494,"column":27},"end":{"line":494,"column":28}},"loc":{"start":{"line":494,"column":39},"end":{"line":502,"column":10}}},"11":{"name":"getCategoryDefinitions","decl":{"start":{"line":515,"column":22},"end":{"line":515,"column":44}},"loc":{"start":{"line":518,"column":20},"end":{"line":542,"column":1}}},"12":{"name":"(anonymous_12)","decl":{"start":{"line":528,"column":35},"end":{"line":528,"column":36}},"loc":{"start":{"line":528,"column":50},"end":{"line":535,"column":10}}}},"branchMap":{"0":{"loc":{"start":{"line":32,"column":4},"end":{"line":34,"column":5}},"type":"if","locations":[{"start":{"line":32,"column":4},"end":{"line":34,"column":5}},{"start":{},"end":{}}]},"1":{"loc":{"start":{"line":39,"column":4},"end":{"line":63,"column":5}},"type":"if","locations":[{"start":{"line":39,"column":4},"end":{"line":63,"column":5}},{"start":{},"end":{}}]},"2":{"loc":{"start":{"line":39,"column":8},"end":{"line":39,"column":28}},"type":"binary-expr","locations":[{"start":{"line":39,"column":8},"end":{"line":39,"column":12}},{"start":{"line":39,"column":16},"end":{"line":39,"column":28}}]},"3":{"loc":{"start":{"line":41,"column":6},"end":{"line":62,"column":7}},"type":"if","locations":[{"start":{"line":41,"column":6},"end":{"line":62,"column":7}},{"start":{},"end":{}}]},"4":{"loc":{"start":{"line":50,"column":44},"end":{"line":50,"column":76}},"type":"binary-expr","locations":[{"start":{"line":50,"column":44},"end":{"line":50,"column":63}},{"start":{"line":50,"column":67},"end":{"line":50,"column":76}}]},"5":{"loc":{"start":{"line":71,"column":4},"end":{"line":80,"column":5}},"type":"if","locations":[{"start":{"line":71,"column":4},"end":{"line":80,"column":5}},{"start":{},"end":{}}]},"6":{"loc":{"start":{"line":73,"column":6},"end":{"line":73,"column":55}},"type":"if","locations":[{"start":{"line":73,"column":6},"end":{"line":73,"column":55}},{"start":{},"end":{}}]},"7":{"loc":{"start":{"line":74,"column":6},"end":{"line":74,"column":67}},"type":"if","locations":[{"start":{"line":74,"column":6},"end":{"line":74,"column":67}},{"start":{},"end":{}}]},"8":{"loc":{"start":{"line":75,"column":6},"end":{"line":75,"column":64}},"type":"if","locations":[{"start":{"line":75,"column":6},"end":{"line":75,"column":64}},{"start":{},"end":{}}]},"9":{"loc":{"start":{"line":76,"column":6},"end":{"line":76,"column":61}},"type":"if","locations":[{"start":{"line":76,"column":6},"end":{"line":76,"column":61}},{"start":{},"end":{}}]},"10":{"loc":{"start":{"line":77,"column":6},"end":{"line":77,"column":64}},"type":"if","locations":[{"start":{"line":77,"column":6},"end":{"line":77,"column":64}},{"start":{},"end":{}}]},"11":{"loc":{"start":{"line":78,"column":6},"end":{"line":78,"column":67}},"type":"if","locations":[{"start":{"line":78,"column":6},"end":{"line":78,"column":67}},{"start":{},"end":{}}]},"12":{"loc":{"start":{"line":79,"column":6},"end":{"line":79,"column":58}},"type":"if","locations":[{"start":{"line":79,"column":6},"end":{"line":79,"column":58}},{"start":{},"end":{}}]},"13":{"loc":{"start":{"line":84,"column":4},"end":{"line":100,"column":5}},"type":"if","locations":[{"start":{"line":84,"column":4},"end":{"line":100,"column":5}},{"start":{},"end":{}}]},"14":{"loc":{"start":{"line":86,"column":17},"end":{"line":86,"column":68}},"type":"binary-expr","locations":[{"start":{"line":86,"column":17},"end":{"line":86,"column":57}},{"start":{"line":86,"column":61},"end":{"line":86,"column":68}}]},"15":{"loc":{"start":{"line":96,"column":20},"end":{"line":96,"column":69}},"type":"binary-expr","locations":[{"start":{"line":96,"column":20},"end":{"line":96,"column":63}},{"start":{"line":96,"column":67},"end":{"line":96,"column":69}}]},"16":{"loc":{"start":{"line":106,"column":21},"end":{"line":106,"column":106}},"type":"binary-expr","locations":[{"start":{"line":106,"column":21},"end":{"line":106,"column":62}},{"start":{"line":106,"column":66},"end":{"line":106,"column":93}},{"start":{"line":106,"column":97},"end":{"line":106,"column":106}}]},"17":{"loc":{"start":{"line":118,"column":6},"end":{"line":118,"column":82}},"type":"cond-expr","locations":[{"start":{"line":118,"column":33},"end":{"line":118,"column":36}},{"start":{"line":118,"column":39},"end":{"line":118,"column":82}}]},"18":{"loc":{"start":{"line":137,"column":4},"end":{"line":139,"column":5}},"type":"if","locations":[{"start":{"line":137,"column":4},"end":{"line":139,"column":5}},{"start":{},"end":{}}]},"19":{"loc":{"start":{"line":144,"column":4},"end":{"line":160,"column":5}},"type":"if","locations":[{"start":{"line":144,"column":4},"end":{"line":160,"column":5}},{"start":{},"end":{}}]},"20":{"loc":{"start":{"line":147,"column":6},"end":{"line":159,"column":7}},"type":"if","locations":[{"start":{"line":147,"column":6},"end":{"line":159,"column":7}},{"start":{},"end":{}}]},"21":{"loc":{"start":{"line":166,"column":27},"end":{"line":168,"column":10}},"type":"cond-expr","locations":[{"start":{"line":167,"column":8},"end":{"line":167,"column":52}},{"start":{"line":168,"column":8},"end":{"line":168,"column":10}}]},"22":{"loc":{"start":{"line":183,"column":6},"end":{"line":183,"column":81}},"type":"cond-expr","locations":[{"start":{"line":183,"column":33},"end":{"line":183,"column":36}},{"start":{"line":183,"column":39},"end":{"line":183,"column":81}}]},"23":{"loc":{"start":{"line":202,"column":4},"end":{"line":204,"column":5}},"type":"if","locations":[{"start":{"line":202,"column":4},"end":{"line":204,"column":5}},{"start":{},"end":{}}]},"24":{"loc":{"start":{"line":209,"column":4},"end":{"line":243,"column":5}},"type":"if","locations":[{"start":{"line":209,"column":4},"end":{"line":243,"column":5}},{"start":{},"end":{}}]},"25":{"loc":{"start":{"line":212,"column":6},"end":{"line":242,"column":7}},"type":"if","locations":[{"start":{"line":212,"column":6},"end":{"line":242,"column":7}},{"start":{},"end":{}}]},"26":{"loc":{"start":{"line":215,"column":8},"end":{"line":241,"column":9}},"type":"if","locations":[{"start":{"line":215,"column":8},"end":{"line":241,"column":9}},{"start":{},"end":{}}]},"27":{"loc":{"start":{"line":230,"column":26},"end":{"line":236,"column":22}},"type":"cond-expr","locations":[{"start":{"line":230,"column":47},"end":{"line":236,"column":16}},{"start":{"line":236,"column":18},"end":{"line":236,"column":22}}]},"28":{"loc":{"start":{"line":250,"column":4},"end":{"line":252,"column":5}},"type":"if","locations":[{"start":{"line":250,"column":4},"end":{"line":252,"column":5}},{"start":{},"end":{}}]},"29":{"loc":{"start":{"line":268,"column":20},"end":{"line":274,"column":16}},"type":"cond-expr","locations":[{"start":{"line":268,"column":41},"end":{"line":274,"column":10}},{"start":{"line":274,"column":12},"end":{"line":274,"column":16}}]},"30":{"loc":{"start":{"line":282,"column":6},"end":{"line":282,"column":89}},"type":"cond-expr","locations":[{"start":{"line":282,"column":33},"end":{"line":282,"column":36}},{"start":{"line":282,"column":39},"end":{"line":282,"column":89}}]},"31":{"loc":{"start":{"line":301,"column":4},"end":{"line":303,"column":5}},"type":"if","locations":[{"start":{"line":301,"column":4},"end":{"line":303,"column":5}},{"start":{},"end":{}}]},"32":{"loc":{"start":{"line":308,"column":4},"end":{"line":328,"column":5}},"type":"if","locations":[{"start":{"line":308,"column":4},"end":{"line":328,"column":5}},{"start":{},"end":{}}]},"33":{"loc":{"start":{"line":311,"column":6},"end":{"line":327,"column":7}},"type":"if","locations":[{"start":{"line":311,"column":6},"end":{"line":327,"column":7}},{"start":
[...]
":{"line":2,"column":31}},"7":{"start":{"line":3,"column":0},"end":{"line":3,"column":38}},"8":{"start":{"line":4,"column":0},"end":{"line":4,"column":41}},"9":{"start":{"line":5,"column":0},"end":{"line":5,"column":49}},"10":{"start":{"line":6,"column":0},"end":{"line":6,"column":90}},"11":{"start":{"line":7,"column":0},"end":{"line":7,"column":79}},"12":{"start":{"line":8,"column":0},"end":{"line":8,"column":61}},"13":{"start":{"line":21,"column":13},"end":{"line":21,"column":53}},"14":{"start":{"line":24,"column":13},"end":{"line":24,"column":87}},"15":{"start":{"line":25,"column":13},"end":{"line":25,"column":89}},"16":{"start":{"line":28,"column":27},"end":{"line":28,"column":70}},"17":{"start":{"line":37,"column":28},"end":{"line":58,"column":1}},"18":{"start":{"line":41,"column":17},"end":{"line":41,"column":46}},"19":{"start":{"line":44,"column":15},"end":{"line":47,"column":4}},"20":{"start":{"line":48,"column":2},"end":{"line":48,"column":20}},"21":{"start":{"line":51,"column":18},"end":{"line":51,"column":46}},"22":{"start":{"line":54,"column":16},"end":{"line":54,"column":45}},"23":{"start":{"line":57,"column":2},"end":{"line":57,"column":27}},"24":{"start":{"line":37,"column":13},"end":{"line":37,"column":28}},"25":{"start":{"line":71,"column":22},"end":{"line":74,"column":null}},"26":{"start":{"line":77,"column":23},"end":{"line":80,"column":null}},"27":{"start":{"line":83,"column":2},"end":{"line":83,"column":39}},"28":{"start":{"line":90,"column":2},"end":{"line":94,"column":4}},"29":{"start":{"line":101,"column":2},"end":{"line":105,"column":4}},"30":{"start":{"line":128,"column":6},"end":{"line":128,"column":13}},"31":{"start":{"line":131,"column":17},"end":{"line":131,"column":39}},"32":{"start":{"line":132,"column":18},"end":{"line":132,"column":36}},"33":{"start":{"line":133,"column":20},"end":{"line":133,"column":42}},"34":{"start":{"line":134,"column":18},"end":{"line":134,"column":64}},"35":{"start":{"line":137,"column":37},"end":{"line":137,"column":58}},"36":{"start":{"line":139,"column":21},"end":{"line":139,"column":43}},"37":{"start":{"line":141,"column":20},"end":{"line":159,"column":4}},"38":{"start":{"line":162,"column":40},"end":{"line":162,"column":70}},"39":{"start":{"line":164,"column":2},"end":{"line":169,"column":4}},"40":{"start":{"line":189,"column":6},"end":{"line":189,"column":13}},"41":{"start":{"line":191,"column":22},"end":{"line":191,"column":54}},"42":{"start":{"line":193,"column":14},"end":{"line":193,"column":24}},"43":{"start":{"line":194,"column":18},"end":{"line":216,"column":4}},"44":{"start":{"line":218,"column":2},"end":{"line":218,"column":17}}},"fnMap":{"0":{"name":"(anonymous_10)","decl":{"start":{"line":37,"column":28},"end":{"line":37,"column":33}},"loc":{"start":{"line":39,"column":32},"end":{"line":58,"column":1}}},"1":{"name":"generateSandboxTokens","decl":{"start":{"line":67,"column":16},"end":{"line":67,"column":37}},"loc":{"start":{"line":67,"column":61},"end":{"line":84,"column":1}}},"2":{"name":"generateExpiredSandboxToken","decl":{"start":{"line":89,"column":16},"end":{"line":89,"column":43}},"loc":{"start":{"line":89,"column":67},"end":{"line":95,"column":1}}},"3":{"name":"generateSandboxRefreshTokenOnly","decl":{"start":{"line":100,"column":16},"end":{"line":100,"column":47}},"loc":{"start":{"line":100,"column":71},"end":{"line":106,"column":1}}},"4":{"name":"createSandboxUser","decl":{"start":{"line":112,"column":22},"end":{"line":112,"column":39}},"loc":{"start":{"line":117,"column":6},"end":{"line":170,"column":1}}},"5":{"name":"createApiUserWithData","decl":{"start":{"line":175,"column":22},"end":{"line":175,"column":43}},"loc":{"start":{"line":184,"column":6},"end":{"line":219,"column":1}}},"6":{"name":"(anonymous_16)","decl":{"start":{"line":191,"column":22},"end":{"line":191,"column":35}},"loc":{"start":{"line":191,"column":22},"end":{"line":191,"column":54}}}},"branchMap":{"0":{"loc":{"start":{"line":28,"column":27},"end":{"line":28,"column":70}},"type":"binary-expr","locations":[{"start":{"line":28,"column":27},"end":{"line":28,"column":49}},{"start":{"line":28,"column":53},"end":{"line":28,"column":70}}]},"1":{"loc":{"start":{"line":38,"column":2},"end":{"line":38,"column":32}},"type":"default-arg","locations":[{"start":{"line":38,"column":30},"end":{"line":38,"column":32}}]},"2":{"loc":{"start":{"line":112,"column":40},"end":{"line":117,"column":6}},"type":"default-arg","locations":[{"start":{"line":117,"column":4},"end":{"line":117,"column":6}}]},"3":{"loc":{"start":{"line":124,"column":21},"end":{"line":124,"column":51}},"type":"default-arg","locations":[{"start":{"line":124,"column":31},"end":{"line":124,"column":51}}]},"4":{"loc":{"start":{"line":125,"column":4},"end":{"line":125,"column":45}},"type":"default-arg","locations":[{"start":{"line":125,"column":19},"end":{"line":125,"column":45}}]},"5":{"loc":{"start":{"line":126,"column":4},"end":{"line":126,"column":26}},"type":"default-arg","locations":[{"start":{"line":126,"column":11},"end":{"line":126,"column":26}}]},"6":{"loc":{"start":{"line":127,"column":4},"end":{"line":127,"column":19}},"type":"default-arg","locations":[{"start":{"line":127,"column":15},"end":{"line":127,"column":19}}]},"7":{"loc":{"start":{"line":175,"column":44},"end":{"line":184,"column":6}},"type":"default-arg","locations":[{"start":{"line":184,"column":4},"end":{"line":184,"column":6}}]},"8":{"loc":{"start":{"line":186,"column":4},"end":{"line":186,"column":34}},"type":"default-arg","locations":[{"start":{"line":186,"column":14},"end":{"line":186,"column":34}}]},"9":{"loc":{"start":{"line":187,"column":4},"end":{"line":187,"column":20}},"type":"default-arg","locations":[{"start":{"line":187,"column":17},"end":{"line":187,"column":20}}]},"10":{"loc":{"start":{"line":188,"column":4},"end":{"line":188,"column":15}},"type":"default-arg","locations":[{"start":{"line":188,"column":13},"end":{"line":188,"column":15}}]}},"s":{"0":10,"1":10,"2":10,"3":10,"4":10,"5":10,"6":10,"7":10,"8":10,"9":10,"10":10,"11":10,"12":10,"13":10,"14":10,"15":10,"16":10,"17":10,"18":7,"19":7,"20":7,"21":7,"22":7,"23":7,"24":10,"25":39,"26":39,"27":39,"28":2,"29":2,"30":29,"31":29,"32":29,"33":29,"34":29,"35":29,"36":29,"37":29,"38":29,"39":29,"40":0,"41":0,"42":0,"43":0,"44":0},"f":{"0":7,"1":39,"2":2,"3":2,"4":29,"5":0,"6":0},"b":{"0":[10,0],"1":[7],"2":[0],"3":[0],"4":[23],"5":[29],"6":[29],"7":[0],"8":[0],"9":[0],"10":[0]}}
,"D:\\dotpassport\\backend\\src\\types\\enum.ts": {"path":"D:\\dotpassport\\backend\\src\\types\\enum.ts","statementMap":{"0":{"start":{"line":1,"column":0},"end":{"line":1,"column":null}},"1":{"start":{"line":2,"column":2},"end":{"line":2,"column":null}},"2":{"start":{"line":3,"column":2},"end":{"line":3,"column":null}},"3":{"start":{"line":4,"column":2},"end":{"line":4,"column":null}}},"fnMap":{"0":{"name":"(anonymous_0)","decl":{"start":{"line":1,"column":0},"end":{"line":1,"column":12}},"loc":{"start":{"line":1,"column":20},"end":{"line":5,"column":1}}}},"branchMap":{"0":{"loc":{"start":{"line":1,"column":12},"end":{"line":1,"column":null}},"type":"binary-expr","locations":[{"start":{"line":1,"column":12},"end":{"line":1,"column":20}},{"start":{"line":1,"column":20},"end":{"line":1,"column":null}}]}},"s":{"0":27,"1":27,"2":27,"3":27},"f":{"0":27},"b":{"0":[27,27]}}
,"D:\\dotpassport\\backend\\src\\utils\\authTokens.ts": {"path":"D:\\dotpassport\\backend\\src\\utils\\authTokens.ts","statementMap":{"0":{"start":{"line":11,"column":0},"end":{"line":11,"column":16}},"1":{"start":{"line":24,"column":0},"end":{"line":24,"column":16}},"2":{"start":{"line":3,"column":0},"end":{"line":3,"column":31}},"3":{"start":{"line":4,"column":0},"end":{"line":4,"column":60}},"4":{"start":{"line":12,"column":2},"end":{"line":16,"column":4}},"5":{"start":{"line":25,"column":2},"end":{"line":29,"column":4}}},"fnMap":{"0":{"name":"generateAccessToken","decl":{"start":{"line":11,"column":16},"end":{"line":11,"column":35}},"loc":{"start":{"line":11,"column":50},"end":{"line":17,"column":1}}},"1":{"name":"generateRefreshToken","decl":{"start":{"line":24,"column":16},"end":{"line":24,"column":36}},"loc":{"start":{"line":24,"column":51},"end":{"line":30,"column":1}}}},"branchMap":{},"s":{"0":5,"1":5,"2":5,"3":5,"4":19,"5":0},"f":{"0":19,"1":0},"b":{}}
,"D:\\dotpassport\\backend\\src\\utils\\balanceFormatter.ts": {"path":"D:\\dotpassport\\backend\\src\\utils\\balanceFormatter.ts","statementMap":{"0":{"start":{"line":9,"column":0},"end":{"line":9,"column":16}},"1":{"start":{"line":28,"column":0},"end":{"line":28,"column":16}},"2":{"start":{"line":10,"column":15},"end":{"line":10,"column":33}},"3":{"start":{"line":11,"column":15},"end":{"line":11,"column":45}},"4":{"start":{"line":13,"column":19},"end":{"line":13,"column":28}},"5":{"start":{"line":14,"column":19},"end":{"line":14,"column":65}},"6":{"start":{"line":17,"column":2},"end":{"line":17,"column":41}},"7":{"start":{"line":19,"column":2},"end":{"line":21,"column":23}},"8":{"start":{"line":29,"column":15},"end":{"line":29,"column":33}},"9":{"start":{"line":30,"column":15},"end":{"line":30,"column":45}},"10":{"start":{"line":32,"column":19},"end":{"line":32,"column":28}},"11":{"start":{"line":33,"column":19},"end":{"line":33,"column":28}},"12":{"start":{"line":36,"column":2},"end":{"line":36,"column":58}}},"fnMap":{"0":{"name":"formatUnits","decl":{"start":{"line":9,"column":16},"end":{"line":9,"column":27}},"loc":{"start":{"line":9,"column":61},"end":{"line":22,"column":1}}},"1":{"name":"parseUnits","decl":{"start":{"line":28,"column":16},"end":{"line":28,"column":26}},"loc":{"start":{"line":28,"column":60},"end":{"line":37,"column":1}}}},"branchMap":{"0":{"loc":{"start":{"line":9,"column":48},"end":{"line":9,"column":61}},"type":"default-arg","locations":[{"start":{"line":9,"column":59},"end":{"line":9,"column":61}}]},"1":{"loc":{"start":{"line":19,"column":9},"end":{"line":21,"column":22}},"type":"cond-expr","locations":[{"start":{"line":20,"column":6},"end":{"line":20,"column":39}},{"start":{"line":21,"column":6},"end":{"line":21,"column":22}}]},"2":{"loc":{"start":{"line":28,"column":47},"end":{"line":28,"column":60}},"type":"default-arg","locations":[{"start":{"line":28,"column":58},"end":{"line":28,"column":60}}]}},"s":{"0":7,"1":7,"2":0,"3":0,"4":0,"5":0,"6":0,"7":0,"8":3,"9":3,"10":3,"11":3,"12":3},"f":{"0":0,"1":3},"b":{"0":[0],"1":[0,0],"2":[0]}}
,"D:\\dotpassport\\backend\\src\\utils\\index.ts": {"path":"D:\\dotpassport\\backend\\src\\utils\\index.ts","statementMap":{"0":{"start":{"line":1,"column":0},"end":{"line":1,"column":54}},"1":{"start":{"line":3,"column":32},"end":{"line":11,"column":1}},"2":{"start":{"line":4,"column":2},"end":{"line":10,"column":3}},"3":{"start":{"line":6,"column":4},"end":{"line":6,"column":25}},"4":{"start":{"line":7,"column":4},"end":{"line":7,"column":17}},"5":{"start":{"line":9,"column":4},"end":{"line":9,"column":40}},"6":{"start":{"line":3,"column":13},"end":{"line":3,"column":32}}},"fnMap":{"0":{"name":"(anonymous_0)","decl":{"start":{"line":3,"column":32},"end":{"line":3,"column":33}},"loc":{"start":{"line":3,"column":64},"end":{"line":11,"column":1}}}},"branchMap":{},"s":{"0":5,"1":5,"2":0,"3":0,"4":0,"5":0,"6":5},"f":{"0":0},"b":{}}
,"D:\\dotpassport\\backend\\src\\utils\\logger.ts": {"path":"D:\\dotpassport\\backend\\src\\utils\\logger.ts","statementMap":{"0":{"start":{"line":1,"column":0},"end":{"line":1,"column":59}},"1":{"start":{"line":2,"column":0},"end":{"line":2,"column":40}},"2":{"start":{"line":5,"column":2},"end":{"line":5,"column":8}},"3":{"start":{"line":10,"column":2},"end":{"line":11,"column":14}},"4":{"start":{"line":11,"column":4},"end":{"line":11,"column":14}},"5":{"start":{"line":13,"column":2},"end":{"line":15,"column":3}},"6":{"start":{"line":14,"column":4},"end":{"line":14,"column":25}},"7":{"start":{"line":17,"column":2},"end":{"line":19,"column":3}},"8":{"start":{"line":18,"column":4},"end":{"line":18,"column":21}},"9":{"start":{"line":21,"column":24},"end":{"line":21,"column":26}},"10":{"start":{"line":24,"column":2},"end":{"line":29,"column":3}},"11":{"start":{"line":25,"column":4},"end":{"line":25,"column":28}},"12":{"start":{"line":26,"column":4},"end":{"line":28,"column":7}},"13":{"start":{"line":27,"column":6},"end":{"line":27,"column":40}},"14":{"start":{"line":32,"column":2},"end":{"line":34,"column":3}},"15":{"start":{"line":33,"column":4},"end":{"line":33,"column":45}},"16":{"start":{"line":37,"column":2},"end":{"line":40,"column":3}},"17":{"start":{"line":38,"column":4},"end":{"line":38,"column":31}},"18":{"start":{"line":39,"column":4},"end":{"line":39,"column":27}},"19":{"start":{"line":43,"column":2},"end":{"line":59,"column":3}},"20":{"start":{"line":44,"column":15},"end":{"line":44,"column":106}},"21":{"start":{"line":45,"column":4},"end":{"line":45,"column":21}},"22":{"start":{"line":49,"column":4},"end":{"line":52,"column":5}},"23":{"start":{"line":50,"column":6},"end":{"line":50,"column":34}},"24":{"start":{"line":51,"column":6},"end":{"line":51,"column":57}},"25":{"start":{"line":55,"column":4},"end":{"line":58,"column":5}},"26":{"start":{"line":56,"column":6},"end":{"line":56,"column":34}},"27":{"start":{"line":57,"column":6},"end":{"line":57,"column":58}},"28":{"start":{"line":62,"column":2},"end":{"line":69,"column":5}},"29":{"start":{"line":63,"column":4},"end":{"line":67,"column":13}},"30":{"start":{"line":67,"column":6},"end":{"line":67,"column":13}},"31":{"start":{"line":68,"column":4},"end":{"line":68,"column":29}},"32":{"start":{"line":71,"column":2},"end":{"line":71,"column":53}},"33":{"start":{"line":74,"column":22},"end":{"line":82,"column":null}},"34":{"start":{"line":81,"column":4},"end":{"line":81,"column":69}},"35":{"start":{"line":86,"column":19},"end":{"line":91,"column":null}},"36":{"start":{"line":94,"column":13},"end":{"line":103,"column":3}},"37":{"start":{"line":105,"column":0},"end":{"line":107,"column":2}},"38":{"start":{"line":109,"column":0},"end":{"line":111,"column":2}}},"fnMap":{"0":{"name":"summarize","decl":{"start":{"line":8,"column":9},"end":{"line":8,"column":18}},"loc":{"start":{"line":8,"column":28},"end":{"line":72,"column":1}}},"1":{"name":"(anonymous_1)","decl":{"start":{"line":26,"column":24},"end":{"line":26,"column":25}},"loc":{"start":{"line":26,"column":51},"end":{"line":28,"column":5}}},"2":{"name":"(anonymous_2)","decl":{"start":{"line":62,"column":31},"end":{"line":62,"column":32}},"loc":{"start":{"line":62,"column":42},"end":{"line":69,"column":3}}},"3":{"name":"(anonymous_3)","decl":{"start":{"line":79,"column":9},"end":{"line":79,"column":10}},"loc":{"start":{"line":79,"column":53},"end":{"line":82,"column":3}}}},"branchMap":{"0":{"loc":{"start":{"line":10,"column":2},"end":{"line":11,"column":14}},"type":"if","locations":[{"start":{"line":10,"column":2},"end":{"line":11,"column":14}},{"start":{},"end":{}}]},"1":{"loc":{"start":{"line":10,"column":6},"end":{"line":10,"column":73}},"type":"binary-expr","locations":[{"start":{"line":10,"column":6},"end":{"line":10,"column":11}},{"start":{"line":10,"column":15},"end":{"line":10,"column":39}},{"start":{"line":10,"column":43},"end":{"line":10,"column":73}}]},"2":{"loc":{"start":{"line":13,"column":2},"end":{"line":15,"column":3}},"type":"if","locations":[{"start":{"line":13,"column":2},"end":{"line":15,"column":3}},{"start":{},"end":{}}]},"3":{"loc":{"start":{"line":13,"column":6},"end":{"line":13,"column":56}},"type":"binary-expr","locations":[{"start":{"line":13,"column":6},"end":{"line":13,"column":19}},{"start":{"line":13,"column":23},"end":{"line":13,"column":56}}]},"4":{"loc":{"start":{"line":17,"column":2},"end":{"line":19,"column":3}},"type":"if","locations":[{"start":{"line":17,"column":2},"end":{"line":19,"column":3}},{"start":{},"end":{}}]},"5":{"loc":{"start":{"line":17,"column":6},"end":{"line":17,"column":48}},"type":"binary-expr","locations":[{"start":{"line":17,"column":6},"end":{"line":17,"column":15}},{"start":{"line":17,"column":19},"end":{"line":17,"column":48}}]},"6":{"loc":{"start":{"line":24,"column":2},"end":{"line":29,"column":3}},"type":"if","locations":[{"start":{"line":24,"column":2},"end":{"line":29,"column":3}},{"start":{},"end":{}}]},"7":{"loc":{"start":{"line":24,"column":6},"end":{"line":24,"column":58}},"type":"binary-expr","locations":[{"start":{"line":24,"column":6},"end":{"line":24,"column":32}},{"start":{"line":24,"column":36},"end":{"line":24,"column":58}}]},"8":{"loc":{"start":{"line":32,"column":2},"end":{"line":34,"column":3}},"type":"if","locations":[{"start":{"line":32,"column":2},"end":{"line":34,"column":3}},{"start":{},"end":{}}]},"9":{"loc":{"start":{"line":32,"column":6},"end":{"line":32,"column":45}},"type":"binary-expr","locations":[{"start":{"line":32,"column":6},"end":{"line":32,"column":26}},{"start":{"line":32,"column":30},"end":{"line":32,"column":45}}]},"10":{"loc":{"start":{"line":37,"column":2},"end":{"line":40,"column":3}},"type":"if","locations":[{"start":{"line":37,"column":2},"end":{"line":40,"column":3}},{"start":{},"end":{}}]},"11":{"loc":{"start":{"line":37,"column":6},"end":{"line":37,"column":35}},"type":"binary-expr","locations":[{"start":{"line":37,"column":6},"end":{"line":37,"column":21}},{"start":{"line":37,"column":25},"end":{"line":37,"column":35}}]},"12":{"loc":{"start":{"line":43,"column":2},"end":{"line":59,"column":3}},"type":"if","locations":[{"start":{"line":43,"column":2},"end":{"line":59,"column":3}},{"start":{},"end":{}}]},"13":{"loc":{"start":{"line":43,"column":6},"end":{"line":43,"column":26}},"type":"binary-expr","locations":[{"start":{"line":43,"column":6},"end":{"line":43,"column":14}},{"start":{"line":43,"column":18},"end":{"line":43,"column":26}}]},"14":{"loc":{"start":{"line":49,"column":4},"end":{"line":52,"column":5}},"type":"if","locations":[{"start":{"line":49,"column":4},"end":{"line":52,"column":5}},{"start":{},"end":{}}]},"15":{"loc":{"start":{"line":49,"column":8},"end":{"line":49,"column":62}},"type":"binary-expr","locations":[{"start":{"line":49,"column":8},"end":{"line":49,"column":21}},{"start":{"line":49,"column":25},"end":{"line":49,"column":62}}]},"16":{"loc":{"start":{"line":55,"column":4},"end":{"line":58,"column":5}},"type":"if","locations":[{"start":{"line":55,"column":4},"end":{"line":58,"column":5}},{"start":{},"end":{}}]},"17":{"loc":{"start":{"line":55,"column":8},"end":{"line":55,"column":64}},"type":"binary-expr","locations":[{"start":{"line":55,"column":8},"end":{"line":55,"column":22}},{"start":{"line":55,"column":26},"end":{"line":55,"column":64}}]},"18":{"loc":{"start":{"line":63,"column":4},"end":{"line":67,"column":13}},"type":"if","locations":[{"start":{"line":63,"column":4},"end":{"line":67,"column":13}},{"start":{},"end":{}}]},"19":{"loc":{"start":{"line":64,"column":6},"end":{"line":65,"column":27}},"type":"binary-expr","locations":[{"start":{"line":64,"column":6},"end":{"line":64,"column":77}},{"start":{"line":65,"column":6},"end":{"line":65,"column":27}}]},"20":{"loc":{"start":{"line":71,"column":9},"end":{"line":71,"column":52}},"type":"cond-expr","locations":[{"start":{"line":71,"column":24},"end":{"line":71,"column":47}},{"start":{"line":71,"column":50},"end":{"line":71,"column":52}}]},"21":{"loc":{"start":{"line":95,"column":9},"end":{"line":95,"column":40}},"type":"binary-expr","locations":[{"start":{"line":95,"column":9},"end":{"line":95,"column":30}},{"start":{"line":95,"column":34},"end":{"line":95,"column":40}}]}},"s":{"0":27,"1":27,"2":27,"3":0,"4":0,"5":0,"6":0,"7":0,"8":0,"9":0,"10":0,"11":0,"12":0,"13":0,"14":0,"15":0,"16":0,"17":0,"18":0,"19":0,"20":0,"21":0,"22":0,"23":0,"24":0,"25":0,"26":0,"27":0,"28":0,"29":0,"30":0,"31":0,"32":0,"33":27,"34":0,"35":27,"36":27,"37":27,"38":27},"f":{"0":0,"1":0,"2":0,"3":0},"b":{"0":[0,0],"1":[0,0,0],"2":[0,0],"3":[0,0],"4":[0,0],"5":[0,0],"6":[0,0],"7":[0,0],"8":[0,0],"9":[0,0],"10":[0,0],"11":[0,0],"12":[0,0],"13":[0,0],"14":[0,0],"15":[0,0],"16":[0,0],"17":[0,0],"18":[0,0],"19":[0,0],"20":[0,0],"21":[27,27]}}
}
