TN:
SF:src\app.ts
FN:24,createApp
FN:38,(anonymous_2)
FN:46,(anonymous_3)
FN:96,(anonymous_4)
FN:97,(anonymous_5)
FN:100,(anonymous_6)
FNF:6
FNH:3
FNDA:5,createApp
FNDA:129,(anonymous_2)
FNDA:129,(anonymous_3)
FNDA:0,(anonymous_4)
FNDA:0,(anonymous_5)
FNDA:0,(anonymous_6)
DA:1,5
DA:2,5
DA:3,5
DA:4,5
DA:5,5
DA:6,5
DA:7,5
DA:8,5
DA:9,5
DA:11,5
DA:12,5
DA:13,5
DA:14,5
DA:15,5
DA:16,5
DA:17,5
DA:18,5
DA:19,5
DA:20,5
DA:21,5
DA:24,5
DA:25,5
DA:28,5
DA:31,5
DA:33,5
DA:34,5
DA:35,5
DA:38,5
DA:39,129
DA:40,129
DA:41,129
DA:42,129
DA:46,5
DA:47,129
DA:48,28
DA:50,101
DA:54,5
DA:63,5
DA:66,5
DA:67,5
DA:68,5
DA:71,5
DA:78,5
DA:79,5
DA:80,5
DA:81,5
DA:84,5
DA:87,5
DA:90,5
DA:93,5
DA:96,5
DA:97,5
DA:100,5
DA:101,0
DA:103,0
DA:104,0
DA:108,5
DA:110,5
LF:58
LH:55
BRDA:47,0,0,28
BRDA:47,0,1,101
BRF:2
BRH:2
end_of_record
TN:
SF:src\config\index.ts
FNF:0
FNH:0
DA:1,12
DA:2,12
DA:3,12
DA:5,12
DA:6,12
DA:8,12
DA:9,12
DA:10,12
DA:15,12
DA:30,12
DA:31,12
DA:32,12
DA:33,12
DA:35,12
DA:37,12
DA:39,12
LF:16
LH:16
BRDA:8,0,0,12
BRDA:8,0,1,0
BRDA:11,1,0,0
BRDA:11,1,1,12
BRF:4
BRH:2
end_of_record
TN:
SF:src\constant\index.ts
FNF:0
FNH:0
DA:1,18
DA:2,18
DA:3,18
LF:3
LH:3
BRF:0
BRH:0
end_of_record
TN:
SF:src\controller\authController.ts
FN:20,requestChallenge
FN:46,polkadotLogin
FN:193,polkadotLoginTest
FN:314,refreshToken
FN:346,logout
FNF:5
FNH:0
FNDA:0,requestChallenge
FNDA:0,polkadotLogin
FNDA:0,polkadotLoginTest
FNDA:0,refreshToken
FNDA:0,logout
DA:4,5
DA:5,5
DA:6,5
DA:7,5
DA:8,5
DA:9,5
DA:10,5
DA:11,5
DA:12,5
DA:13,5
DA:14,5
DA:16,5
DA:20,5
DA:25,0
DA:27,0
DA:29,0
DA:32,0
DA:34,0
DA:36,0
DA:38,0
DA:40,0
DA:41,0
DA:46,5
DA:51,0
DA:53,0
DA:55,0
DA:60,0
DA:61,0
DA:63,0
DA:64,0
DA:66,0
DA:67,0
DA:71,0
DA:72,0
DA:73,0
DA:76,0
DA:79,0
DA:80,0
DA:81,0
DA:84,0
DA:85,0
DA:86,0
DA:88,0
DA:90,0
DA:91,0
DA:94,0
DA:98,0
DA:99,0
DA:103,0
DA:104,0
DA:105,0
DA:109,0
DA:110,0
DA:112,0
DA:115,0
DA:116,0
DA:119,0
DA:120,0
DA:135,0
DA:138,0
DA:139,0
DA:140,0
DA:141,0
DA:142,0
DA:143,0
DA:144,0
DA:145,0
DA:149,0
DA:157,0
DA:160,0
DA:161,0
DA:163,0
DA:171,0
DA:172,0
DA:175,0
DA:176,0
DA:178,0
DA:184,0
DA:186,0
DA:187,0
DA:189,0
DA:193,5
DA:198,0
DA:200,0
DA:203,0
DA:204,0
DA:205,0
DA:207,0
DA:209,0
DA:210,0
DA:213,0
DA:217,0
DA:218,0
DA:222,0
DA:223,0
DA:224,0
DA:228,0
DA:229,0
DA:231,0
DA:234,0
DA:235,0
DA:238,0
DA:239,0
DA:254,0
DA:257,0
DA:258,0
DA:259,0
DA:260,0
DA:261,0
DA:262,0
DA:263,0
DA:264,0
DA:268,0
DA:276,0
DA:279,0
DA:280,0
DA:281,0
DA:283,0
DA:291,0
DA:292,0
DA:295,0
DA:296,0
DA:298,0
DA:304,0
DA:306,0
DA:307,0
DA:309,0
DA:314,5
DA:319,0
DA:320,0
DA:321,0
DA:322,0
DA:325,0
DA:326,0
DA:327,0
DA:328,0
DA:331,0
DA:332,0
DA:333,0
DA:334,0
DA:336,0
DA:337,0
DA:338,0
DA:340,0
DA:341,0
DA:346,5
DA:349,0
DA:350,0
LF:148
LH:17
BRDA:60,0,0,0
BRDA:60,0,1,0
BRDA:63,1,0,0
BRDA:63,1,1,0
BRDA:66,2,0,0
BRDA:66,2,1,0
BRDA:72,3,0,0
BRDA:72,3,1,0
BRDA:86,4,0,0
BRDA:86,4,1,0
BRDA:88,5,0,0
BRDA:88,5,1,0
BRDA:91,6,0,0
BRDA:91,6,1,0
BRDA:98,7,0,0
BRDA:98,7,1,0
BRDA:104,8,0,0
BRDA:104,8,1,0
BRDA:109,9,0,0
BRDA:109,9,1,0
BRDA:119,10,0,0
BRDA:119,10,1,0
BRDA:122,11,0,0
BRDA:122,11,1,0
BRDA:123,12,0,0
BRDA:123,12,1,0
BRDA:124,13,0,0
BRDA:124,13,1,0
BRDA:125,14,0,0
BRDA:125,14,1,0
BRDA:126,15,0,0
BRDA:126,15,1,0
BRDA:127,16,0,0
BRDA:127,16,1,0
BRDA:128,17,0,0
BRDA:128,17,1,0
BRDA:129,18,0,0
BRDA:129,18,1,0
BRDA:130,19,0,0
BRDA:130,19,1,0
BRDA:131,20,0,0
BRDA:131,20,1,0
BRDA:132,21,0,0
BRDA:132,21,1,0
BRDA:138,22,0,0
BRDA:138,22,1,0
BRDA:139,23,0,0
BRDA:139,23,1,0
BRDA:140,24,0,0
BRDA:140,24,1,0
BRDA:142,25,0,0
BRDA:142,25,1,0
BRDA:144,26,0,0
BRDA:144,26,1,0
BRDA:166,27,0,0
BRDA:166,27,1,0
BRDA:167,28,0,0
BRDA:167,28,1,0
BRDA:186,29,0,0
BRDA:186,29,1,0
BRDA:205,30,0,0
BRDA:205,30,1,0
BRDA:207,31,0,0
BRDA:207,31,1,0
BRDA:210,32,0,0
BRDA:210,32,1,0
BRDA:217,33,0,0
BRDA:217,33,1,0
BRDA:223,34,0,0
BRDA:223,34,1,0
BRDA:228,35,0,0
BRDA:228,35,1,0
BRDA:238,36,0,0
BRDA:238,36,1,0
BRDA:241,37,0,0
BRDA:241,37,1,0
BRDA:242,38,0,0
BRDA:242,38,1,0
BRDA:243,39,0,0
BRDA:243,39,1,0
BRDA:244,40,0,0
BRDA:244,40,1,0
BRDA:245,41,0,0
BRDA:245,41,1,0
BRDA:246,42,0,0
BRDA:246,42,1,0
BRDA:247,43,0,0
BRDA:247,43,1,0
BRDA:248,44,0,0
BRDA:248,44,1,0
BRDA:249,45,0,0
BRDA:249,45,1,0
BRDA:250,46,0,0
BRDA:250,46,1,0
BRDA:251,47,0,0
BRDA:251,47,1,0
BRDA:257,48,0,0
BRDA:257,48,1,0
BRDA:258,49,0,0
BRDA:258,49,1,0
BRDA:259,50,0,0
BRDA:259,50,1,0
BRDA:261,51,0,0
BRDA:261,51,1,0
BRDA:263,52,0,0
BRDA:263,52,1,0
BRDA:286,53,0,0
BRDA:286,53,1,0
BRDA:287,54,0,0
BRDA:287,54,1,0
BRDA:306,55,0,0
BRDA:306,55,1,0
BRDA:320,56,0,0
BRDA:320,56,1,0
BRDA:326,57,0,0
BRDA:326,57,1,0
BRDA:326,58,0,0
BRDA:326,58,1,0
BRDA:336,59,0,0
BRDA:336,59,1,0
BRF:120
BRH:0
end_of_record
TN:
SF:src\controller\badgeController.ts
FN:16,getBadgeDefinitions
FN:38,getUserBadges
FN:68,refreshUserBadges
FN:94,(anonymous_3)
FN:105,(anonymous_4)
FN:142,(anonymous_5)
FNF:6
FNH:6
FNDA:1,getBadgeDefinitions
FNDA:1,getUserBadges
FNDA:2,refreshUserBadges
FNDA:2,(anonymous_3)
FNDA:3,(anonymous_4)
FNDA:2,(anonymous_5)
DA:3,5
DA:4,5
DA:5,5
DA:6,5
DA:7,5
DA:8,5
DA:16,5
DA:21,1
DA:22,1
DA:23,1
DA:29,0
DA:30,0
DA:38,5
DA:43,1
DA:44,1
DA:45,0
DA:48,1
DA:49,1
DA:50,1
DA:51,1
DA:59,0
DA:60,0
DA:68,5
DA:73,2
DA:74,2
DA:75,0
DA:78,2
DA:79,2
DA:80,2
DA:81,0
DA:83,2
DA:86,2
DA:92,2
DA:93,2
DA:94,2
DA:97,2
DA:100,2
DA:101,2
DA:102,2
DA:104,2
DA:105,3
DA:107,2
DA:108,0
DA:111,0
DA:115,2
DA:118,2
DA:135,2
DA:136,2
DA:138,2
DA:139,2
DA:142,2
DA:143,2
DA:144,1
DA:145,1
DA:146,1
DA:150,2
DA:156,0
DA:162,2
DA:163,2
DA:170,0
DA:171,0
DA:172,0
LF:62
LH:49
BRDA:44,0,0,0
BRDA:44,0,1,1
BRDA:74,1,0,0
BRDA:74,1,1,2
BRDA:80,2,0,0
BRDA:80,2,1,2
BRDA:80,3,0,2
BRDA:80,3,1,2
BRDA:80,3,2,2
BRDA:107,4,0,0
BRDA:107,4,1,2
BRDA:138,5,0,2
BRDA:138,5,1,0
BRDA:143,6,0,1
BRDA:143,6,1,1
BRDA:145,7,0,1
BRDA:145,7,1,0
BRF:17
BRH:11
end_of_record
TN:
SF:src\controller\scoreController.ts
FN:9,refreshScore
FN:53,getScore
FN:93,getScoreCategories
FNF:3
FNH:3
FNDA:2,refreshScore
FNDA:2,getScore
FNDA:1,getScoreCategories
DA:2,5
DA:3,5
DA:4,5
DA:5,5
DA:6,5
DA:7,5
DA:9,5
DA:14,2
DA:15,2
DA:16,0
DA:19,2
DA:21,2
DA:24,1
DA:25,1
DA:27,1
DA:28,1
DA:29,1
DA:30,0
DA:31,0
DA:34,1
DA:40,1
DA:41,1
DA:53,5
DA:58,2
DA:59,2
DA:60,0
DA:63,2
DA:64,2
DA:67,2
DA:68,1
DA:69,1
DA:70,1
DA:73,2
DA:80,0
DA:81,0
DA:93,5
DA:98,1
DA:100,1
DA:104,1
DA:110,0
DA:111,0
LF:41
LH:33
BRDA:15,0,0,0
BRDA:15,0,1,2
BRDA:27,1,0,1
BRDA:27,1,1,0
BRDA:30,2,0,0
BRDA:30,2,1,0
BRDA:42,3,0,0
BRDA:42,3,1,1
BRDA:59,4,0,0
BRDA:59,4,1,2
BRDA:67,5,0,1
BRDA:67,5,1,1
BRDA:82,6,0,0
BRDA:82,6,1,0
BRF:14
BRH:6
end_of_record
TN:
SF:src\controller\userController.ts
FN:9,getLoggedInUser
FN:39,getPublicProfileByAddress
FNF:2
FNH:0
FNDA:0,getLoggedInUser
FNDA:0,getPublicProfileByAddress
DA:2,5
DA:4,5
DA:5,5
DA:6,5
DA:7,5
DA:9,5
DA:14,0
DA:15,0
DA:19,0
DA:20,0
DA:23,0
DA:34,0
DA:35,0
DA:39,5
DA:44,0
DA:46,0
DA:47,0
DA:50,0
DA:51,0
DA:55,0
DA:60,0
DA:75,0
DA:76,0
LF:23
LH:7
BRDA:19,0,0,0
BRDA:19,0,1,0
BRDA:24,1,0,0
BRDA:24,1,1,0
BRDA:31,2,0,0
BRDA:31,2,1,0
BRDA:50,3,0,0
BRDA:50,3,1,0
BRDA:64,4,0,0
BRDA:64,4,1,0
BRF:10
BRH:0
end_of_record
TN:
SF:src\developer\controller\apiKeyController.ts
FN:24,createApiKeyHandler
FN:73,listApiKeysHandler
FN:106,getApiKeyHandler
FN:131,updateApiKeyHandler
FN:159,revokeApiKeyHandler
FN:197,getUsageStatsHandler
FNF:6
FNH:6
FNDA:2,createApiKeyHandler
FNDA:4,listApiKeysHandler
FNDA:2,getApiKeyHandler
FNDA:1,updateApiKeyHandler
FNDA:2,revokeApiKeyHandler
FNDA:1,getUsageStatsHandler
DA:2,5
DA:3,5
DA:4,5
DA:24,5
DA:29,2
DA:30,2
DA:31,0
DA:34,2
DA:35,2
DA:37,2
DA:46,2
DA:62,0
DA:63,0
DA:73,5
DA:78,4
DA:79,4
DA:80,4
DA:81,4
DA:83,4
DA:88,4
DA:90,4
DA:92,4
DA:97,0
DA:98,0
DA:106,5
DA:111,2
DA:112,2
DA:113,2
DA:115,1
DA:120,1
DA:121,1
DA:131,5
DA:136,1
DA:137,1
DA:138,1
DA:140,1
DA:142,1
DA:148,0
DA:149,0
DA:159,5
DA:164,2
DA:165,2
DA:166,0
DA:169,2
DA:170,2
DA:171,2
DA:173,2
DA:175,1
DA:186,1
DA:187,1
DA:197,5
DA:202,1
DA:203,1
DA:204,1
DA:206,1
DA:211,0
DA:212,0
LF:57
LH:47
BRDA:30,0,0,0
BRDA:30,0,1,2
BRDA:64,1,0,0
BRDA:64,1,1,0
BRDA:79,2,0,4
BRDA:79,2,1,0
BRDA:79,3,0,4
BRDA:79,3,1,3
BRDA:80,4,0,4
BRDA:80,4,1,0
BRDA:80,5,0,4
BRDA:80,5,1,3
BRDA:81,6,0,1
BRDA:81,6,1,3
BRDA:83,7,0,0
BRDA:83,7,1,4
BRDA:83,8,0,4
BRDA:83,8,1,0
BRDA:85,9,0,0
BRDA:85,9,1,4
BRDA:85,10,0,4
BRDA:85,10,1,0
BRDA:88,11,0,1
BRDA:88,11,1,3
BRDA:122,12,0,1
BRDA:122,12,1,0
BRDA:150,13,0,0
BRDA:150,13,1,0
BRDA:165,14,0,0
BRDA:165,14,1,2
BRDA:188,15,0,1
BRDA:188,15,1,0
BRDA:213,16,0,0
BRDA:213,16,1,0
BRF:34
BRH:18
end_of_record
TN:
SF:src\developer\controller\developerController.ts
FN:22,getProfileByAddress
FN:51,(anonymous_1)
FN:127,getScoresByAddress
FN:192,getSpecificCategoryScore
FN:291,getBadgesByAddress
FN:316,(anonymous_5)
FN:338,(anonymous_6)
FN:361,getSpecificBadgeByAddress
FN:417,(anonymous_8)
FN:483,getBadgeDefinitions
FN:494,(anonymous_10)
FN:515,getCategoryDefinitions
FN:528,(anonymous_12)
FNF:13
FNH:9
FNDA:4,getProfileByAddress
FNDA:0,(anonymous_1)
FNDA:2,getScoresByAddress
FNDA:3,getSpecificCategoryScore
FNDA:2,getBadgesByAddress
FNDA:0,(anonymous_5)
FNDA:0,(anonymous_6)
FNDA:3,getSpecificBadgeByAddress
FNDA:0,(anonymous_8)
FNDA:7,getBadgeDefinitions
FNDA:7,(anonymous_10)
FNDA:3,getCategoryDefinitions
FNDA:3,(anonymous_12)
DA:2,5
DA:3,5
DA:4,5
DA:5,5
DA:6,5
DA:7,5
DA:8,5
DA:9,5
DA:10,5
DA:22,5
DA:27,4
DA:28,4
DA:29,4
DA:32,4
DA:33,4
DA:37,0
DA:39,0
DA:40,0
DA:41,0
DA:43,0
DA:51,0
DA:66,0
DA:67,0
DA:70,0
DA:71,0
DA:72,0
DA:73,0
DA:74,0
DA:75,0
DA:76,0
DA:77,0
DA:78,0
DA:79,0
DA:83,0
DA:84,0
DA:85,0
DA:102,0
DA:116,0
DA:117,0
DA:127,5
DA:132,2
DA:133,2
DA:134,2
DA:137,2
DA:138,2
DA:142,0
DA:144,0
DA:145,0
DA:147,0
DA:149,0
DA:163,0
DA:164,0
DA:166,0
DA:170,0
DA:181,0
DA:182,0
DA:192,5
DA:197,3
DA:198,3
DA:199,3
DA:202,3
DA:203,3
DA:207,0
DA:209,0
DA:210,0
DA:212,0
DA:213,0
DA:215,0
DA:217,0
DA:222,0
DA:246,0
DA:247,0
DA:249,0
DA:250,0
DA:251,0
DA:255,0
DA:260,0
DA:280,0
DA:281,0
DA:291,5
DA:296,2
DA:297,2
DA:298,2
DA:301,2
DA:302,2
DA:306,0
DA:308,0
DA:309,0
DA:311,0
DA:312,0
DA:316,0
DA:331,0
DA:332,0
DA:334,0
DA:338,0
DA:350,0
DA:351,0
DA:361,5
DA:366,3
DA:367,3
DA:368,3
DA:371,3
DA:372,3
DA:376,0
DA:378,0
DA:379,0
DA:384,0
DA:386,0
DA:388,0
DA:414,0
DA:415,0
DA:417,0
DA:420,0
DA:423,0
DA:424,0
DA:428,0
DA:429,0
DA:448,0
DA:472,0
DA:473,0
DA:483,5
DA:488,7
DA:489,7
DA:491,7
DA:494,7
DA:506,0
DA:507,0
DA:515,5
DA:520,3
DA:521,3
DA:525,3
DA:528,3
DA:539,0
DA:540,0
LF:134
LH:49
BRDA:32,0,0,4
BRDA:32,0,1,0
BRDA:39,1,0,0
BRDA:39,1,1,0
BRDA:39,2,0,0
BRDA:39,2,1,0
BRDA:41,3,0,0
BRDA:41,3,1,0
BRDA:50,4,0,0
BRDA:50,4,1,0
BRDA:71,5,0,0
BRDA:71,5,1,0
BRDA:73,6,0,0
BRDA:73,6,1,0
BRDA:74,7,0,0
BRDA:74,7,1,0
BRDA:75,8,0,0
BRDA:75,8,1,0
BRDA:76,9,0,0
BRDA:76,9,1,0
BRDA:77,10,0,0
BRDA:77,10,1,0
BRDA:78,11,0,0
BRDA:78,11,1,0
BRDA:79,12,0,0
BRDA:79,12,1,0
BRDA:84,13,0,0
BRDA:84,13,1,0
BRDA:86,14,0,0
BRDA:86,14,1,0
BRDA:96,15,0,0
BRDA:96,15,1,0
BRDA:106,16,0,0
BRDA:106,16,1,0
BRDA:106,16,2,0
BRDA:118,17,0,0
BRDA:118,17,1,0
BRDA:137,18,0,2
BRDA:137,18,1,0
BRDA:144,19,0,0
BRDA:144,19,1,0
BRDA:147,20,0,0
BRDA:147,20,1,0
BRDA:166,21,0,0
BRDA:166,21,1,0
BRDA:183,22,0,0
BRDA:183,22,1,0
BRDA:202,23,0,3
BRDA:202,23,1,0
BRDA:209,24,0,0
BRDA:209,24,1,0
BRDA:212,25,0,0
BRDA:212,25,1,0
BRDA:215,26,0,0
BRDA:215,26,1,0
BRDA:230,27,0,0
BRDA:230,27,1,0
BRDA:250,28,0,0
BRDA:250,28,1,0
BRDA:268,29,0,0
BRDA:268,29,1,0
BRDA:282,30,0,0
BRDA:282,30,1,0
BRDA:301,31,0,2
BRDA:301,31,1,0
BRDA:308,32,0,0
BRDA:308,32,1,0
BRDA:311,33,0,0
BRDA:311,33,1,0
BRDA:311,34,0,0
BRDA:311,34,1,0
BRDA:343,35,0,0
BRDA:343,35,1,0
BRDA:352,36,0,0
BRDA:352,36,1,0
BRDA:371,37,0,3
BRDA:371,37,1,0
BRDA:378,38,0,0
BRDA:378,38,1,0
BRDA:384,39,0,0
BRDA:384,39,1,0
BRDA:399,40,0,0
BRDA:399,40,1,0
BRDA:423,41,0,0
BRDA:423,41,1,0
BRDA:428,42,0,0
BRDA:428,42,1,0
BRDA:457,43,0,0
BRDA:457,43,1,0
BRDA:474,44,0,0
BRDA:474,44,1,0
BRF:91
BRH:5
end_of_record
TN:
SF:src\developer\controller\sandboxController.ts
FN:30,requestChallengeHandler
FN:50,(anonymous_2)
FN:75,authenticateHandler
FN:176,refreshTokenHandler
FN:214,logoutHandler
FN:238,getMeHandler
FN:294,regenerateKeyHandler
FN:332,getRequestLogsHandler
FN:389,getStatsHandler
FNF:9
FNH:8
FNDA:16,requestChallengeHandler
FNDA:0,(anonymous_2)
FNDA:10,authenticateHandler
FNDA:4,refreshTokenHandler
FNDA:2,logoutHandler
FNDA:5,getMeHandler
FNDA:3,regenerateKeyHandler
FNDA:6,getRequestLogsHandler
FNDA:5,getStatsHandler
DA:2,5
DA:3,5
DA:4,5
DA:12,5
DA:16,5
DA:17,5
DA:21,5
DA:30,5
DA:35,16
DA:36,16
DA:38,16
DA:39,0
DA:42,16
DA:43,16
DA:44,16
DA:45,16
DA:47,16
DA:50,16
DA:51,0
DA:52,0
DA:53,0
DA:58,16
DA:60,16
DA:62,0
DA:63,0
DA:75,5
DA:89,10
DA:90,10
DA:93,10
DA:94,10
DA:95,2
DA:101,8
DA:102,0
DA:103,0
DA:106,8
DA:107,1
DA:111,7
DA:119,5
DA:122,5
DA:123,5
DA:125,3
DA:128,2
DA:132,5
DA:138,5
DA:145,5
DA:157,5
DA:165,5
DA:166,5
DA:176,5
DA:181,4
DA:182,4
DA:184,4
DA:185,0
DA:189,4
DA:193,2
DA:195,2
DA:201,2
DA:202,2
DA:214,5
DA:219,2
DA:222,2
DA:227,0
DA:228,0
DA:238,5
DA:243,5
DA:244,5
DA:246,5
DA:248,5
DA:249,2
DA:253,3
DA:256,3
DA:262,3
DA:268,3
DA:283,2
DA:284,2
DA:294,5
DA:303,3
DA:304,3
DA:306,3
DA:312,1
DA:319,2
DA:320,2
DA:332,5
DA:337,6
DA:346,6
DA:349,6
DA:350,0
DA:353,6
DA:365,6
DA:376,0
DA:377,0
DA:389,5
DA:394,5
DA:396,5
DA:397,0
DA:400,5
DA:402,5
DA:407,0
DA:408,0
LF:99
LH:82
BRDA:38,0,0,0
BRDA:38,0,1,16
BRDA:52,1,0,0
BRDA:52,1,1,0
BRDA:52,2,0,0
BRDA:52,2,1,0
BRDA:64,3,0,0
BRDA:64,3,1,0
BRDA:94,4,0,2
BRDA:94,4,1,8
BRDA:101,5,0,0
BRDA:101,5,1,8
BRDA:106,6,0,1
BRDA:106,6,1,7
BRDA:123,7,0,3
BRDA:123,7,1,2
BRDA:123,8,0,5
BRDA:123,8,1,3
BRDA:157,9,0,3
BRDA:157,9,1,2
BRDA:167,10,0,5
BRDA:167,10,1,0
BRDA:184,11,0,0
BRDA:184,11,1,4
BRDA:203,12,0,2
BRDA:203,12,1,0
BRDA:229,13,0,0
BRDA:229,13,1,0
BRDA:248,14,0,2
BRDA:248,14,1,3
BRDA:285,15,0,2
BRDA:285,15,1,0
BRDA:321,16,0,2
BRDA:321,16,1,0
BRDA:349,17,0,0
BRDA:349,17,1,6
BRDA:355,18,0,1
BRDA:355,18,1,5
BRDA:356,19,0,1
BRDA:356,19,1,5
BRDA:357,20,0,0
BRDA:357,20,1,6
BRDA:358,21,0,0
BRDA:358,21,1,6
BRDA:361,22,0,1
BRDA:361,22,1,5
BRDA:378,23,0,0
BRDA:378,23,1,0
BRDA:396,24,0,0
BRDA:396,24,1,5
BRDA:409,25,0,0
BRDA:409,25,1,0
BRF:52
BRH:29
end_of_record
TN:
SF:src\developer\controller\widgetController.ts
FN:47,getWidgetData
FN:97,getReputationWidgetData
FN:146,getProfileWidgetData
FN:166,(anonymous_3)
FN:235,getBadgeWidgetData
FN:288,(anonymous_5)
FN:309,(anonymous_6)
FN:368,(anonymous_7)
FN:384,getCategoryWidgetData
FNF:9
FNH:0
FNDA:0,getWidgetData
FNDA:0,getReputationWidgetData
FNDA:0,getProfileWidgetData
FNDA:0,(anonymous_3)
FNDA:0,getBadgeWidgetData
FNDA:0,(anonymous_5)
FNDA:0,(anonymous_6)
FNDA:0,(anonymous_7)
FNDA:0,getCategoryWidgetData
DA:2,5
DA:3,5
DA:4,5
DA:5,5
DA:6,5
DA:7,5
DA:8,5
DA:9,5
DA:10,5
DA:47,5
DA:52,0
DA:53,0
DA:54,0
DA:55,0
DA:58,0
DA:59,0
DA:60,0
DA:64,0
DA:65,0
DA:69,0
DA:70,0
DA:74,0
DA:76,0
DA:78,0
DA:80,0
DA:82,0
DA:84,0
DA:87,0
DA:88,0
DA:104,0
DA:106,0
DA:107,0
DA:109,0
DA:110,0
DA:124,0
DA:125,0
DA:127,0
DA:131,0
DA:153,0
DA:155,0
DA:156,0
DA:157,0
DA:158,0
DA:166,0
DA:181,0
DA:182,0
DA:185,0
DA:186,0
DA:187,0
DA:188,0
DA:189,0
DA:190,0
DA:191,0
DA:192,0
DA:193,0
DA:194,0
DA:198,0
DA:199,0
DA:200,0
DA:217,0
DA:243,0
DA:245,0
DA:246,0
DA:248,0
DA:253,0
DA:254,0
DA:256,0
DA:281,0
DA:283,0
DA:284,0
DA:288,0
DA:304,0
DA:305,0
DA:307,0
DA:309,0
DA:310,0
DA:313,0
DA:314,0
DA:318,0
DA:319,0
DA:338,0
DA:364,0
DA:368,0
DA:392,0
DA:394,0
DA:395,0
DA:397,0
DA:398,0
DA:400,0
DA:401,0
DA:406,0
DA:430,0
DA:431,0
DA:433,0
DA:434,0
DA:435,0
DA:438,0
DA:443,0
LF:98
LH:10
BRDA:59,0,0,0
BRDA:59,0,1,0
BRDA:64,1,0,0
BRDA:64,1,1,0
BRDA:69,2,0,0
BRDA:69,2,1,0
BRDA:69,3,0,0
BRDA:69,3,1,0
BRDA:74,4,0,0
BRDA:74,4,1,0
BRDA:74,4,2,0
BRDA:74,4,3,0
BRDA:74,4,4,0
BRDA:89,5,0,0
BRDA:89,5,1,0
BRDA:106,6,0,0
BRDA:106,6,1,0
BRDA:109,7,0,0
BRDA:109,7,1,0
BRDA:127,8,0,0
BRDA:127,8,1,0
BRDA:155,9,0,0
BRDA:155,9,1,0
BRDA:155,10,0,0
BRDA:155,10,1,0
BRDA:157,11,0,0
BRDA:157,11,1,0
BRDA:165,12,0,0
BRDA:165,12,1,0
BRDA:186,13,0,0
BRDA:186,13,1,0
BRDA:188,14,0,0
BRDA:188,14,1,0
BRDA:189,15,0,0
BRDA:189,15,1,0
BRDA:190,16,0,0
BRDA:190,16,1,0
BRDA:191,17,0,0
BRDA:191,17,1,0
BRDA:192,18,0,0
BRDA:192,18,1,0
BRDA:193,19,0,0
BRDA:193,19,1,0
BRDA:194,20,0,0
BRDA:194,20,1,0
BRDA:199,21,0,0
BRDA:199,21,1,0
BRDA:201,22,0,0
BRDA:201,22,1,0
BRDA:211,23,0,0
BRDA:211,23,1,0
BRDA:221,24,0,0
BRDA:221,24,1,0
BRDA:221,24,2,0
BRDA:245,25,0,0
BRDA:245,25,1,0
BRDA:246,26,0,0
BRDA:246,26,1,0
BRDA:253,27,0,0
BRDA:253,27,1,0
BRDA:267,28,0,0
BRDA:267,28,1,0
BRDA:283,29,0,0
BRDA:283,29,1,0
BRDA:283,30,0,0
BRDA:283,30,1,0
BRDA:307,31,0,0
BRDA:307,31,1,0
BRDA:313,32,0,0
BRDA:313,32,1,0
BRDA:318,33,0,0
BRDA:318,33,1,0
BRDA:347,34,0,0
BRDA:347,34,1,0
BRDA:373,35,0,0
BRDA:373,35,1,0
BRDA:394,36,0,0
BRDA:394,36,1,0
BRDA:397,37,0,0
BRDA:397,37,1,0
BRDA:400,38,0,0
BRDA:400,38,1,0
BRDA:414,39,0,0
BRDA:414,39,1,0
BRDA:434,40,0,0
BRDA:434,40,1,0
BRDA:451,41,0,0
BRDA:451,41,1,0
BRF:88
BRH:0
end_of_record
TN:
SF:src\developer\middleware\apiKeyAuth.ts
FN:11,(anonymous_1)
FN:59,(anonymous_2)
FNF:2
FNH:2
FNDA:41,(anonymous_1)
FNDA:5,(anonymous_2)
DA:2,6
DA:3,6
DA:4,6
DA:5,6
DA:11,6
DA:16,41
DA:18,41
DA:20,41
DA:21,2
DA:25,2
DA:29,39
DA:30,1
DA:34,1
DA:38,38
DA:41,38
DA:47,37
DA:48,5
DA:53,5
DA:57,32
DA:58,32
DA:59,5
DA:61,5
DA:62,1
DA:63,1
DA:65,4
DA:68,5
DA:69,1
DA:74,1
DA:79,31
DA:86,31
DA:92,31
DA:94,1
DA:95,1
LF:33
LH:33
BRDA:20,0,0,2
BRDA:20,0,1,39
BRDA:29,1,0,1
BRDA:29,1,1,38
BRDA:29,2,0,39
BRDA:29,2,1,2
BRDA:47,3,0,5
BRDA:47,3,1,32
BRDA:57,4,0,32
BRDA:57,4,1,28
BRDA:58,5,0,5
BRDA:58,5,1,27
BRDA:58,6,0,32
BRDA:58,6,1,6
BRDA:61,7,0,1
BRDA:61,7,1,4
BRDA:65,8,0,4
BRDA:65,8,1,2
BRDA:68,9,0,1
BRDA:68,9,1,4
BRF:20
BRH:20
end_of_record
TN:
SF:src\developer\middleware\apiKeyCors.ts
FN:19,(anonymous_1)
FN:114,(anonymous_2)
FNF:2
FNH:2
FNDA:28,(anonymous_1)
FNDA:2,(anonymous_2)
DA:2,5
DA:3,5
DA:4,5
DA:5,5
DA:19,5
DA:24,28
DA:27,28
DA:28,26
DA:32,2
DA:33,0
DA:34,0
DA:35,0
DA:39,0
DA:45,0
DA:46,0
DA:48,0
DA:54,2
DA:55,0
DA:57,0
DA:58,0
DA:59,0
DA:63,0
DA:67,0
DA:71,2
DA:73,2
DA:74,0
DA:75,0
DA:81,2
DA:83,2
DA:84,2
DA:90,2
DA:91,0
DA:95,0
DA:102,2
DA:103,0
DA:108,0
DA:109,0
DA:110,0
DA:114,2
DA:116,2
DA:117,0
DA:118,0
DA:121,2
DA:124,2
DA:125,1
DA:130,1
DA:139,1
DA:144,1
DA:145,1
DA:146,1
DA:148,0
DA:152,0
LF:52
LH:27
BRDA:27,0,0,26
BRDA:27,0,1,2
BRDA:32,1,0,0
BRDA:32,1,1,2
BRDA:45,2,0,0
BRDA:45,2,1,0
BRDA:54,3,0,0
BRDA:54,3,1,2
BRDA:73,4,0,0
BRDA:73,4,1,2
BRDA:73,5,0,2
BRDA:73,5,1,2
BRDA:90,6,0,0
BRDA:90,6,1,2
BRDA:102,7,0,0
BRDA:102,7,1,2
BRDA:116,8,0,0
BRDA:116,8,1,2
BRDA:121,9,0,2
BRDA:121,9,1,1
BRDA:124,10,0,1
BRDA:124,10,1,1
BRDA:149,11,0,0
BRDA:149,11,1,0
BRF:24
BRH:14
end_of_record
TN:
SF:src\developer\middleware\apiKeyRateLimit.ts
FN:19,(anonymous_0)
FNF:1
FNH:1
FNDA:38,(anonymous_0)
DA:2,6
DA:3,6
DA:4,6
DA:19,6
DA:24,38
DA:25,38
DA:26,1
DA:29,37
DA:32,37
DA:34,36
DA:35,3
DA:43,3
DA:44,3
DA:45,3
DA:47,3
DA:56,33
DA:57,33
DA:58,10
DA:62,23
DA:65,23
DA:66,23
DA:67,23
DA:69,23
DA:75,23
DA:77,1
DA:78,1
LF:26
LH:26
BRDA:25,0,0,1
BRDA:25,0,1,37
BRDA:34,1,0,3
BRDA:34,1,1,33
BRDA:57,2,0,10
BRDA:57,2,1,23
BRF:6
BRH:6
end_of_record
TN:
SF:src\developer\middleware\requestLogger.ts
FN:10,(anonymous_0)
FN:32,(anonymous_1)
FN:39,(anonymous_2)
FN:63,(anonymous_3)
FN:68,(anonymous_4)
FN:80,sanitizeHeaders
FN:93,sanitizeBody
FNF:7
FNH:4
FNDA:28,(anonymous_0)
FNDA:17,(anonymous_1)
FNDA:13,(anonymous_2)
FNDA:0,(anonymous_3)
FNDA:1,(anonymous_4)
FNDA:0,sanitizeHeaders
FNDA:0,sanitizeBody
DA:2,5
DA:3,5
DA:4,5
DA:10,5
DA:17,28
DA:22,28
DA:23,11
DA:26,17
DA:29,17
DA:32,17
DA:33,17
DA:36,17
DA:37,14
DA:40,13
DA:42,0
DA:43,0
DA:48,0
DA:64,0
DA:69,1
DA:74,17
DA:77,17
DA:81,0
DA:82,0
DA:84,0
DA:85,0
DA:86,0
DA:90,0
DA:95,0
DA:96,0
DA:98,0
DA:99,0
DA:101,0
DA:102,0
DA:103,0
DA:107,0
LF:35
LH:17
BRDA:22,0,0,11
BRDA:22,0,1,17
BRDA:36,1,0,14
BRDA:36,1,1,3
BRDA:40,2,0,0
BRDA:40,2,1,13
BRDA:43,3,0,0
BRDA:43,3,1,0
BRDA:60,4,0,0
BRDA:60,4,1,0
BRDA:61,5,0,0
BRDA:61,5,1,0
BRDA:62,6,0,0
BRDA:62,6,1,0
BRDA:85,7,0,0
BRDA:85,7,1,0
BRDA:95,8,0,0
BRDA:95,8,1,0
BRDA:96,9,0,0
BRDA:96,9,1,0
BRDA:102,10,0,0
BRDA:102,10,1,0
BRF:22
BRH:5
end_of_record
TN:
SF:src\developer\middleware\sandboxAuth.ts
FN:23,(anonymous_1)
FNF:1
FNH:1
FNDA:38,(anonymous_1)
DA:2,6
DA:3,6
DA:4,6
DA:6,6
DA:23,6
DA:28,38
DA:30,38
DA:31,38
DA:32,8
DA:35,30
DA:38,30
DA:44,25
DA:45,2
DA:49,23
DA:53,23
DA:55,15
DA:58,15
DA:59,2
DA:62,13
DA:63,3
DA:66,10
DA:67,10
DA:70,0
LF:23
LH:22
BRDA:6,0,0,6
BRDA:6,0,1,0
BRDA:31,1,0,8
BRDA:31,1,1,30
BRDA:31,2,0,38
BRDA:31,2,1,32
BRDA:44,3,0,2
BRDA:44,3,1,23
BRDA:58,4,0,2
BRDA:58,4,1,13
BRDA:62,5,0,3
BRDA:62,5,1,10
BRDA:66,6,0,10
BRDA:66,6,1,0
BRF:14
BRH:12
end_of_record
TN:
SF:src\developer\models\ApiKey.ts
FN:5,(anonymous_1)
FN:94,(anonymous_2)
FN:96,(anonymous_3)
FN:98,(anonymous_4)
FN:135,(anonymous_5)
FN:178,(anonymous_6)
FN:183,(anonymous_7)
FN:218,(anonymous_8)
FN:222,(anonymous_9)
FN:227,(anonymous_10)
FNF:10
FNH:8
FNDA:16,(anonymous_1)
FNDA:180,(anonymous_2)
FNDA:180,(anonymous_3)
FNDA:180,(anonymous_4)
FNDA:48,(anonymous_5)
FNDA:180,(anonymous_6)
FNDA:1,(anonymous_7)
FNDA:0,(anonymous_8)
FNDA:0,(anonymous_9)
FNDA:5,(anonymous_10)
DA:1,16
DA:2,16
DA:5,16
DA:6,16
DA:7,16
DA:8,16
DA:60,16
DA:79,16
DA:89,16
DA:94,180
DA:96,180
DA:98,180
DA:104,16
DA:137,48
DA:178,180
DA:183,1
DA:212,16
DA:213,16
DA:214,16
DA:215,16
DA:218,16
DA:219,0
DA:222,16
DA:223,0
DA:224,0
DA:227,16
DA:228,5
DA:229,0
DA:231,5
DA:232,5
DA:235,16
LF:31
LH:27
BRDA:5,0,0,16
BRDA:5,0,1,16
BRDA:137,1,0,48
BRDA:137,1,1,48
BRDA:228,2,0,0
BRDA:228,2,1,5
BRDA:228,3,0,5
BRDA:228,3,1,5
BRDA:228,3,2,5
BRF:9
BRH:8
end_of_record
TN:
SF:src\developer\models\RequestLog.ts
FN:59,(anonymous_0)
FN:65,(anonymous_1)
FNF:2
FNH:2
FNDA:140,(anonymous_0)
FNDA:139,(anonymous_1)
DA:1,6
DA:20,6
DA:59,140
DA:65,139
DA:94,6
DA:95,6
DA:96,6
DA:99,6
DA:101,6
LF:9
LH:9
BRF:0
BRH:0
end_of_record
TN:
SF:src\developer\routes\adminRoutes.ts
FNF:0
FNH:0
DA:1,5
DA:2,5
DA:3,5
DA:4,5
DA:5,5
DA:13,5
DA:19,5
DA:22,5
DA:25,5
DA:32,5
DA:43,5
DA:50,5
DA:57,5
DA:68,5
DA:79,5
DA:81,5
LF:16
LH:16
BRF:0
BRH:0
end_of_record
TN:
SF:src\developer\routes\developerRoutes.ts
FNF:0
FNH:0
DA:1,5
DA:2,5
DA:3,5
DA:4,5
DA:5,5
DA:14,5
DA:16,5
DA:20,5
DA:21,5
DA:22,5
DA:29,5
DA:36,5
DA:43,5
DA:50,5
DA:57,5
DA:64,5
DA:71,5
DA:83,5
DA:85,5
LF:19
LH:19
BRF:0
BRH:0
end_of_record
TN:
SF:src\developer\routes\sandboxRoutes.ts
FNF:0
FNH:0
DA:1,5
DA:2,5
DA:3,5
DA:13,5
DA:19,5
DA:21,5
DA:28,5
DA:39,5
DA:50,5
DA:61,5
DA:68,5
DA:75,5
DA:87,5
DA:94,5
DA:96,5
LF:15
LH:15
BRF:0
BRH:0
end_of_record
TN:
SF:src\developer\schemas\apiKey.schema.ts
FNF:0
FNH:0
DA:1,5
DA:2,5
DA:4,5
DA:27,5
DA:38,5
LF:5
LH:5
BRF:0
BRH:0
end_of_record
TN:
SF:src\developer\schemas\sandbox.schema.ts
FNF:0
FNH:0
DA:1,5
DA:3,5
DA:13,5
DA:34,5
DA:50,5
LF:5
LH:5
BRF:0
BRH:0
end_of_record
TN:
SF:src\developer\service\apiKeyService.ts
FN:12,generateApiKey
FN:21,hashApiKey
FN:28,createApiKey
FN:81,listApiKeys
FN:123,getApiKeyById
FN:134,updateApiKey
FN:176,revokeApiKey
FN:209,getUsageStats
FN:241,getPlaintextApiKey
FN:255,getPlaintextApiKeyByAddress
FNF:10
FNH:9
FNDA:187,generateApiKey
FNDA:188,hashApiKey
FNDA:135,createApiKey
FNDA:10,listApiKeys
FNDA:6,getApiKeyById
FNDA:7,updateApiKey
FNDA:10,revokeApiKey
FNDA:4,getUsageStats
FNDA:0,getPlaintextApiKey
FNDA:5,getPlaintextApiKeyByAddress
DA:1,16
DA:2,16
DA:3,16
DA:4,16
DA:6,16
DA:12,16
DA:13,187
DA:14,187
DA:15,187
DA:21,16
DA:22,188
DA:28,16
DA:36,135
DA:38,135
DA:39,135
DA:40,135
DA:43,135
DA:46,135
DA:49,135
DA:65,135
DA:71,135
DA:73,0
DA:74,0
DA:81,16
DA:82,10
DA:83,10
DA:84,10
DA:87,10
DA:88,10
DA:89,10
DA:90,10
DA:91,3
DA:99,10
DA:109,10
DA:123,16
DA:124,6
DA:125,6
DA:126,3
DA:128,3
DA:134,16
DA:145,7
DA:146,7
DA:147,1
DA:151,6
DA:152,6
DA:153,6
DA:154,2
DA:155,2
DA:157,6
DA:158,6
DA:159,6
DA:160,0
DA:163,6
DA:165,6
DA:170,6
DA:176,16
DA:181,10
DA:182,10
DA:183,1
DA:186,9
DA:187,3
DA:190,6
DA:191,6
DA:192,6
DA:193,6
DA:195,6
DA:197,6
DA:203,6
DA:209,16
DA:210,4
DA:211,4
DA:212,1
DA:215,3
DA:216,3
DA:218,3
DA:241,16
DA:242,0
DA:245,0
DA:246,0
DA:249,0
DA:255,16
DA:256,5
DA:259,5
DA:260,0
DA:263,5
LF:85
LH:77
BRDA:12,0,0,0
BRDA:58,1,0,135
BRDA:58,1,1,125
BRDA:60,2,0,135
BRDA:60,2,1,133
BRDA:82,3,0,10
BRDA:82,3,1,5
BRDA:83,4,0,10
BRDA:83,4,1,5
BRDA:88,5,0,2
BRDA:88,5,1,8
BRDA:89,6,0,0
BRDA:89,6,1,10
BRDA:90,7,0,3
BRDA:90,7,1,7
BRDA:125,8,0,3
BRDA:125,8,1,3
BRDA:146,9,0,1
BRDA:146,9,1,6
BRDA:151,10,0,2
BRDA:151,10,1,4
BRDA:152,11,0,0
BRDA:152,11,1,6
BRDA:153,12,0,2
BRDA:153,12,1,4
BRDA:157,13,0,1
BRDA:157,13,1,5
BRDA:158,14,0,2
BRDA:158,14,1,4
BRDA:159,15,0,0
BRDA:159,15,1,6
BRDA:182,16,0,1
BRDA:182,16,1,9
BRDA:186,17,0,3
BRDA:186,17,1,6
BRDA:193,18,0,6
BRDA:193,18,1,0
BRDA:211,19,0,1
BRDA:211,19,1,3
BRDA:245,20,0,0
BRDA:245,20,1,0
BRDA:259,21,0,0
BRDA:259,21,1,5
BRF:43
BRH:35
end_of_record
TN:
SF:src\developer\service\rateLimitService.ts
FN:8,checkRateLimit
FN:107,trackApiKeyUsage
FNF:2
FNH:2
FNDA:55,checkRateLimit
FNDA:35,trackApiKeyUsage
DA:1,7
DA:2,7
DA:8,7
DA:9,55
DA:10,54
DA:11,1
DA:14,53
DA:15,53
DA:16,53
DA:17,53
DA:21,53
DA:22,53
DA:23,1
DA:24,1
DA:25,1
DA:30,53
DA:31,53
DA:32,1
DA:33,1
DA:34,1
DA:39,53
DA:40,53
DA:41,1
DA:42,1
DA:43,1
DA:47,53
DA:48,3
DA:52,53
DA:53,5
DA:56,5
DA:65,48
DA:66,1
DA:69,1
DA:78,47
DA:79,1
DA:82,1
DA:92,46
DA:95,46
DA:107,7
DA:108,35
DA:109,35
DA:111,35
DA:124,35
DA:126,0
LF:44
LH:43
BRDA:10,0,0,1
BRDA:10,0,1,53
BRDA:22,1,0,1
BRDA:22,1,1,52
BRDA:31,2,0,1
BRDA:31,2,1,52
BRDA:40,3,0,1
BRDA:40,3,1,52
BRDA:47,4,0,3
BRDA:47,4,1,50
BRDA:52,5,0,5
BRDA:52,5,1,48
BRDA:65,6,0,1
BRDA:65,6,1,47
BRDA:78,7,0,1
BRDA:78,7,1,46
BRF:16
BRH:16
end_of_record
TN:
SF:src\developer\service\requestLogService.ts
FN:22,createRequestLog
FN:60,getRequestLogs
FN:108,getRequestLogStats
FN:184,(anonymous_3)
FN:195,(anonymous_4)
FN:200,(anonymous_5)
FNF:6
FNH:6
FNDA:88,createRequestLog
FNDA:15,getRequestLogs
FNDA:12,getRequestLogStats
FNDA:42,(anonymous_3)
FNDA:52,(anonymous_4)
FNDA:20,(anonymous_5)
DA:1,6
DA:2,6
DA:3,6
DA:4,6
DA:22,6
DA:25,88
DA:26,88
DA:42,0
DA:43,0
DA:60,6
DA:61,15
DA:62,15
DA:63,15
DA:64,15
DA:67,15
DA:68,15
DA:69,1
DA:70,15
DA:71,14
DA:72,15
DA:73,2
DA:74,15
DA:75,15
DA:76,15
DA:77,15
DA:78,0
DA:79,0
DA:80,0
DA:84,15
DA:93,15
DA:103,0
DA:104,0
DA:108,6
DA:122,12
DA:123,12
DA:126,12
DA:128,12
DA:178,12
DA:184,12
DA:185,42
DA:186,42
DA:187,16
DA:188,26
DA:189,16
DA:190,10
DA:191,10
DA:195,52
DA:200,20
DA:205,12
DA:214,0
DA:215,0
LF:51
LH:42
BRDA:62,0,0,15
BRDA:62,0,1,13
BRDA:63,1,0,15
BRDA:63,1,1,12
BRDA:68,2,0,1
BRDA:68,2,1,14
BRDA:70,3,0,14
BRDA:70,3,1,1
BRDA:72,4,0,2
BRDA:72,4,1,13
BRDA:74,5,0,2
BRDA:74,5,1,13
BRDA:75,6,0,2
BRDA:75,6,1,13
BRDA:76,7,0,1
BRDA:76,7,1,14
BRDA:77,8,0,0
BRDA:77,8,1,15
BRDA:77,9,0,15
BRDA:77,9,1,15
BRDA:79,10,0,0
BRDA:79,10,1,0
BRDA:80,11,0,0
BRDA:80,11,1,0
BRDA:186,12,0,16
BRDA:186,12,1,26
BRDA:186,13,0,42
BRDA:186,13,1,42
BRDA:188,14,0,16
BRDA:188,14,1,10
BRDA:188,15,0,26
BRDA:188,15,1,26
BRDA:190,16,0,10
BRDA:190,16,1,0
BRDA:190,17,0,10
BRDA:190,17,1,10
BRDA:208,18,0,12
BRDA:208,18,1,2
BRF:38
BRH:32
end_of_record
TN:
SF:src\developer\service\sandboxService.ts
FN:18,generateTokens
FN:40,verifyRefreshToken
FN:62,createSandboxUser
FN:171,getApiKeyByAddress
FN:185,checkUserExists
FN:197,regenerateSandboxApiKey
FNF:6
FNH:6
FNDA:27,generateTokens
FNDA:8,verifyRefreshToken
FNDA:23,createSandboxUser
FNDA:9,getApiKeyByAddress
FNDA:19,checkUserExists
FNDA:7,regenerateSandboxApiKey
DA:2,6
DA:3,6
DA:4,6
DA:5,6
DA:6,6
DA:7,6
DA:8,6
DA:11,6
DA:12,6
DA:13,6
DA:18,6
DA:22,27
DA:28,27
DA:34,27
DA:40,6
DA:41,8
DA:42,8
DA:47,5
DA:48,2
DA:51,3
DA:53,5
DA:54,5
DA:62,6
DA:74,23
DA:76,23
DA:78,23
DA:79,23
DA:80,2
DA:84,21
DA:90,21
DA:93,4
DA:94,1
DA:95,1
DA:99,4
DA:101,4
DA:111,17
DA:112,2
DA:116,15
DA:117,15
DA:118,15
DA:119,15
DA:122,15
DA:124,15
DA:126,15
DA:150,15
DA:152,15
DA:158,15
DA:160,4
DA:161,4
DA:163,0
DA:164,0
DA:171,6
DA:174,9
DA:185,6
DA:186,19
DA:191,19
DA:197,6
DA:202,7
DA:204,7
DA:205,7
DA:206,2
DA:210,5
DA:216,5
DA:217,2
DA:221,3
DA:222,3
DA:223,3
DA:226,3
DA:228,3
DA:229,3
DA:230,3
DA:231,3
DA:232,3
DA:233,3
DA:235,3
DA:237,3
DA:239,4
DA:240,4
DA:242,0
DA:243,0
LF:80
LH:76
BRDA:11,0,0,6
BRDA:11,0,1,0
BRDA:47,1,0,2
BRDA:47,1,1,3
BRDA:79,2,0,2
BRDA:79,2,1,21
BRDA:90,3,0,4
BRDA:90,3,1,17
BRDA:93,4,0,1
BRDA:93,4,1,3
BRDA:93,5,0,4
BRDA:93,5,1,1
BRDA:111,6,0,2
BRDA:111,6,1,15
BRDA:160,7,0,4
BRDA:160,7,1,0
BRDA:205,8,0,2
BRDA:205,8,1,5
BRDA:216,9,0,2
BRDA:216,9,1,3
BRDA:239,10,0,4
BRDA:239,10,1,0
BRF:22
BRH:19
end_of_record
TN:
SF:src\developer\utils\encryption.ts
FN:15,encryptApiKey
FN:38,decryptApiKey
FNF:2
FNH:2
FNDA:205,encryptApiKey
FNDA:21,decryptApiKey
DA:1,17
DA:3,17
DA:4,17
DA:6,17
DA:7,7
DA:15,17
DA:16,205
DA:17,205
DA:19,205
DA:20,205
DA:22,205
DA:24,205
DA:38,17
DA:39,21
DA:40,21
DA:42,21
DA:43,21
DA:45,18
LF:18
LH:18
BRDA:3,0,0,17
BRDA:3,0,1,7
BRDA:6,1,0,7
BRDA:6,1,1,10
BRF:4
BRH:4
end_of_record
TN:
SF:src\errors\HttpError.ts
FN:3,(anonymous_0)
FNF:1
FNH:1
FNDA:93,(anonymous_0)
DA:1,27
DA:4,93
DA:5,93
DA:7,93
DA:8,93
LF:5
LH:5
BRDA:7,0,0,93
BRDA:7,0,1,0
BRF:2
BRH:1
end_of_record
TN:
SF:src\middleware\adminAuth.ts
FN:14,requireAdmin
FNF:1
FNH:1
FNDA:15,requireAdmin
DA:4,5
DA:5,5
DA:6,5
DA:7,5
DA:14,5
DA:19,15
DA:21,15
DA:22,0
DA:23,0
DA:26,15
DA:28,15
DA:30,15
DA:31,0
DA:32,0
DA:36,15
DA:44,15
DA:45,0
DA:49,0
DA:53,15
DA:58,15
DA:60,0
DA:61,0
LF:22
LH:14
BRDA:21,0,0,0
BRDA:21,0,1,15
BRDA:30,1,0,0
BRDA:30,1,1,15
BRDA:44,2,0,0
BRDA:44,2,1,15
BRDA:56,3,0,15
BRDA:56,3,1,0
BRF:8
BRH:4
end_of_record
TN:
SF:src\middleware\auth.ts
FN:10,(anonymous_1)
FNF:1
FNH:1
FNDA:34,(anonymous_1)
DA:4,5
DA:5,5
DA:6,5
DA:8,5
DA:10,5
DA:15,34
DA:16,34
DA:17,11
DA:18,11
DA:21,23
DA:22,23
DA:23,0
DA:24,0
DA:27,23
DA:28,23
DA:29,22
DA:30,0
DA:31,0
DA:35,22
DA:36,22
DA:38,1
DA:39,0
DA:40,0
DA:43,1
DA:44,1
LF:25
LH:19
BRDA:16,0,0,11
BRDA:16,0,1,23
BRDA:22,1,0,0
BRDA:22,1,1,23
BRDA:22,2,0,23
BRDA:22,2,1,23
BRDA:29,3,0,0
BRDA:29,3,1,22
BRDA:38,4,0,0
BRDA:38,4,1,1
BRF:10
BRH:7
end_of_record
TN:
SF:src\middleware\errorHandler.ts
FN:5,(anonymous_0)
FNF:1
FNH:1
FNDA:60,(anonymous_0)
DA:3,5
DA:5,5
DA:12,60
DA:35,60
DA:36,60
DA:37,60
LF:6
LH:6
BRDA:14,0,0,60
BRDA:14,0,1,60
BRDA:25,1,0,60
BRDA:25,1,1,60
BRDA:26,2,0,6
BRDA:26,2,1,54
BRDA:30,3,0,60
BRDA:30,3,1,60
BRDA:31,4,0,60
BRDA:31,4,1,60
BRDA:35,5,0,60
BRDA:35,5,1,0
BRDA:36,6,0,60
BRDA:36,6,1,0
BRF:14
BRH:12
end_of_record
TN:
SF:src\middleware\requestLogger.ts
FNF:0
FNH:0
DA:1,5
DA:2,5
DA:4,5
LF:3
LH:3
BRF:0
BRH:0
end_of_record
TN:
SF:src\middleware\validateResource.ts
FN:15,(anonymous_0)
FN:16,(anonymous_1)
FN:24,(anonymous_2)
FN:28,(anonymous_3)
FN:32,(anonymous_4)
FNF:5
FNH:3
FNDA:45,(anonymous_0)
FNDA:47,(anonymous_1)
FNDA:13,(anonymous_2)
FNDA:0,(anonymous_3)
FNDA:0,(anonymous_4)
DA:5,5
DA:6,5
DA:14,5
DA:15,5
DA:16,45
DA:17,47
DA:20,47
DA:22,47
DA:23,47
DA:24,47
DA:26,47
DA:27,0
DA:28,0
DA:30,47
DA:31,0
DA:32,0
DA:35,47
DA:36,9
DA:37,9
DA:38,9
DA:41,38
LF:21
LH:17
BRDA:22,0,0,47
BRDA:22,0,1,0
BRDA:24,1,0,9
BRDA:24,1,1,38
BRDA:26,2,0,0
BRDA:26,2,1,47
BRDA:28,3,0,0
BRDA:28,3,1,0
BRDA:30,4,0,0
BRDA:30,4,1,47
BRDA:32,5,0,0
BRDA:32,5,1,0
BRDA:35,6,0,9
BRDA:35,6,1,38
BRF:14
BRH:7
end_of_record
TN:
SF:src\models\Admin.ts
FN:34,(anonymous_0)
FNF:1
FNH:1
FNDA:19,(anonymous_0)
DA:1,5
DA:15,5
DA:34,19
DA:54,5
DA:55,5
DA:56,5
DA:58,5
LF:7
LH:7
BRF:0
BRH:0
end_of_record
TN:
SF:src\models\ApiUser.ts
FNF:0
FNH:0
DA:1,6
DA:56,6
DA:126,6
DA:129,6
DA:131,6
LF:5
LH:5
BRF:0
BRH:0
end_of_record
TN:
SF:src\models\Badge.ts
FNF:0
FNH:0
DA:2,6
DA:3,6
DA:37,6
DA:45,6
DA:59,6
DA:80,6
LF:6
LH:6
BRF:0
BRH:0
end_of_record
TN:
SF:src\models\Category.ts
FNF:0
FNH:0
DA:2,8
DA:3,8
DA:29,8
DA:37,8
DA:49,8
DA:67,8
LF:6
LH:6
BRF:0
BRH:0
end_of_record
TN:
SF:src\models\Challenge.ts
FNF:0
FNH:0
DA:1,5
DA:12,5
DA:25,5
DA:27,5
LF:4
LH:4
BRF:0
BRH:0
end_of_record
TN:
SF:src\models\LoginHistory.ts
FN:19,(anonymous_0)
FNF:1
FNH:0
FNDA:0,(anonymous_0)
DA:1,5
DA:12,5
DA:19,0
DA:24,5
LF:4
LH:3
BRF:0
BRH:0
end_of_record
TN:
SF:src\models\Profile.ts
FNF:0
FNH:0
DA:1,5
DA:36,5
DA:71,5
LF:3
LH:3
BRF:0
BRH:0
end_of_record
TN:
SF:src\models\Score.ts
FNF:0
FNH:0
DA:1,8
DA:35,8
DA:45,8
DA:63,8
DA:90,8
LF:5
LH:5
BRF:0
BRH:0
end_of_record
TN:
SF:src\models\User.ts
FN:30,(anonymous_0)
FN:59,(anonymous_1)
FNF:2
FNH:1
FNDA:83,(anonymous_0)
FNDA:0,(anonymous_1)
DA:1,14
DA:25,14
DA:30,83
DA:59,0
DA:70,14
DA:72,14
LF:6
LH:5
BRF:0
BRH:0
end_of_record
TN:
SF:src\models\UserBadge.ts
FNF:0
FNH:0
DA:2,5
DA:3,5
DA:15,5
DA:50,5
DA:52,5
LF:5
LH:5
BRF:0
BRH:0
end_of_record
TN:
SF:src\routes\authRoutes.ts
FNF:0
FNH:0
DA:1,5
DA:2,5
DA:3,5
DA:10,5
DA:12,5
DA:15,5
DA:22,5
DA:28,5
DA:35,5
DA:36,5
DA:38,5
LF:11
LH:11
BRF:0
BRH:0
end_of_record
TN:
SF:src\routes\badgeRoutes.ts
FNF:0
FNH:0
DA:1,5
DA:2,5
DA:7,5
DA:9,5
DA:16,5
DA:23,5
DA:30,5
DA:32,5
LF:8
LH:8
BRF:0
BRH:0
end_of_record
TN:
SF:src\routes\scoreRoutes.ts
FNF:0
FNH:0
DA:1,5
DA:2,5
DA:3,5
DA:5,5
DA:12,5
DA:20,5
DA:28,5
DA:30,5
LF:8
LH:8
BRF:0
BRH:0
end_of_record
TN:
SF:src\routes\userRoutes.ts
FNF:0
FNH:0
DA:1,5
DA:2,5
DA:6,5
DA:8,5
DA:15,5
DA:22,5
DA:24,5
LF:7
LH:7
BRF:0
BRH:0
end_of_record
TN:
SF:src\schemas\auth.schema.ts
FNF:0
FNH:0
DA:3,5
DA:4,5
DA:8,5
DA:20,5
LF:4
LH:4
BRF:0
BRH:0
end_of_record
TN:
SF:src\service\badge\badgeDefinitions.ts
FN:8,(anonymous_0)
FN:49,(anonymous_1)
FNF:2
FNH:2
FNDA:9,(anonymous_0)
FNDA:44,(anonymous_1)
DA:8,9
DA:9,9
DA:10,9
DA:11,9
DA:12,9
DA:13,9
DA:14,9
DA:15,9
DA:16,9
DA:17,9
DA:18,9
DA:19,9
DA:20,9
DA:49,9
DA:50,44
DA:51,44
DA:52,51
DA:53,7
DA:55,44
DA:58,44
DA:62,9
LF:21
LH:21
BRDA:8,0,0,9
BRDA:8,0,1,9
BRDA:52,1,0,7
BRDA:52,1,1,44
BRF:4
BRH:4
end_of_record
TN:
SF:src\service\badge\index.ts
FN:23,fetchAllExtrinsics
FN:52,(anonymous_1)
FN:64,fetchOnChainBadgeMetrics
FN:76,(anonymous_3)
FN:77,(anonymous_4)
FN:78,(anonymous_5)
FN:82,(anonymous_6)
FN:87,(anonymous_7)
FN:89,(anonymous_8)
FN:93,(anonymous_9)
FN:167,checkUserBadges
FNF:11
FNH:3
FNDA:4,fetchAllExtrinsics
FNDA:0,(anonymous_1)
FNDA:4,fetchOnChainBadgeMetrics
FNDA:0,(anonymous_3)
FNDA:0,(anonymous_4)
FNDA:0,(anonymous_5)
FNDA:0,(anonymous_6)
FNDA:0,(anonymous_7)
FNDA:0,(anonymous_8)
FNDA:0,(anonymous_9)
FNDA:4,checkUserBadges
DA:4,7
DA:5,7
DA:6,7
DA:8,7
DA:15,7
DA:26,4
DA:28,4
DA:33,4
DA:35,4
DA:36,4
DA:39,0
DA:43,0
DA:45,0
DA:46,0
DA:49,0
DA:51,0
DA:52,0
DA:56,0
DA:75,4
DA:76,0
DA:77,0
DA:78,0
DA:82,0
DA:87,0
DA:89,0
DA:93,4
DA:94,4
DA:97,4
DA:98,4
DA:99,1
DA:101,1
DA:103,1
DA:110,1
DA:112,1
DA:113,1
DA:115,1
DA:116,1
DA:121,4
DA:122,4
DA:123,4
DA:124,4
DA:127,4
DA:129,4
DA:130,0
DA:132,0
DA:133,0
DA:134,0
DA:135,0
DA:136,0
DA:140,0
DA:144,4
DA:159,4
DA:167,7
DA:170,4
DA:171,4
DA:173,4
DA:174,4
DA:179,4
DA:184,4
DA:185,48
DA:187,48
DA:188,0
DA:192,0
DA:195,48
DA:196,4
DA:197,1
DA:199,4
DA:202,44
DA:204,44
DA:205,4
DA:209,4
DA:210,4
DA:212,0
DA:216,0
LF:74
LH:49
BRDA:35,0,0,4
BRDA:35,0,1,0
BRDA:98,1,0,1
BRDA:98,1,1,3
BRDA:112,2,0,1
BRDA:112,2,1,0
BRDA:127,3,0,4
BRDA:127,3,1,0
BRDA:132,4,0,0
BRDA:132,4,1,0
BRDA:132,5,0,0
BRDA:132,5,1,0
BRDA:134,6,0,0
BRDA:134,6,1,0
BRDA:135,7,0,0
BRDA:135,7,1,0
BRDA:135,8,0,0
BRDA:135,8,1,0
BRDA:136,9,0,0
BRDA:136,9,1,0
BRDA:137,10,0,0
BRDA:137,10,1,0
BRDA:187,11,0,0
BRDA:187,11,1,48
BRDA:195,12,0,4
BRDA:195,12,1,44
BRDA:196,13,0,1
BRDA:196,13,1,3
BRDA:196,14,0,4
BRDA:196,14,1,1
BRDA:204,15,0,4
BRDA:204,15,1,40
BRF:32
BRH:14
end_of_record
TN:
SF:src\service\jit\apiUserService.ts
FN:17,queueBackgroundDataFetch
FN:29,(anonymous_1)
FN:59,fetchFullUserDataBackground
FN:82,fetchScoresBackground
FN:98,fetchBadgesBackground
FN:115,mapBadgesToEarned
FN:120,(anonymous_6)
FN:127,(anonymous_7)
FN:150,isValidPolkadotAddress
FN:161,getOrCreateApiUser
FN:205,(anonymous_10)
FN:210,(anonymous_11)
FN:221,(anonymous_12)
FN:310,getOrCreateApiUserForProfile
FN:341,(anonymous_14)
FN:418,getOrCreateApiUserForScores
FN:450,(anonymous_16)
FN:523,getOrCreateApiUserForBadges
FN:556,(anonymous_18)
FNF:19
FNH:16
FNDA:4,queueBackgroundDataFetch
FNDA:3,(anonymous_1)
FNDA:1,fetchFullUserDataBackground
FNDA:1,fetchScoresBackground
FNDA:1,fetchBadgesBackground
FNDA:4,mapBadgesToEarned
FNDA:8,(anonymous_6)
FNDA:12,(anonymous_7)
FNDA:25,isValidPolkadotAddress
FNDA:26,getOrCreateApiUser
FNDA:1,(anonymous_10)
FNDA:38,(anonymous_11)
FNDA:57,(anonymous_12)
FNDA:4,getOrCreateApiUserForProfile
FNDA:0,(anonymous_14)
FNDA:3,getOrCreateApiUserForScores
FNDA:0,(anonymous_16)
FNDA:3,getOrCreateApiUserForBadges
FNDA:0,(anonymous_18)
DA:1,6
DA:2,6
DA:3,6
DA:4,6
DA:5,6
DA:6,6
DA:7,6
DA:11,6
DA:18,4
DA:21,4
DA:22,1
DA:23,1
DA:26,3
DA:29,3
DA:30,3
DA:32,3
DA:33,3
DA:35,3
DA:36,1
DA:37,2
DA:38,1
DA:39,1
DA:40,1
DA:43,3
DA:45,0
DA:53,3
DA:60,1
DA:66,1
DA:68,1
DA:83,1
DA:85,1
DA:99,1
DA:104,1
DA:106,1
DA:120,8
DA:121,4
DA:122,4
DA:124,4
DA:125,8
DA:126,8
DA:127,12
DA:129,8
DA:130,0
DA:131,0
DA:134,8
DA:143,4
DA:150,6
DA:151,25
DA:152,25
DA:161,6
DA:165,26
DA:167,26
DA:168,2
DA:169,2
DA:173,26
DA:176,26
DA:177,5
DA:178,5
DA:180,5
DA:181,4
DA:187,4
DA:188,4
DA:189,4
DA:190,4
DA:192,4
DA:196,22
DA:200,22
DA:205,1
DA:209,19
DA:210,38
DA:213,19
DA:214,19
DA:216,19
DA:217,37
DA:218,37
DA:220,37
DA:221,57
DA:224,37
DA:225,1
DA:229,1
DA:232,36
DA:241,19
DA:244,19
DA:245,19
DA:286,19
DA:287,3
DA:288,3
DA:289,3
DA:291,16
DA:292,16
DA:295,19
DA:297,3
DA:301,3
DA:310,6
DA:314,4
DA:315,4
DA:316,0
DA:320,4
DA:322,4
DA:323,2
DA:324,2
DA:326,2
DA:327,1
DA:328,1
DA:329,1
DA:330,1
DA:331,1
DA:332,1
DA:336,3
DA:339,3
DA:341,0
DA:344,3
DA:345,3
DA:348,3
DA:370,3
DA:372,1
DA:373,1
DA:374,1
DA:375,1
DA:376,1
DA:377,1
DA:380,2
DA:397,2
DA:400,2
DA:403,3
DA:405,0
DA:409,0
DA:418,6
DA:422,3
DA:423,3
DA:424,0
DA:428,3
DA:430,3
DA:431,2
DA:432,2
DA:434,2
DA:435,1
DA:436,1
DA:437,1
DA:438,1
DA:439,1
DA:440,1
DA:444,2
DA:447,2
DA:450,0
DA:453,2
DA:454,2
DA:456,2
DA:493,2
DA:495,1
DA:496,1
DA:497,1
DA:499,1
DA:500,1
DA:504,2
DA:505,1
DA:508,2
DA:510,0
DA:514,0
DA:523,6
DA:527,3
DA:528,3
DA:529,0
DA:533,3
DA:535,3
DA:536,2
DA:537,2
DA:539,2
DA:540,1
DA:541,1
DA:542,1
DA:543,1
DA:544,1
DA:545,1
DA:549,2
DA:552,2
DA:556,0
DA:559,2
DA:560,2
DA:561,2
DA:563,2
DA:596,2
DA:598,1
DA:599,1
DA:600,1
DA:602,1
DA:610,1
DA:614,2
DA:615,1
DA:618,2
DA:620,0
DA:624,0
LF:192
LH:177
BRDA:21,0,0,1
BRDA:21,0,1,3
BRDA:35,1,0,1
BRDA:35,1,1,2
BRDA:37,2,0,1
BRDA:37,2,1,1
BRDA:39,3,0,1
BRDA:39,3,1,0
BRDA:48,4,0,0
BRDA:48,4,1,0
BRDA:129,5,0,0
BRDA:129,5,1,8
BRDA:163,6,0,24
BRDA:167,7,0,2
BRDA:167,7,1,24
BRDA:176,8,0,5
BRDA:176,8,1,21
BRDA:176,9,0,26
BRDA:176,9,1,7
BRDA:180,10,0,4
BRDA:180,10,1,1
BRDA:224,11,0,1
BRDA:224,11,1,36
BRDA:248,12,0,19
BRDA:248,12,1,2
BRDA:249,13,0,18
BRDA:249,13,1,1
BRDA:252,14,0,18
BRDA:252,14,1,1
BRDA:253,15,0,18
BRDA:253,15,1,2
BRDA:254,16,0,18
BRDA:254,16,1,2
BRDA:255,17,0,18
BRDA:255,17,1,2
BRDA:256,18,0,18
BRDA:256,18,1,2
BRDA:257,19,0,18
BRDA:257,19,1,2
BRDA:258,20,0,18
BRDA:258,20,1,18
BRDA:259,21,0,18
BRDA:259,21,1,2
BRDA:260,22,0,18
BRDA:260,22,1,18
BRDA:261,23,0,18
BRDA:261,23,1,1
BRDA:262,24,0,18
BRDA:262,24,1,18
BRDA:263,25,0,18
BRDA:263,25,1,2
BRDA:266,26,0,19
BRDA:266,26,1,1
BRDA:277,27,0,19
BRDA:277,27,1,16
BRDA:279,28,0,19
BRDA:279,28,1,16
BRDA:286,29,0,3
BRDA:286,29,1,16
BRDA:299,30,0,3
BRDA:299,30,1,0
BRDA:312,31,0,4
BRDA:315,32,0,0
BRDA:315,32,1,4
BRDA:322,33,0,2
BRDA:322,33,1,2
BRDA:322,34,0,4
BRDA:322,34,1,2
BRDA:323,35,0,2
BRDA:323,35,1,0
BRDA:326,36,0,1
BRDA:326,36,1,1
BRDA:349,37,0,3
BRDA:349,37,1,0
BRDA:350,38,0,3
BRDA:350,38,1,0
BRDA:353,39,0,3
BRDA:353,39,1,0
BRDA:354,40,0,3
BRDA:354,40,1,0
BRDA:355,41,0,3
BRDA:355,41,1,0
BRDA:356,42,0,3
BRDA:356,42,1,0
BRDA:357,43,0,3
BRDA:357,43,1,0
BRDA:358,44,0,3
BRDA:358,44,1,0
BRDA:359,45,0,3
BRDA:359,45,1,3
BRDA:360,46,0,3
BRDA:360,46,1,0
BRDA:361,47,0,3
BRDA:361,47,1,3
BRDA:362,48,0,3
BRDA:362,48,1,0
BRDA:363,49,0,3
BRDA:363,49,1,3
BRDA:364,50,0,3
BRDA:364,50,1,0
BRDA:367,51,0,3
BRDA:367,51,1,0
BRDA:370,52,0,1
BRDA:370,52,1,2
BRDA:407,53,0,0
BRDA:407,53,1,0
BRDA:420,54,0,3
BRDA:423,55,0,0
BRDA:423,55,1,3
BRDA:430,56,0,2
BRDA:430,56,1,1
BRDA:430,57,0,3
BRDA:430,57,1,2
BRDA:434,58,0,1
BRDA:434,58,1,1
BRDA:434,59,0,2
BRDA:434,59,1,1
BRDA:459,60,0,2
BRDA:459,60,1,0
BRDA:460,61,0,2
BRDA:460,61,1,0
BRDA:463,62,0,2
BRDA:463,62,1,0
BRDA:464,63,0,2
BRDA:464,63,1,0
BRDA:465,64,0,2
BRDA:465,64,1,0
BRDA:466,65,0,2
BRDA:466,65,1,0
BRDA:467,66,0,2
BRDA:467,66,1,0
BRDA:468,67,0,2
BRDA:468,67,1,0
BRDA:469,68,0,2
BRDA:469,68,1,2
BRDA:470,69,0,2
BRDA:470,69,1,0
BRDA:471,70,0,2
BRDA:471,70,1,2
BRDA:472,71,0,2
BRDA:472,71,1,0
BRDA:473,72,0,2
BRDA:473,72,1,2
BRDA:474,73,0,2
BRDA:474,73,1,0
BRDA:477,74,0,2
BRDA:477,74,1,0
BRDA:485,75,0,2
BRDA:485,75,1,1
BRDA:487,76,0,2
BRDA:487,76,1,1
BRDA:493,77,0,1
BRDA:493,77,1,1
BRDA:504,78,0,1
BRDA:504,78,1,1
BRDA:504,79,0,2
BRDA:504,79,1,2
BRDA:512,80,0,0
BRDA:512,80,1,0
BRDA:525,81,0,3
BRDA:528,82,0,0
BRDA:528,82,1,3
BRDA:535,83,0,2
BRDA:535,83,1,1
BRDA:535,84,0,3
BRDA:535,84,1,2
BRDA:536,85,0,2
BRDA:536,85,1,0
BRDA:539,86,0,1
BRDA:539,86,1,1
BRDA:539,87,0,2
BRDA:539,87,1,1
BRDA:539,87,2,1
BRDA:566,88,0,2
BRDA:566,88,1,0
BRDA:567,89,0,2
BRDA:567,89,1,0
BRDA:570,90,0,2
BRDA:570,90,1,0
BRDA:571,91,0,2
BRDA:571,91,1,0
BRDA:572,92,0,2
BRDA:572,92,1,0
BRDA:573,93,0,2
BRDA:573,93,1,0
BRDA:574,94,0,2
BRDA:574,94,1,0
BRDA:575,95,0,2
BRDA:575,95,1,0
BRDA:576,96,0,2
BRDA:576,96,1,2
BRDA:577,97,0,2
BRDA:577,97,1,0
BRDA:578,98,0,2
BRDA:578,98,1,2
BRDA:579,99,0,2
BRDA:579,99,1,0
BRDA:580,100,0,2
BRDA:580,100,1,2
BRDA:581,101,0,2
BRDA:581,101,1,0
BRDA:584,102,0,2
BRDA:584,102,1,0
BRDA:588,103,0,2
BRDA:588,103,1,1
BRDA:590,104,0,2
BRDA:590,104,1,1
BRDA:596,105,0,1
BRDA:596,105,1,1
BRDA:614,106,0,1
BRDA:614,106,1,1
BRDA:614,107,0,2
BRDA:614,107,1,2
BRDA:622,108,0,0
BRDA:622,108,1,0
BRF:215
BRH:163
end_of_record
TN:
SF:src\service\kodadot\index.ts
FN:51,getOwnedNfts
FNF:1
FNH:0
FNDA:0,getOwnedNfts
DA:1,10
DA:2,10
DA:3,10
DA:5,10
DA:51,10
DA:55,0
DA:56,0
DA:62,0
DA:69,0
DA:70,0
DA:78,0
DA:80,0
DA:81,0
DA:99,0
DA:105,0
DA:111,0
DA:115,0
DA:116,0
DA:121,0
DA:122,0
LF:20
LH:5
BRDA:53,0,0,0
BRDA:56,1,0,0
BRDA:56,1,1,0
BRDA:57,2,0,0
BRDA:57,2,1,0
BRDA:57,2,2,0
BRDA:57,2,3,0
BRDA:69,3,0,0
BRDA:69,3,1,0
BRDA:105,4,0,0
BRDA:105,4,1,0
BRDA:106,5,0,0
BRDA:106,5,1,0
BRDA:106,5,2,0
BRDA:106,5,3,0
BRDA:118,6,0,0
BRDA:118,6,1,0
BRF:17
BRH:0
end_of_record
TN:
SF:src\service\score\calculateScore.ts
FN:5,calculateLongevityScore
FN:17,calculateTxCountScore
FN:27,calculateTxVolumeScore
FN:37,calculateModulesScore
FN:46,calculateGovernanceScore
FN:64,calculateStakingRewardsScore
FN:77,calculateStakingNominatorsScore
FN:89,calculateStakingSlashScore
FN:102,calculateTokenDiversityScore
FN:111,calculateNftHoldingsScore
FN:120,calculateNftActivityScore
FN:128,calculateExtrinsicDepthScore
FNF:12
FNH:12
FNDA:3,calculateLongevityScore
FNDA:3,calculateTxCountScore
FNDA:3,calculateTxVolumeScore
FNDA:3,calculateModulesScore
FNDA:3,calculateGovernanceScore
FNDA:3,calculateStakingRewardsScore
FNDA:3,calculateStakingNominatorsScore
FNDA:3,calculateStakingSlashScore
FNDA:3,calculateTokenDiversityScore
FNDA:3,calculateNftHoldingsScore
FNDA:3,calculateNftActivityScore
FNDA:3,calculateExtrinsicDepthScore
DA:1,7
DA:2,7
DA:5,7
DA:8,3
DA:9,0
DA:10,0
DA:11,0
DA:12,0
DA:13,0
DA:14,0
DA:17,7
DA:18,3
DA:19,2
DA:20,2
DA:21,0
DA:22,0
DA:23,0
DA:24,0
DA:27,7
DA:30,3
DA:31,0
DA:32,3
DA:33,3
DA:34,3
DA:37,7
DA:40,3
DA:41,3
DA:42,3
DA:43,3
DA:46,7
DA:50,3
DA:53,0
DA:54,0
DA:57,0
DA:58,0
DA:59,0
DA:60,0
DA:61,0
DA:64,7
DA:67,3
DA:68,3
DA:69,1
DA:70,2
DA:71,0
DA:72,2
DA:73,0
DA:74,2
DA:77,7
DA:80,3
DA:81,0
DA:82,3
DA:83,0
DA:84,3
DA:85,0
DA:86,3
DA:89,7
DA:92,3
DA:93,0
DA:94,3
DA:95,0
DA:99,3
DA:102,7
DA:105,3
DA:106,3
DA:107,3
DA:108,3
DA:111,7
DA:114,3
DA:115,3
DA:116,3
DA:117,3
DA:120,7
DA:123,3
DA:124,3
DA:125,3
DA:128,7
DA:131,3
DA:132,0
DA:133,3
DA:134,0
DA:135,3
DA:136,0
DA:137,3
DA:138,0
DA:139,3
DA:140,0
DA:141,3
DA:142,0
DA:143,3
LF:89
LH:58
BRDA:8,0,0,3
BRDA:8,0,1,0
BRDA:9,1,0,0
BRDA:9,1,1,0
BRDA:10,2,0,0
BRDA:10,2,1,0
BRDA:11,3,0,0
BRDA:11,3,1,0
BRDA:12,4,0,0
BRDA:12,4,1,0
BRDA:13,5,0,0
BRDA:13,5,1,0
BRDA:18,6,0,1
BRDA:18,6,1,2
BRDA:19,7,0,0
BRDA:19,7,1,2
BRDA:20,8,0,2
BRDA:20,8,1,0
BRDA:21,9,0,0
BRDA:21,9,1,0
BRDA:22,10,0,0
BRDA:22,10,1,0
BRDA:23,11,0,0
BRDA:23,11,1,0
BRDA:30,12,0,0
BRDA:30,12,1,3
BRDA:32,13,0,0
BRDA:32,13,1,3
BRDA:33,14,0,0
BRDA:33,14,1,3
BRDA:40,15,0,0
BRDA:40,15,1,3
BRDA:41,16,0,0
BRDA:41,16,1,3
BRDA:42,17,0,0
BRDA:42,17,1,3
BRDA:50,18,0,3
BRDA:50,18,1,0
BRDA:53,19,0,0
BRDA:53,19,1,0
BRDA:57,20,0,0
BRDA:57,20,1,0
BRDA:59,21,0,0
BRDA:59,21,1,0
BRDA:68,22,0,1
BRDA:68,22,1,2
BRDA:70,23,0,0
BRDA:70,23,1,2
BRDA:72,24,0,0
BRDA:72,24,1,2
BRDA:80,25,0,0
BRDA:80,25,1,3
BRDA:82,26,0,0
BRDA:82,26,1,3
BRDA:84,27,0,0
BRDA:84,27,1,3
BRDA:92,28,0,0
BRDA:92,28,1,3
BRDA:94,29,0,0
BRDA:94,29,1,3
BRDA:105,30,0,0
BRDA:105,30,1,3
BRDA:106,31,0,0
BRDA:106,31,1,3
BRDA:107,32,0,0
BRDA:107,32,1,3
BRDA:114,33,0,0
BRDA:114,33,1,3
BRDA:115,34,0,0
BRDA:115,34,1,3
BRDA:116,35,0,0
BRDA:116,35,1,3
BRDA:123,36,0,0
BRDA:123,36,1,3
BRDA:124,37,0,0
BRDA:124,37,1,3
BRDA:131,38,0,0
BRDA:131,38,1,3
BRDA:133,39,0,0
BRDA:133,39,1,3
BRDA:135,40,0,0
BRDA:135,40,1,3
BRDA:137,41,0,0
BRDA:137,41,1,3
BRDA:139,42,0,0
BRDA:139,42,1,3
BRDA:141,43,0,0
BRDA:141,43,1,3
BRF:88
BRH:35
end_of_record
TN:
SF:src\service\score\index.ts
FN:46,classifyError
FN:67,fetchAndProcessOnChainData
FN:73,(anonymous_2)
FN:106,(anonymous_3)
FN:109,(anonymous_4)
FN:112,(anonymous_5)
FN:115,(anonymous_6)
FN:118,(anonymous_7)
FN:121,(anonymous_8)
FN:128,(anonymous_9)
FN:131,(anonymous_10)
FN:149,(anonymous_11)
FN:150,(anonymous_12)
FN:152,(anonymous_13)
FN:153,(anonymous_14)
FN:155,(anonymous_15)
FN:182,calculateScore
FN:192,(anonymous_17)
FN:229,(anonymous_18)
FN:247,(anonymous_19)
FN:271,areCategoriesEqual
FN:291,updateUserScore
FN:305,(anonymous_22)
FNF:23
FNH:7
FNDA:0,classifyError
FNDA:3,fetchAndProcessOnChainData
FNDA:0,(anonymous_2)
FNDA:0,(anonymous_3)
FNDA:0,(anonymous_4)
FNDA:0,(anonymous_5)
FNDA:0,(anonymous_6)
FNDA:0,(anonymous_7)
FNDA:0,(anonymous_8)
FNDA:0,(anonymous_9)
FNDA:0,(anonymous_10)
FNDA:0,(anonymous_11)
FNDA:0,(anonymous_12)
FNDA:0,(anonymous_13)
FNDA:0,(anonymous_14)
FNDA:0,(anonymous_15)
FNDA:3,calculateScore
FNDA:36,(anonymous_17)
FNDA:36,(anonymous_18)
FNDA:36,(anonymous_19)
FNDA:0,areCategoriesEqual
FNDA:2,updateUserScore
FNDA:24,(anonymous_22)
DA:1,7
DA:2,7
DA:3,7
DA:4,7
DA:6,7
DA:7,7
DA:9,7
DA:10,7
DA:21,7
DA:35,7
DA:36,7
DA:47,0
DA:48,0
DA:50,0
DA:51,0
DA:53,0
DA:54,0
DA:56,0
DA:57,0
DA:59,0
DA:70,3
DA:73,3
DA:78,0
DA:79,0
DA:85,0
DA:92,0
DA:105,3
DA:107,0
DA:110,0
DA:113,0
DA:116,0
DA:119,0
DA:122,0
DA:129,0
DA:132,0
DA:137,3
DA:141,3
DA:142,3
DA:144,0
DA:148,3
DA:149,0
DA:150,0
DA:151,3
DA:152,0
DA:153,0
DA:154,3
DA:155,0
DA:158,3
DA:182,7
DA:183,3
DA:184,3
DA:186,3
DA:191,3
DA:192,36
DA:198,3
DA:200,3
DA:228,3
DA:231,36
DA:232,36
DA:246,3
DA:247,36
DA:251,3
DA:253,3
DA:260,0
DA:261,0
DA:262,0
DA:275,0
DA:276,0
DA:279,0
DA:291,7
DA:292,2
DA:293,2
DA:294,0
DA:296,2
DA:298,2
DA:301,2
DA:304,2
DA:305,24
DA:309,2
DA:310,2
DA:316,2
DA:317,0
DA:320,2
DA:323,2
DA:324,1
DA:329,1
DA:330,1
DA:331,1
DA:332,1
DA:337,1
DA:340,1
DA:341,0
DA:342,0
DA:343,0
DA:344,0
DA:350,1
DA:351,1
DA:352,1
DA:361,1
DA:367,1
DA:368,1
DA:369,1
DA:371,1
DA:372,1
DA:374,1
LF:105
LH:66
BRDA:47,0,0,0
BRDA:47,0,1,0
BRDA:47,1,0,0
BRDA:47,1,1,0
BRDA:50,2,0,0
BRDA:50,2,1,0
BRDA:50,3,0,0
BRDA:50,3,1,0
BRDA:53,4,0,0
BRDA:53,4,1,0
BRDA:53,5,0,0
BRDA:53,5,1,0
BRDA:56,6,0,0
BRDA:56,6,1,0
BRDA:88,7,0,0
BRDA:88,7,1,0
BRDA:148,8,0,3
BRDA:148,8,1,0
BRDA:149,9,0,0
BRDA:149,9,1,0
BRDA:151,10,0,3
BRDA:151,10,1,0
BRDA:152,11,0,0
BRDA:152,11,1,0
BRDA:155,12,0,3
BRDA:155,12,1,0
BRDA:161,13,0,3
BRDA:161,13,1,0
BRDA:164,14,0,3
BRDA:164,14,1,0
BRDA:165,15,0,3
BRDA:165,15,1,0
BRDA:166,16,0,3
BRDA:166,16,1,0
BRDA:167,17,0,3
BRDA:167,17,1,0
BRDA:169,18,0,3
BRDA:169,18,1,0
BRDA:170,19,0,3
BRDA:170,19,1,0
BRDA:172,20,0,3
BRDA:172,20,1,0
BRDA:236,21,0,36
BRDA:236,21,1,0
BRDA:256,22,0,0
BRDA:256,22,1,3
BRDA:275,23,0,0
BRDA:275,23,1,0
BRDA:293,24,0,0
BRDA:293,24,1,2
BRDA:293,25,0,2
BRDA:293,25,1,2
BRDA:293,25,2,2
BRDA:316,26,0,0
BRDA:316,26,1,2
BRDA:316,27,0,2
BRDA:316,27,1,0
BRDA:323,28,0,1
BRDA:323,28,1,1
BRDA:337,29,0,1
BRDA:337,29,1,0
BRDA:340,30,0,0
BRDA:340,30,1,1
BRDA:356,31,0,1
BRDA:356,31,1,0
BRDA:356,31,2,0
BRF:66
BRH:24
end_of_record
TN:
SF:src\service\score\scoreDefinitions.ts
FN:22,(anonymous_0)
FN:38,(anonymous_1)
FN:84,(anonymous_2)
FN:122,(anonymous_3)
FN:160,(anonymous_4)
FN:198,(anonymous_5)
FN:236,(anonymous_6)
FN:275,(anonymous_7)
FN:316,(anonymous_8)
FN:346,(anonymous_9)
FN:385,(anonymous_10)
FN:423,(anonymous_11)
FN:453,(anonymous_12)
FN:512,getReasonDetail
FNF:14
FNH:13
FNDA:9,(anonymous_0)
FNDA:9,(anonymous_1)
FNDA:9,(anonymous_2)
FNDA:9,(anonymous_3)
FNDA:9,(anonymous_4)
FNDA:9,(anonymous_5)
FNDA:9,(anonymous_6)
FNDA:9,(anonymous_7)
FNDA:9,(anonymous_8)
FNDA:9,(anonymous_9)
FNDA:9,(anonymous_10)
FNDA:9,(anonymous_11)
FNDA:9,(anonymous_12)
FNDA:0,getReasonDetail
DA:22,9
DA:23,9
DA:24,9
DA:25,9
DA:26,9
DA:27,9
DA:28,9
DA:29,9
DA:30,9
DA:31,9
DA:32,9
DA:33,9
DA:34,9
DA:38,9
DA:39,9
DA:40,9
DA:41,9
DA:42,9
DA:43,9
DA:45,9
DA:84,9
DA:85,9
DA:86,9
DA:87,9
DA:88,9
DA:90,9
DA:122,9
DA:123,9
DA:124,9
DA:125,9
DA:126,9
DA:128,9
DA:160,9
DA:161,9
DA:162,9
DA:163,9
DA:164,9
DA:166,9
DA:198,9
DA:199,9
DA:200,9
DA:201,9
DA:202,9
DA:204,9
DA:236,9
DA:237,9
DA:238,9
DA:239,9
DA:240,9
DA:242,9
DA:275,9
DA:276,9
DA:277,9
DA:278,9
DA:279,9
DA:281,9
DA:316,9
DA:317,9
DA:318,9
DA:319,9
DA:321,9
DA:346,9
DA:347,9
DA:348,9
DA:349,9
DA:350,9
DA:352,9
DA:385,9
DA:386,9
DA:387,9
DA:388,9
DA:389,9
DA:391,9
DA:423,9
DA:424,9
DA:425,9
DA:426,9
DA:428,9
DA:453,9
DA:454,9
DA:455,9
DA:456,9
DA:457,9
DA:459,9
DA:494,9
DA:512,9
DA:516,0
LF:87
LH:86
BRDA:22,0,0,9
BRDA:22,0,1,9
BRDA:38,1,0,9
BRDA:38,1,1,9
BRDA:84,2,0,9
BRDA:84,2,1,9
BRDA:122,3,0,9
BRDA:122,3,1,9
BRDA:160,4,0,9
BRDA:160,4,1,9
BRDA:198,5,0,9
BRDA:198,5,1,9
BRDA:236,6,0,9
BRDA:236,6,1,9
BRDA:275,7,0,9
BRDA:275,7,1,9
BRDA:316,8,0,9
BRDA:316,8,1,9
BRDA:346,9,0,9
BRDA:346,9,1,9
BRDA:385,10,0,9
BRDA:385,10,1,9
BRDA:423,11,0,9
BRDA:423,11,1,9
BRDA:453,12,0,9
BRDA:453,12,1,9
BRF:26
BRH:26
end_of_record
TN:
SF:src\service\score\types.ts
FN:82,(anonymous_0)
FN:102,(anonymous_1)
FNF:2
FNH:2
FNDA:8,(anonymous_0)
FNDA:8,(anonymous_1)
DA:82,8
DA:86,8
DA:91,8
DA:96,8
DA:102,8
DA:103,8
DA:104,8
DA:105,8
DA:106,8
DA:107,8
LF:10
LH:10
BRDA:82,0,0,8
BRDA:82,0,1,8
BRDA:102,1,0,8
BRDA:102,1,1,8
BRF:4
BRH:4
end_of_record
TN:
SF:src\service\subscan\index.ts
FN:37,clearSubscanCache
FN:49,clearAddressCache
FN:71,withCache
FN:75,(anonymous_4)
FN:102,_fetchBalanceHistory
FN:122,_fetchAccountTokenList
FN:140,_fetchStakingRewardSum
FN:165,_fetchTransfersList
FN:209,_fetchEventsList
FN:273,_fetchNominatorInfo
FN:291,_fetchVotedValidatorsList
FN:309,_fetchAccountRewardSlashList
FN:355,_fetchExtrinsicsList
FN:397,_fetchReferendaVotes
FN:449,_fetchAccountAgeDays
FN:470,_fetchAccountDetailsByAddress
FNF:16
FNH:14
FNDA:0,clearSubscanCache
FNDA:0,clearAddressCache
FNDA:132,withCache
FNDA:13,(anonymous_4)
FNDA:1,_fetchBalanceHistory
FNDA:1,_fetchAccountTokenList
FNDA:1,_fetchStakingRewardSum
FNDA:1,_fetchTransfersList
FNDA:1,_fetchEventsList
FNDA:1,_fetchNominatorInfo
FNDA:1,_fetchVotedValidatorsList
FNDA:1,_fetchAccountRewardSlashList
FNDA:2,_fetchExtrinsicsList
FNDA:1,_fetchReferendaVotes
FNDA:1,_fetchAccountAgeDays
FNDA:1,_fetchAccountDetailsByAddress
DA:1,11
DA:2,11
DA:3,11
DA:4,11
DA:27,11
DA:30,11
DA:37,11
DA:38,0
DA:39,0
DA:40,0
DA:41,0
DA:49,11
DA:51,0
DA:52,0
DA:55,0
DA:56,0
DA:57,0
DA:58,0
DA:62,0
DA:75,132
DA:78,13
DA:81,13
DA:82,13
DA:83,0
DA:84,0
DA:88,13
DA:89,13
DA:92,13
DA:94,13
DA:107,1
DA:108,1
DA:112,1
DA:114,0
DA:115,0
DA:125,1
DA:126,1
DA:130,1
DA:132,0
DA:133,0
DA:146,1
DA:147,1
DA:148,1
DA:149,1
DA:151,1
DA:155,1
DA:157,0
DA:158,0
DA:184,1
DA:186,1
DA:187,1
DA:188,1
DA:189,1
DA:191,1
DA:195,1
DA:201,0
DA:202,0
DA:241,1
DA:243,1
DA:244,1
DA:245,1
DA:246,1
DA:247,1
DA:248,1
DA:249,1
DA:250,0
DA:251,1
DA:252,1
DA:253,1
DA:254,1
DA:256,1
DA:260,1
DA:265,0
DA:266,0
DA:276,1
DA:277,1
DA:281,1
DA:283,0
DA:284,0
DA:294,1
DA:295,1
DA:299,1
DA:301,0
DA:302,0
DA:329,1
DA:331,1
DA:332,1
DA:333,1
DA:334,1
DA:335,1
DA:336,1
DA:338,1
DA:342,1
DA:347,0
DA:348,0
DA:373,2
DA:375,2
DA:376,2
DA:377,2
DA:378,2
DA:380,2
DA:384,2
DA:389,0
DA:390,0
DA:419,1
DA:421,1
DA:422,1
DA:423,1
DA:424,0
DA:425,1
DA:426,1
DA:427,1
DA:429,1
DA:434,1
DA:439,0
DA:440,0
DA:450,1
DA:452,1
DA:458,1
DA:460,1
DA:461,1
DA:462,1
DA:464,0
DA:466,0
DA:471,1
DA:473,1
DA:474,1
DA:475,0
DA:478,1
DA:483,1
DA:485,0
DA:486,0
DA:497,11
DA:501,11
DA:505,11
DA:509,11
DA:513,11
DA:514,11
DA:518,11
DA:522,11
DA:526,11
DA:530,11
DA:534,11
DA:539,11
LF:143
LH:103
BRDA:40,0,0,0
BRDA:40,0,1,0
BRDA:56,1,0,0
BRDA:56,1,1,0
BRDA:82,2,0,0
BRDA:82,2,1,13
BRDA:116,3,0,0
BRDA:116,3,1,0
BRDA:134,4,0,0
BRDA:134,4,1,0
BRDA:149,5,0,1
BRDA:149,5,1,0
BRDA:159,6,0,0
BRDA:159,6,1,0
BRDA:180,7,0,1
BRDA:182,8,0,1
BRDA:183,9,0,1
BRDA:188,10,0,0
BRDA:188,10,1,1
BRDA:189,11,0,0
BRDA:189,11,1,1
BRDA:203,12,0,0
BRDA:203,12,1,0
BRDA:237,13,0,1
BRDA:238,14,0,1
BRDA:240,15,0,1
BRDA:245,16,0,0
BRDA:245,16,1,1
BRDA:246,17,0,0
BRDA:246,17,1,1
BRDA:247,18,0,0
BRDA:247,18,1,1
BRDA:248,19,0,0
BRDA:248,19,1,1
BRDA:249,20,0,0
BRDA:249,20,1,1
BRDA:251,21,0,1
BRDA:251,21,1,0
BRDA:252,22,0,0
BRDA:252,22,1,1
BRDA:253,23,0,1
BRDA:253,23,1,0
BRDA:254,24,0,0
BRDA:254,24,1,1
BRDA:267,25,0,0
BRDA:267,25,1,0
BRDA:285,26,0,0
BRDA:285,26,1,0
BRDA:303,27,0,0
BRDA:303,27,1,0
BRDA:327,28,0,1
BRDA:328,29,0,1
BRDA:333,30,0,0
BRDA:333,30,1,1
BRDA:334,31,0,1
BRDA:334,31,1,0
BRDA:335,32,0,0
BRDA:335,32,1,1
BRDA:336,33,0,0
BRDA:336,33,1,1
BRDA:349,34,0,0
BRDA:349,34,1,0
BRDA:370,35,0,1
BRDA:371,36,0,1
BRDA:372,37,0,1
BRDA:377,38,0,0
BRDA:377,38,1,2
BRDA:378,39,0,0
BRDA:378,39,1,2
BRDA:391,40,0,0
BRDA:391,40,1,0
BRDA:412,41,0,1
BRDA:413,42,0,1
BRDA:415,43,0,1
BRDA:423,44,0,0
BRDA:423,44,1,1
BRDA:425,45,0,0
BRDA:425,45,1,1
BRDA:426,46,0,0
BRDA:426,46,1,1
BRDA:427,47,0,0
BRDA:427,47,1,1
BRDA:441,48,0,0
BRDA:441,48,1,0
BRDA:458,49,0,0
BRDA:458,49,1,1
BRDA:458,50,0,1
BRDA:458,50,1,1
BRDA:474,51,0,0
BRDA:474,51,1,1
BRDA:474,52,0,1
BRDA:474,52,1,1
BRDA:487,53,0,0
BRDA:487,53,1,0
BRF:94
BRH:43
end_of_record
TN:
SF:src\service\subscan\subscanClient.ts
FN:32,(anonymous_1)
FN:49,(anonymous_2)
FN:50,(anonymous_3)
FN:64,(anonymous_4)
FN:91,subscanRequest
FN:102,(anonymous_6)
FNF:6
FNH:0
FNDA:0,(anonymous_1)
FNDA:0,(anonymous_2)
FNDA:0,(anonymous_3)
FNDA:0,(anonymous_4)
FNDA:0,subscanRequest
FNDA:0,(anonymous_6)
DA:1,11
DA:2,11
DA:3,11
DA:4,11
DA:5,11
DA:7,11
DA:8,11
DA:11,11
DA:14,11
DA:22,11
DA:32,11
DA:33,0
DA:34,0
DA:35,0
DA:37,0
DA:38,0
DA:44,0
DA:48,11
DA:49,0
DA:51,0
DA:52,0
DA:53,0
DA:55,0
DA:57,0
DA:58,0
DA:64,0
DA:65,0
DA:69,0
DA:78,0
DA:79,0
DA:80,0
DA:91,11
DA:96,0
DA:101,0
DA:102,0
DA:103,0
DA:105,0
DA:108,0
DA:109,0
DA:114,0
DA:116,0
LF:41
LH:13
BRDA:8,0,0,0
BRDA:8,0,1,11
BRDA:37,1,0,0
BRDA:37,1,1,0
BRDA:37,2,0,0
BRDA:37,2,1,0
BRDA:37,2,2,0
BRDA:55,3,0,0
BRDA:55,3,1,0
BRDA:57,4,0,0
BRDA:57,4,1,0
BRDA:78,5,0,0
BRDA:78,5,1,0
BRDA:79,6,0,0
BRDA:79,6,1,0
BRDA:93,7,0,0
BRDA:94,8,0,0
BRDA:108,9,0,0
BRDA:108,9,1,0
BRDA:114,10,0,0
BRDA:114,10,1,0
BRF:21
BRH:1
end_of_record
TN:
SF:src\test\helper.ts
FN:37,(anonymous_10)
FN:67,generateSandboxTokens
FN:89,generateExpiredSandboxToken
FN:100,generateSandboxRefreshTokenOnly
FN:112,createSandboxUser
FN:175,createApiUserWithData
FN:191,(anonymous_16)
FNF:7
FNH:5
FNDA:7,(anonymous_10)
FNDA:39,generateSandboxTokens
FNDA:2,generateExpiredSandboxToken
FNDA:2,generateSandboxRefreshTokenOnly
FNDA:29,createSandboxUser
FNDA:0,createApiUserWithData
FNDA:0,(anonymous_16)
DA:1,10
DA:2,10
DA:3,10
DA:4,10
DA:5,10
DA:6,10
DA:7,10
DA:8,10
DA:21,10
DA:24,10
DA:25,10
DA:28,10
DA:37,10
DA:41,7
DA:44,7
DA:48,7
DA:51,7
DA:54,7
DA:57,7
DA:67,10
DA:71,39
DA:77,39
DA:83,39
DA:89,10
DA:90,2
DA:100,10
DA:101,2
DA:112,10
DA:128,29
DA:131,29
DA:132,29
DA:133,29
DA:134,29
DA:137,29
DA:139,29
DA:141,29
DA:162,29
DA:164,29
DA:175,10
DA:189,0
DA:191,0
DA:193,0
DA:194,0
DA:218,0
LF:44
LH:39
BRDA:28,0,0,10
BRDA:28,0,1,0
BRDA:38,1,0,7
BRDA:112,2,0,0
BRDA:124,3,0,0
BRDA:125,4,0,23
BRDA:126,5,0,29
BRDA:127,6,0,29
BRDA:175,7,0,0
BRDA:186,8,0,0
BRDA:187,9,0,0
BRDA:188,10,0,0
BRF:12
BRH:5
end_of_record
TN:
SF:src\types\enum.ts
FN:1,(anonymous_0)
FNF:1
FNH:1
FNDA:27,(anonymous_0)
DA:1,27
DA:2,27
DA:3,27
DA:4,27
LF:4
LH:4
BRDA:1,0,0,27
BRDA:1,0,1,27
BRF:2
BRH:2
end_of_record
TN:
SF:src\utils\authTokens.ts
FN:11,generateAccessToken
FN:24,generateRefreshToken
FNF:2
FNH:1
FNDA:19,generateAccessToken
FNDA:0,generateRefreshToken
DA:3,5
DA:4,5
DA:11,5
DA:12,19
DA:24,5
DA:25,0
LF:6
LH:5
BRF:0
BRH:0
end_of_record
TN:
SF:src\utils\balanceFormatter.ts
FN:9,formatUnits
FN:28,parseUnits
FNF:2
FNH:1
FNDA:0,formatUnits
FNDA:3,parseUnits
DA:9,7
DA:10,0
DA:11,0
DA:13,0
DA:14,0
DA:17,0
DA:19,0
DA:28,7
DA:29,3
DA:30,3
DA:32,3
DA:33,3
DA:36,3
LF:13
LH:7
BRDA:9,0,0,0
BRDA:19,1,0,0
BRDA:19,1,1,0
BRDA:28,2,0,0
BRF:4
BRH:0
end_of_record
TN:
SF:src\utils\index.ts
FN:3,(anonymous_0)
FNF:1
FNH:0
FNDA:0,(anonymous_0)
DA:1,5
DA:3,5
DA:4,0
DA:6,0
DA:7,0
DA:9,0
LF:6
LH:2
BRF:0
BRH:0
end_of_record
TN:
SF:src\utils\logger.ts
FN:8,summarize
FN:26,(anonymous_1)
FN:62,(anonymous_2)
FN:79,(anonymous_3)
FNF:4
FNH:0
FNDA:0,summarize
FNDA:0,(anonymous_1)
FNDA:0,(anonymous_2)
FNDA:0,(anonymous_3)
DA:1,27
DA:2,27
DA:5,27
DA:10,0
DA:11,0
DA:13,0
DA:14,0
DA:17,0
DA:18,0
DA:21,0
DA:24,0
DA:25,0
DA:26,0
DA:27,0
DA:32,0
DA:33,0
DA:37,0
DA:38,0
DA:39,0
DA:43,0
DA:44,0
DA:45,0
DA:49,0
DA:50,0
DA:51,0
DA:55,0
DA:56,0
DA:57,0
DA:62,0
DA:63,0
DA:67,0
DA:68,0
DA:71,0
DA:74,27
DA:81,0
DA:86,27
DA:94,27
DA:105,27
DA:109,27
LF:39
LH:8
BRDA:10,0,0,0
BRDA:10,0,1,0
BRDA:10,1,0,0
BRDA:10,1,1,0
BRDA:10,1,2,0
BRDA:13,2,0,0
BRDA:13,2,1,0
BRDA:13,3,0,0
BRDA:13,3,1,0
BRDA:17,4,0,0
BRDA:17,4,1,0
BRDA:17,5,0,0
BRDA:17,5,1,0
BRDA:24,6,0,0
BRDA:24,6,1,0
BRDA:24,7,0,0
BRDA:24,7,1,0
BRDA:32,8,0,0
BRDA:32,8,1,0
BRDA:32,9,0,0
BRDA:32,9,1,0
BRDA:37,10,0,0
BRDA:37,10,1,0
BRDA:37,11,0,0
BRDA:37,11,1,0
BRDA:43,12,0,0
BRDA:43,12,1,0
BRDA:43,13,0,0
BRDA:43,13,1,0
BRDA:49,14,0,0
BRDA:49,14,1,0
BRDA:49,15,0,0
BRDA:49,15,1,0
BRDA:55,16,0,0
BRDA:55,16,1,0
BRDA:55,17,0,0
BRDA:55,17,1,0
BRDA:63,18,0,0
BRDA:63,18,1,0
BRDA:64,19,0,0
BRDA:64,19,1,0
BRDA:71,20,0,0
BRDA:71,20,1,0
BRDA:95,21,0,27
BRDA:95,21,1,27
BRF:45
BRH:2
end_of_record
